<?xml version="1.0" encoding="utf-8"?><testsuites name="pytest tests"><testsuite name="pytest" errors="0" failures="51" skipped="7" tests="498" time="19.551" timestamp="2025-08-16T23:41:43.256362-07:00" hostname="Gamepower"><testcase classname="tests.test_api_integration" name="test_server_startup_and_basic_endpoints" time="0.092" /><testcase classname="tests.test_api_integration" name="test_authentication_flow" time="0.030"><failure message="assert 500 == 401&#10; +  where 500 = &lt;Response [500 Internal Server Error]&gt;.status_code">client = &lt;starlette.testclient.TestClient object at 0x7f0ab9d14710&gt;

    def test_authentication_flow(client):
        """Test the authentication endpoints."""
        # Test login endpoint (should fail with invalid credentials)
        response = client.post("/api/v1/auth/login", json={
            "username": "testuser",
            "password": "testpass"
        })
&gt;       assert response.status_code == 401
E       assert 500 == 401
E        +  where 500 = &lt;Response [500 Internal Server Error]&gt;.status_code

tests/test_api_integration.py:58: AssertionError</failure></testcase><testcase classname="tests.test_api_integration" name="test_protected_endpoints_require_auth" time="0.032" /><testcase classname="tests.test_api_integration" name="test_middleware_functionality" time="0.029" /><testcase classname="tests.test_api_integration" name="test_cors_configuration" time="0.035" /><testcase classname="tests.test_api_integration" name="test_error_handling" time="0.036" /><testcase classname="tests.test_api_integration" name="test_async_functionality" time="0.039" /><testcase classname="tests.test_api_structure" name="test_root_endpoint" time="0.030" /><testcase classname="tests.test_api_structure" name="test_health_endpoint" time="0.030" /><testcase classname="tests.test_api_structure" name="test_security_headers" time="0.035" /><testcase classname="tests.test_api_structure" name="test_cors_headers" time="0.032" /><testcase classname="tests.test_api_structure" name="test_rate_limiting_headers" time="0.032" /><testcase classname="tests.test_api_structure" name="test_processing_time_header" time="0.031" /><testcase classname="tests.test_api_structure" name="test_therapeutic_safety_headers" time="0.028" /><testcase classname="tests.test_api_structure" name="test_auth_router_included" time="0.031"><failure message="assert 422 == 401&#10; +  where 422 = &lt;Response [422 Unprocessable Entity]&gt;.status_code">client = &lt;starlette.testclient.TestClient object at 0x7f0ab89e0390&gt;

    def test_auth_router_included(client):
        """Test that authentication router is included."""
        # Test a public auth endpoint
        response = client.post("/api/v1/auth/login", json={
            "username": "test",
            "password": "test"
        })
        # Should return 401 for invalid credentials, not 404
&gt;       assert response.status_code == 401
E       assert 422 == 401
E        +  where 422 = &lt;Response [422 Unprocessable Entity]&gt;.status_code

tests/test_api_structure.py:100: AssertionError</failure></testcase><testcase classname="tests.test_api_structure" name="test_players_router_included" time="0.027" /><testcase classname="tests.test_api_structure" name="test_characters_router_included" time="0.032" /><testcase classname="tests.test_api_structure" name="test_worlds_router_included" time="0.027" /><testcase classname="tests.test_api_structure" name="test_openapi_docs_available" time="0.154" /><testcase classname="tests.test_api_structure" name="test_authentication_middleware_public_routes" time="0.085" /><testcase classname="tests.test_api_structure" name="test_authentication_middleware_protected_routes" time="0.033" /><testcase classname="tests.test_api_structure" name="test_invalid_authorization_header" time="0.028" /><testcase classname="tests.test_character_avatar_manager.TestCharacterAvatarManager" name="test_create_character_invalid_data" time="0.001" /><testcase classname="tests.test_character_avatar_manager.TestCharacterAvatarManager" name="test_create_character_limit_exceeded" time="0.002" /><testcase classname="tests.test_character_avatar_manager.TestCharacterAvatarManager" name="test_create_character_success" time="0.001" /><testcase classname="tests.test_character_avatar_manager.TestCharacterAvatarManager" name="test_delete_character" time="0.001" /><testcase classname="tests.test_character_avatar_manager.TestCharacterAvatarManager" name="test_extract_personality_traits" time="0.001" /><testcase classname="tests.test_character_avatar_manager.TestCharacterAvatarManager" name="test_get_character" time="0.001" /><testcase classname="tests.test_character_avatar_manager.TestCharacterAvatarManager" name="test_get_character_statistics" time="0.001" /><testcase classname="tests.test_character_avatar_manager.TestCharacterAvatarManager" name="test_get_character_therapeutic_profile" time="0.001" /><testcase classname="tests.test_character_avatar_manager.TestCharacterAvatarManager" name="test_get_player_characters" time="0.001" /><testcase classname="tests.test_character_avatar_manager.TestCharacterAvatarManager" name="test_update_character" time="0.001" /><testcase classname="tests.test_character_avatar_manager.TestCharacterAvatarManager" name="test_update_character_therapeutic_profile" time="0.001" /><testcase classname="tests.test_character_avatar_manager.TestCharacterAvatarManagerIntegration" name="test_adapt_therapeutic_content_for_character" time="0.003" /><testcase classname="tests.test_character_avatar_manager.TestCharacterAvatarManagerIntegration" name="test_create_character_calls_development_system" time="0.002" /><testcase classname="tests.test_character_avatar_manager.TestCharacterAvatarManagerIntegration" name="test_create_character_calls_personalization_engine" time="0.003" /><testcase classname="tests.test_character_avatar_manager.TestCharacterAvatarManagerIntegration" name="test_get_character_personalization_recommendations" time="0.002" /><testcase classname="tests.test_character_avatar_manager.TestCharacterAvatarManagerIntegration" name="test_update_character_calls_personalization_engine" time="0.004" /><testcase classname="tests.test_character_management_api" name="test_characters_root_requires_auth" time="0.028" /><testcase classname="tests.test_character_management_api" name="test_list_characters_requires_auth" time="0.028" /><testcase classname="tests.test_character_management_api" name="test_get_character_requires_auth" time="0.029" /><testcase classname="tests.test_character_management_api" name="test_update_therapeutic_profile_requires_auth" time="0.028" /><testcase classname="tests.test_compatibility_checker.TestCompatibilityChecker" name="test_comprehensive_compatibility_calculation" time="0.001" /><testcase classname="tests.test_compatibility_checker.TestCompatibilityChecker" name="test_content_safety_compatibility" time="0.000" /><testcase classname="tests.test_compatibility_checker.TestCompatibilityChecker" name="test_custom_weights" time="0.000" /><testcase classname="tests.test_compatibility_checker.TestCompatibilityChecker" name="test_difficulty_appropriateness" time="0.001" /><testcase classname="tests.test_compatibility_checker.TestCompatibilityChecker" name="test_edge_cases" time="0.001" /><testcase classname="tests.test_compatibility_checker.TestCompatibilityChecker" name="test_initialization" time="0.001" /><testcase classname="tests.test_compatibility_checker.TestCompatibilityChecker" name="test_prerequisite_fulfillment" time="0.001" /><testcase classname="tests.test_compatibility_checker.TestCompatibilityChecker" name="test_recommendations_and_warnings_generation" time="0.001" /><testcase classname="tests.test_compatibility_checker.TestCompatibilityChecker" name="test_therapeutic_approach_alignment" time="0.000" /><testcase classname="tests.test_compatibility_checker.TestCompatibilityChecker" name="test_therapeutic_readiness_compatibility" time="0.000" /><testcase classname="tests.test_compatibility_checker.TestCompatibilityChecker" name="test_world_recommendations" time="0.001" /><testcase classname="tests.test_compatibility_checker.TestCompatibilityChecker" name="test_world_suitability_assessment" time="0.001" /><testcase classname="tests.test_components.TestComponents" name="test_carbon_component" time="3.763" /><testcase classname="tests.test_components.TestComponents" name="test_config_validation" time="0.000" /><testcase classname="tests.test_components.TestComponents" name="test_docker_component" time="0.001" /><testcase classname="tests.test_end_to_end_workflows.TestEndToEndUserWorkflows" name="test_complete_new_user_journey" time="0.036"><failure message="assert 422 == 201&#10; +  where 422 = &lt;Response [422 Unprocessable Entity]&gt;.status_code">self = &lt;tests.test_end_to_end_workflows.TestEndToEndUserWorkflows object at 0x7f0aba8b4450&gt;
client = &lt;starlette.testclient.TestClient object at 0x7f0aba5e7e90&gt;

    def test_complete_new_user_journey(self, client):
        """Test complete journey for a new user from registration to therapeutic interaction."""
        player_id = "new-user-123"
        token = create_auth_token(player_id, "newuser", "newuser@example.com")
        headers = {"Authorization": f"Bearer {token}"}

        # Step 1: Create player profile
        profile_data = {
            "username": "newuser",
            "email": "newuser@example.com",
            "therapeutic_preferences": {
                "intensity_level": "medium",
                "preferred_approaches": ["cbt", "mindfulness"],
                "trigger_warnings": ["violence"],
                "comfort_topics": ["relationships"],
                "avoid_topics": ["trauma"]
            },
            "privacy_settings": {
                "data_sharing_consent": True,
                "research_participation": False,
                "contact_preferences": ["email"]
            }
        }

        response = client.post("/api/v1/players/", json=profile_data, headers=headers)
&gt;       assert response.status_code == 201
E       assert 422 == 201
E        +  where 422 = &lt;Response [422 Unprocessable Entity]&gt;.status_code

tests/test_end_to_end_workflows.py:113: AssertionError</failure></testcase><testcase classname="tests.test_end_to_end_workflows.TestEndToEndUserWorkflows" name="test_multi_character_workflow" time="0.036"><failure message="AttributeError: 'TokenData' object has no attribute 'get'">+ Exception Group Traceback (most recent call last):
  |   File "/home/thein/projects/projects/TTA/.venv/lib/python3.11/site-packages/starlette/_utils.py", line 77, in collapse_excgroups
  |     yield
  |   File "/home/thein/projects/projects/TTA/.venv/lib/python3.11/site-packages/starlette/middleware/base.py", line 183, in __call__
  |     async with anyio.create_task_group() as task_group:
  |   File "/home/thein/projects/projects/TTA/.venv/lib/python3.11/site-packages/anyio/_backends/_asyncio.py", line 772, in __aexit__
  |     raise BaseExceptionGroup(
  | ExceptionGroup: unhandled errors in a TaskGroup (1 sub-exception)
  +-+---------------- 1 ----------------
    | Traceback (most recent call last):
    |   File "/home/thein/projects/projects/TTA/.venv/lib/python3.11/site-packages/_pytest/runner.py", line 344, in from_call
    |     result: TResult | None = func()
    |                              ^^^^^^
    |   File "/home/thein/projects/projects/TTA/.venv/lib/python3.11/site-packages/_pytest/runner.py", line 246, in &lt;lambda&gt;
    |     lambda: runtest_hook(item=item, **kwds), when=when, reraise=reraise
    |             ^^^^^^^^^^^^^^^^^^^^^^^^^^^^^^^
    |   File "/home/thein/projects/projects/TTA/.venv/lib/python3.11/site-packages/pluggy/_hooks.py", line 512, in __call__
    |     return self._hookexec(self.name, self._hookimpls.copy(), kwargs, firstresult)
    |            ^^^^^^^^^^^^^^^^^^^^^^^^^^^^^^^^^^^^^^^^^^^^^^^^^^^^^^^^^^^^^^^^^^^^^^
    |   File "/home/thein/projects/projects/TTA/.venv/lib/python3.11/site-packages/pluggy/_manager.py", line 120, in _hookexec
    |     return self._inner_hookexec(hook_name, methods, kwargs, firstresult)
    |            ^^^^^^^^^^^^^^^^^^^^^^^^^^^^^^^^^^^^^^^^^^^^^^^^^^^^^^^^^^^^^
    |   File "/home/thein/projects/projects/TTA/.venv/lib/python3.11/site-packages/pluggy/_callers.py", line 167, in _multicall
    |     raise exception
    |   File "/home/thein/projects/projects/TTA/.venv/lib/python3.11/site-packages/pluggy/_callers.py", line 139, in _multicall
    |     teardown.throw(exception)
    |   File "/home/thein/projects/projects/TTA/.venv/lib/python3.11/site-packages/_pytest/logging.py", line 850, in pytest_runtest_call
    |     yield
    |   File "/home/thein/projects/projects/TTA/.venv/lib/python3.11/site-packages/pluggy/_callers.py", line 139, in _multicall
    |     teardown.throw(exception)
    |   File "/home/thein/projects/projects/TTA/.venv/lib/python3.11/site-packages/_pytest/capture.py", line 900, in pytest_runtest_call
    |     return (yield)
    |             ^^^^^
    |   File "/home/thein/projects/projects/TTA/.venv/lib/python3.11/site-packages/pluggy/_callers.py", line 139, in _multicall
    |     teardown.throw(exception)
    |   File "/home/thein/projects/projects/TTA/.venv/lib/python3.11/site-packages/pluggy/_callers.py", line 53, in run_old_style_hookwrapper
    |     return result.get_result()
    |            ^^^^^^^^^^^^^^^^^^^
    |   File "/home/thein/projects/projects/TTA/.venv/lib/python3.11/site-packages/pluggy/_result.py", line 103, in get_result
    |     raise exc.with_traceback(tb)
    |   File "/home/thein/projects/projects/TTA/.venv/lib/python3.11/site-packages/pluggy/_callers.py", line 38, in run_old_style_hookwrapper
    |     res = yield
    |           ^^^^^
    |   File "/home/thein/projects/projects/TTA/.venv/lib/python3.11/site-packages/pluggy/_callers.py", line 139, in _multicall
    |     teardown.throw(exception)
    |   File "/home/thein/projects/projects/TTA/.venv/lib/python3.11/site-packages/_pytest/skipping.py", line 263, in pytest_runtest_call
    |     return (yield)
    |             ^^^^^
    |   File "/home/thein/projects/projects/TTA/.venv/lib/python3.11/site-packages/pluggy/_callers.py", line 121, in _multicall
    |     res = hook_impl.function(*args)
    |           ^^^^^^^^^^^^^^^^^^^^^^^^^
    |   File "/home/thein/projects/projects/TTA/.venv/lib/python3.11/site-packages/_pytest/runner.py", line 178, in pytest_runtest_call
    |     item.runtest()
    |   File "/home/thein/projects/projects/TTA/.venv/lib/python3.11/site-packages/_pytest/python.py", line 1671, in runtest
    |     self.ihook.pytest_pyfunc_call(pyfuncitem=self)
    |   File "/home/thein/projects/projects/TTA/.venv/lib/python3.11/site-packages/pluggy/_hooks.py", line 512, in __call__
    |     return self._hookexec(self.name, self._hookimpls.copy(), kwargs, firstresult)
    |            ^^^^^^^^^^^^^^^^^^^^^^^^^^^^^^^^^^^^^^^^^^^^^^^^^^^^^^^^^^^^^^^^^^^^^^
    |   File "/home/thein/projects/projects/TTA/.venv/lib/python3.11/site-packages/pluggy/_manager.py", line 120, in _hookexec
    |     return self._inner_hookexec(hook_name, methods, kwargs, firstresult)
    |            ^^^^^^^^^^^^^^^^^^^^^^^^^^^^^^^^^^^^^^^^^^^^^^^^^^^^^^^^^^^^^
    |   File "/home/thein/projects/projects/TTA/.venv/lib/python3.11/site-packages/pluggy/_callers.py", line 167, in _multicall
    |     raise exception
    |   File "/home/thein/projects/projects/TTA/.venv/lib/python3.11/site-packages/pluggy/_callers.py", line 139, in _multicall
    |     teardown.throw(exception)
    |   File "/home/thein/projects/projects/TTA/.venv/lib/python3.11/site-packages/pluggy/_callers.py", line 53, in run_old_style_hookwrapper
    |     return result.get_result()
    |            ^^^^^^^^^^^^^^^^^^^
    |   File "/home/thein/projects/projects/TTA/.venv/lib/python3.11/site-packages/pluggy/_result.py", line 103, in get_result
    |     raise exc.with_traceback(tb)
    |   File "/home/thein/projects/projects/TTA/.venv/lib/python3.11/site-packages/pluggy/_callers.py", line 38, in run_old_style_hookwrapper
    |     res = yield
    |           ^^^^^
    |   File "/home/thein/projects/projects/TTA/.venv/lib/python3.11/site-packages/pluggy/_callers.py", line 121, in _multicall
    |     res = hook_impl.function(*args)
    |           ^^^^^^^^^^^^^^^^^^^^^^^^^
    |   File "/home/thein/projects/projects/TTA/.venv/lib/python3.11/site-packages/_pytest/python.py", line 157, in pytest_pyfunc_call
    |     result = testfunction(**testargs)
    |              ^^^^^^^^^^^^^^^^^^^^^^^^
    |   File "/home/thein/projects/projects/TTA/tests/test_end_to_end_workflows.py", line 251, in test_multi_character_workflow
    |     response = client.post("/api/v1/characters/", json=char_data, headers=headers)
    |                ^^^^^^^^^^^^^^^^^^^^^^^^^^^^^^^^^^^^^^^^^^^^^^^^^^^^^^^^^^^^^^^^^^^
    |   File "/home/thein/projects/projects/TTA/.venv/lib/python3.11/site-packages/starlette/testclient.py", line 552, in post
    |     return super().post(
    |            ^^^^^^^^^^^^^
    |   File "/home/thein/projects/projects/TTA/.venv/lib/python3.11/site-packages/httpx/_client.py", line 1157, in post
    |     return self.request(
    |            ^^^^^^^^^^^^^
    |   File "/home/thein/projects/projects/TTA/.venv/lib/python3.11/site-packages/starlette/testclient.py", line 451, in request
    |     return super().request(
    |            ^^^^^^^^^^^^^^^^
    |   File "/home/thein/projects/projects/TTA/.venv/lib/python3.11/site-packages/httpx/_client.py", line 837, in request
    |     return self.send(request, auth=auth, follow_redirects=follow_redirects)
    |            ^^^^^^^^^^^^^^^^^^^^^^^^^^^^^^^^^^^^^^^^^^^^^^^^^^^^^^^^^^^^^^^^
    |   File "/home/thein/projects/projects/TTA/.venv/lib/python3.11/site-packages/httpx/_client.py", line 926, in send
    |     response = self._send_handling_auth(
    |                ^^^^^^^^^^^^^^^^^^^^^^^^^
    |   File "/home/thein/projects/projects/TTA/.venv/lib/python3.11/site-packages/httpx/_client.py", line 954, in _send_handling_auth
    |     response = self._send_handling_redirects(
    |                ^^^^^^^^^^^^^^^^^^^^^^^^^^^^^^
    |   File "/home/thein/projects/projects/TTA/.venv/lib/python3.11/site-packages/httpx/_client.py", line 991, in _send_handling_redirects
    |     response = self._send_single_request(request)
    |                ^^^^^^^^^^^^^^^^^^^^^^^^^^^^^^^^^^
    |   File "/home/thein/projects/projects/TTA/.venv/lib/python3.11/site-packages/httpx/_client.py", line 1027, in _send_single_request
    |     response = transport.handle_request(request)
    |                ^^^^^^^^^^^^^^^^^^^^^^^^^^^^^^^^^
    |   File "/home/thein/projects/projects/TTA/.venv/lib/python3.11/site-packages/starlette/testclient.py", line 354, in handle_request
    |     raise exc
    |   File "/home/thein/projects/projects/TTA/.venv/lib/python3.11/site-packages/starlette/testclient.py", line 351, in handle_request
    |     portal.call(self.app, scope, receive, send)
    |   File "/home/thein/projects/projects/TTA/.venv/lib/python3.11/site-packages/anyio/from_thread.py", line 291, in call
    |     return cast(T_Retval, self.start_task_soon(func, *args).result())
    |                           ^^^^^^^^^^^^^^^^^^^^^^^^^^^^^^^^^^^^^^^^^^
    |   File "/home/thein/.local/share/uv/python/cpython-3.11.12-linux-x86_64-gnu/lib/python3.11/concurrent/futures/_base.py", line 449, in result
    |     return self.__get_result()
    |            ^^^^^^^^^^^^^^^^^^^
    |   File "/home/thein/.local/share/uv/python/cpython-3.11.12-linux-x86_64-gnu/lib/python3.11/concurrent/futures/_base.py", line 401, in __get_result
    |     raise self._exception
    |   File "/home/thein/projects/projects/TTA/.venv/lib/python3.11/site-packages/anyio/from_thread.py", line 222, in _call_func
    |     retval = await retval_or_awaitable
    |              ^^^^^^^^^^^^^^^^^^^^^^^^^
    |   File "/home/thein/projects/projects/TTA/.venv/lib/python3.11/site-packages/fastapi/applications.py", line 1054, in __call__
    |     await super().__call__(scope, receive, send)
    |   File "/home/thein/projects/projects/TTA/.venv/lib/python3.11/site-packages/starlette/applications.py", line 113, in __call__
    |     await self.middleware_stack(scope, receive, send)
    |   File "/home/thein/projects/projects/TTA/.venv/lib/python3.11/site-packages/starlette/middleware/errors.py", line 186, in __call__
    |     raise exc
    |   File "/home/thein/projects/projects/TTA/.venv/lib/python3.11/site-packages/starlette/middleware/errors.py", line 164, in __call__
    |     await self.app(scope, receive, _send)
    |   File "/home/thein/projects/projects/TTA/.venv/lib/python3.11/site-packages/starlette/middleware/base.py", line 182, in __call__
    |     with recv_stream, send_stream, collapse_excgroups():
    |   File "/home/thein/.local/share/uv/python/cpython-3.11.12-linux-x86_64-gnu/lib/python3.11/contextlib.py", line 158, in __exit__
    |     self.gen.throw(typ, value, traceback)
    |   File "/home/thein/projects/projects/TTA/.venv/lib/python3.11/site-packages/starlette/_utils.py", line 83, in collapse_excgroups
    |     raise exc
    |   File "/home/thein/projects/projects/TTA/.venv/lib/python3.11/site-packages/starlette/middleware/base.py", line 184, in __call__
    |     response = await self.dispatch_func(request, call_next)
    |                ^^^^^^^^^^^^^^^^^^^^^^^^^^^^^^^^^^^^^^^^^^^^
    |   File "/home/thein/projects/projects/TTA/src/player_experience/api/middleware.py", line 326, in dispatch
    |     return await call_next(request)
    |            ^^^^^^^^^^^^^^^^^^^^^^^^
    |   File "/home/thein/projects/projects/TTA/.venv/lib/python3.11/site-packages/starlette/middleware/base.py", line 159, in call_next
    |     raise app_exc
    |   File "/home/thein/projects/projects/TTA/.venv/lib/python3.11/site-packages/starlette/middleware/base.py", line 144, in coro
    |     await self.app(scope, receive_or_disconnect, send_no_error)
    |   File "/home/thein/projects/projects/TTA/.venv/lib/python3.11/site-packages/starlette/middleware/base.py", line 182, in __call__
    |     with recv_stream, send_stream, collapse_excgroups():
    |   File "/home/thein/.local/share/uv/python/cpython-3.11.12-linux-x86_64-gnu/lib/python3.11/contextlib.py", line 158, in __exit__
    |     self.gen.throw(typ, value, traceback)
    |   File "/home/thein/projects/projects/TTA/.venv/lib/python3.11/site-packages/starlette/_utils.py", line 83, in collapse_excgroups
    |     raise exc
    |   File "/home/thein/projects/projects/TTA/.venv/lib/python3.11/site-packages/starlette/middleware/base.py", line 184, in __call__
    |     response = await self.dispatch_func(request, call_next)
    |                ^^^^^^^^^^^^^^^^^^^^^^^^^^^^^^^^^^^^^^^^^^^^
    |   File "/home/thein/projects/projects/TTA/src/player_experience/api/middleware.py", line 125, in dispatch
    |     request_id, endpoint, method, user_id=getattr(request.state, 'current_player', {}).get('player_id')
    |                                           ^^^^^^^^^^^^^^^^^^^^^^^^^^^^^^^^^^^^^^^^^^^^^^^^
    |   File "/home/thein/projects/projects/TTA/.venv/lib/python3.11/site-packages/pydantic/main.py", line 991, in __getattr__
    |     raise AttributeError(f'{type(self).__name__!r} object has no attribute {item!r}')
    | AttributeError: 'TokenData' object has no attribute 'get'
    +------------------------------------

During handling of the above exception, another exception occurred:

Traceback (most recent call last):
  File "/home/thein/projects/projects/TTA/tests/test_end_to_end_workflows.py", line 251, in test_multi_character_workflow
    response = client.post("/api/v1/characters/", json=char_data, headers=headers)
               ^^^^^^^^^^^^^^^^^^^^^^^^^^^^^^^^^^^^^^^^^^^^^^^^^^^^^^^^^^^^^^^^^^^
  File "/home/thein/projects/projects/TTA/.venv/lib/python3.11/site-packages/starlette/testclient.py", line 552, in post
    return super().post(
           ^^^^^^^^^^^^^
  File "/home/thein/projects/projects/TTA/.venv/lib/python3.11/site-packages/httpx/_client.py", line 1157, in post
    return self.request(
           ^^^^^^^^^^^^^
  File "/home/thein/projects/projects/TTA/.venv/lib/python3.11/site-packages/starlette/testclient.py", line 451, in request
    return super().request(
           ^^^^^^^^^^^^^^^^
  File "/home/thein/projects/projects/TTA/.venv/lib/python3.11/site-packages/httpx/_client.py", line 837, in request
    return self.send(request, auth=auth, follow_redirects=follow_redirects)
           ^^^^^^^^^^^^^^^^^^^^^^^^^^^^^^^^^^^^^^^^^^^^^^^^^^^^^^^^^^^^^^^^
  File "/home/thein/projects/projects/TTA/.venv/lib/python3.11/site-packages/httpx/_client.py", line 926, in send
    response = self._send_handling_auth(
               ^^^^^^^^^^^^^^^^^^^^^^^^^
  File "/home/thein/projects/projects/TTA/.venv/lib/python3.11/site-packages/httpx/_client.py", line 954, in _send_handling_auth
    response = self._send_handling_redirects(
               ^^^^^^^^^^^^^^^^^^^^^^^^^^^^^^
  File "/home/thein/projects/projects/TTA/.venv/lib/python3.11/site-packages/httpx/_client.py", line 991, in _send_handling_redirects
    response = self._send_single_request(request)
               ^^^^^^^^^^^^^^^^^^^^^^^^^^^^^^^^^^
  File "/home/thein/projects/projects/TTA/.venv/lib/python3.11/site-packages/httpx/_client.py", line 1027, in _send_single_request
    response = transport.handle_request(request)
               ^^^^^^^^^^^^^^^^^^^^^^^^^^^^^^^^^
  File "/home/thein/projects/projects/TTA/.venv/lib/python3.11/site-packages/starlette/testclient.py", line 354, in handle_request
    raise exc
  File "/home/thein/projects/projects/TTA/.venv/lib/python3.11/site-packages/starlette/testclient.py", line 351, in handle_request
    portal.call(self.app, scope, receive, send)
  File "/home/thein/projects/projects/TTA/.venv/lib/python3.11/site-packages/anyio/from_thread.py", line 291, in call
    return cast(T_Retval, self.start_task_soon(func, *args).result())
                          ^^^^^^^^^^^^^^^^^^^^^^^^^^^^^^^^^^^^^^^^^^
  File "/home/thein/.local/share/uv/python/cpython-3.11.12-linux-x86_64-gnu/lib/python3.11/concurrent/futures/_base.py", line 449, in result
    return self.__get_result()
           ^^^^^^^^^^^^^^^^^^^
  File "/home/thein/.local/share/uv/python/cpython-3.11.12-linux-x86_64-gnu/lib/python3.11/concurrent/futures/_base.py", line 401, in __get_result
    raise self._exception
  File "/home/thein/projects/projects/TTA/.venv/lib/python3.11/site-packages/anyio/from_thread.py", line 222, in _call_func
    retval = await retval_or_awaitable
             ^^^^^^^^^^^^^^^^^^^^^^^^^
  File "/home/thein/projects/projects/TTA/.venv/lib/python3.11/site-packages/fastapi/applications.py", line 1054, in __call__
    await super().__call__(scope, receive, send)
  File "/home/thein/projects/projects/TTA/.venv/lib/python3.11/site-packages/starlette/applications.py", line 113, in __call__
    await self.middleware_stack(scope, receive, send)
  File "/home/thein/projects/projects/TTA/.venv/lib/python3.11/site-packages/starlette/middleware/errors.py", line 186, in __call__
    raise exc
  File "/home/thein/projects/projects/TTA/.venv/lib/python3.11/site-packages/starlette/middleware/errors.py", line 164, in __call__
    await self.app(scope, receive, _send)
  File "/home/thein/projects/projects/TTA/.venv/lib/python3.11/site-packages/starlette/middleware/base.py", line 182, in __call__
    with recv_stream, send_stream, collapse_excgroups():
  File "/home/thein/.local/share/uv/python/cpython-3.11.12-linux-x86_64-gnu/lib/python3.11/contextlib.py", line 158, in __exit__
    self.gen.throw(typ, value, traceback)
  File "/home/thein/projects/projects/TTA/.venv/lib/python3.11/site-packages/starlette/_utils.py", line 83, in collapse_excgroups
    raise exc
  File "/home/thein/projects/projects/TTA/.venv/lib/python3.11/site-packages/starlette/middleware/base.py", line 184, in __call__
    response = await self.dispatch_func(request, call_next)
               ^^^^^^^^^^^^^^^^^^^^^^^^^^^^^^^^^^^^^^^^^^^^
  File "/home/thein/projects/projects/TTA/src/player_experience/api/middleware.py", line 326, in dispatch
    return await call_next(request)
           ^^^^^^^^^^^^^^^^^^^^^^^^
  File "/home/thein/projects/projects/TTA/.venv/lib/python3.11/site-packages/starlette/middleware/base.py", line 159, in call_next
    raise app_exc
  File "/home/thein/projects/projects/TTA/.venv/lib/python3.11/site-packages/starlette/middleware/base.py", line 144, in coro
    await self.app(scope, receive_or_disconnect, send_no_error)
  File "/home/thein/projects/projects/TTA/.venv/lib/python3.11/site-packages/starlette/middleware/base.py", line 182, in __call__
    with recv_stream, send_stream, collapse_excgroups():
  File "/home/thein/.local/share/uv/python/cpython-3.11.12-linux-x86_64-gnu/lib/python3.11/contextlib.py", line 158, in __exit__
    self.gen.throw(typ, value, traceback)
  File "/home/thein/projects/projects/TTA/.venv/lib/python3.11/site-packages/starlette/_utils.py", line 83, in collapse_excgroups
    raise exc
  File "/home/thein/projects/projects/TTA/.venv/lib/python3.11/site-packages/starlette/middleware/base.py", line 184, in __call__
    response = await self.dispatch_func(request, call_next)
               ^^^^^^^^^^^^^^^^^^^^^^^^^^^^^^^^^^^^^^^^^^^^
  File "/home/thein/projects/projects/TTA/src/player_experience/api/middleware.py", line 125, in dispatch
    request_id, endpoint, method, user_id=getattr(request.state, 'current_player', {}).get('player_id')
                                          ^^^^^^^^^^^^^^^^^^^^^^^^^^^^^^^^^^^^^^^^^^^^^^^^
  File "/home/thein/projects/projects/TTA/.venv/lib/python3.11/site-packages/pydantic/main.py", line 991, in __getattr__
    raise AttributeError(f'{type(self).__name__!r} object has no attribute {item!r}')
AttributeError: 'TokenData' object has no attribute 'get'

During handling of the above exception, another exception occurred:

self = &lt;tests.test_end_to_end_workflows.TestEndToEndUserWorkflows object at 0x7f0aba8b47d0&gt;
client = &lt;starlette.testclient.TestClient object at 0x7f0aba53a210&gt;

    def test_multi_character_workflow(self, client):
        """Test workflow with multiple characters and world switching."""
        player_id = "multi-char-user"
        token = create_auth_token(player_id)
        headers = {"Authorization": f"Bearer {token}"}

        # Create player profile
        profile_data = {
            "username": "multiuser",
            "email": "multi@example.com",
            "therapeutic_preferences": {
                "intensity_level": "medium",
                "preferred_approaches": ["cbt", "narrative_therapy"],
                "trigger_warnings": [],
                "comfort_topics": ["personal_growth"],
                "avoid_topics": []
            }
        }
        client.post("/api/v1/players/", json=profile_data, headers=headers)

        # Create multiple characters
        characters = []
        for i, name in enumerate(["Character1", "Character2", "Character3"]):
            char_data = create_test_character_data(name)
            # Vary therapeutic approaches
            char_data["therapeutic_profile"]["therapeutic_approaches"] = [
                ["cbt"], ["narrative_therapy"], ["mindfulness"]
            ][i]

&gt;           response = client.post("/api/v1/characters/", json=char_data, headers=headers)
                       ^^^^^^^^^^^^^^^^^^^^^^^^^^^^^^^^^^^^^^^^^^^^^^^^^^^^^^^^^^^^^^^^^^^

tests/test_end_to_end_workflows.py:251:
_ _ _ _ _ _ _ _ _ _ _ _ _ _ _ _ _ _ _ _ _ _ _ _ _ _ _ _ _ _ _ _ _ _ _ _ _ _ _ _ _ _ _ _ _ _ _ _ _ _ _ _ _ _ _ _ _ _ _ _ _ _
.venv/lib/python3.11/site-packages/starlette/testclient.py:552: in post
    return super().post(
.venv/lib/python3.11/site-packages/httpx/_client.py:1157: in post
    return self.request(
.venv/lib/python3.11/site-packages/starlette/testclient.py:451: in request
    return super().request(
.venv/lib/python3.11/site-packages/httpx/_client.py:837: in request
    return self.send(request, auth=auth, follow_redirects=follow_redirects)
           ^^^^^^^^^^^^^^^^^^^^^^^^^^^^^^^^^^^^^^^^^^^^^^^^^^^^^^^^^^^^^^^^
.venv/lib/python3.11/site-packages/httpx/_client.py:926: in send
    response = self._send_handling_auth(
.venv/lib/python3.11/site-packages/httpx/_client.py:954: in _send_handling_auth
    response = self._send_handling_redirects(
.venv/lib/python3.11/site-packages/httpx/_client.py:991: in _send_handling_redirects
    response = self._send_single_request(request)
               ^^^^^^^^^^^^^^^^^^^^^^^^^^^^^^^^^^
.venv/lib/python3.11/site-packages/httpx/_client.py:1027: in _send_single_request
    response = transport.handle_request(request)
               ^^^^^^^^^^^^^^^^^^^^^^^^^^^^^^^^^
.venv/lib/python3.11/site-packages/starlette/testclient.py:354: in handle_request
    raise exc
.venv/lib/python3.11/site-packages/starlette/testclient.py:351: in handle_request
    portal.call(self.app, scope, receive, send)
.venv/lib/python3.11/site-packages/anyio/from_thread.py:291: in call
    return cast(T_Retval, self.start_task_soon(func, *args).result())
                          ^^^^^^^^^^^^^^^^^^^^^^^^^^^^^^^^^^^^^^^^^^
../../../.local/share/uv/python/cpython-3.11.12-linux-x86_64-gnu/lib/python3.11/concurrent/futures/_base.py:449: in result
    return self.__get_result()
           ^^^^^^^^^^^^^^^^^^^
../../../.local/share/uv/python/cpython-3.11.12-linux-x86_64-gnu/lib/python3.11/concurrent/futures/_base.py:401: in __get_result
    raise self._exception
.venv/lib/python3.11/site-packages/anyio/from_thread.py:222: in _call_func
    retval = await retval_or_awaitable
             ^^^^^^^^^^^^^^^^^^^^^^^^^
.venv/lib/python3.11/site-packages/fastapi/applications.py:1054: in __call__
    await super().__call__(scope, receive, send)
.venv/lib/python3.11/site-packages/starlette/applications.py:113: in __call__
    await self.middleware_stack(scope, receive, send)
.venv/lib/python3.11/site-packages/starlette/middleware/errors.py:186: in __call__
    raise exc
.venv/lib/python3.11/site-packages/starlette/middleware/errors.py:164: in __call__
    await self.app(scope, receive, _send)
.venv/lib/python3.11/site-packages/starlette/middleware/base.py:182: in __call__
    with recv_stream, send_stream, collapse_excgroups():
../../../.local/share/uv/python/cpython-3.11.12-linux-x86_64-gnu/lib/python3.11/contextlib.py:158: in __exit__
    self.gen.throw(typ, value, traceback)
.venv/lib/python3.11/site-packages/starlette/_utils.py:83: in collapse_excgroups
    raise exc
.venv/lib/python3.11/site-packages/starlette/middleware/base.py:184: in __call__
    response = await self.dispatch_func(request, call_next)
               ^^^^^^^^^^^^^^^^^^^^^^^^^^^^^^^^^^^^^^^^^^^^
src/player_experience/api/middleware.py:326: in dispatch
    return await call_next(request)
           ^^^^^^^^^^^^^^^^^^^^^^^^
.venv/lib/python3.11/site-packages/starlette/middleware/base.py:159: in call_next
    raise app_exc
.venv/lib/python3.11/site-packages/starlette/middleware/base.py:144: in coro
    await self.app(scope, receive_or_disconnect, send_no_error)
.venv/lib/python3.11/site-packages/starlette/middleware/base.py:182: in __call__
    with recv_stream, send_stream, collapse_excgroups():
../../../.local/share/uv/python/cpython-3.11.12-linux-x86_64-gnu/lib/python3.11/contextlib.py:158: in __exit__
    self.gen.throw(typ, value, traceback)
.venv/lib/python3.11/site-packages/starlette/_utils.py:83: in collapse_excgroups
    raise exc
.venv/lib/python3.11/site-packages/starlette/middleware/base.py:184: in __call__
    response = await self.dispatch_func(request, call_next)
               ^^^^^^^^^^^^^^^^^^^^^^^^^^^^^^^^^^^^^^^^^^^^
src/player_experience/api/middleware.py:125: in dispatch
    request_id, endpoint, method, user_id=getattr(request.state, 'current_player', {}).get('player_id')
                                          ^^^^^^^^^^^^^^^^^^^^^^^^^^^^^^^^^^^^^^^^^^^^^^^^
_ _ _ _ _ _ _ _ _ _ _ _ _ _ _ _ _ _ _ _ _ _ _ _ _ _ _ _ _ _ _ _ _ _ _ _ _ _ _ _ _ _ _ _ _ _ _ _ _ _ _ _ _ _ _ _ _ _ _ _ _ _

self = TokenData(player_id='multi-char-user', username='testuser', email='test@example.com', exp=datetime.datetime(2025, 8, 17, 7, 41, 49, tzinfo=datetime.timezone.utc))
item = 'get'

    def __getattr__(self, item: str) -&gt; Any:
        private_attributes = object.__getattribute__(self, '__private_attributes__')
        if item in private_attributes:
            attribute = private_attributes[item]
            if hasattr(attribute, '__get__'):
                return attribute.__get__(self, type(self))  # type: ignore

            try:
                # Note: self.__pydantic_private__ cannot be None if self.__private_attributes__ has items
                return self.__pydantic_private__[item]  # type: ignore
            except KeyError as exc:
                raise AttributeError(f'{type(self).__name__!r} object has no attribute {item!r}') from exc
        else:
            # `__pydantic_extra__` can fail to be set if the model is not yet fully initialized.
            # See `BaseModel.__repr_args__` for more details
            try:
                pydantic_extra = object.__getattribute__(self, '__pydantic_extra__')
            except AttributeError:
                pydantic_extra = None

            if pydantic_extra:
                try:
                    return pydantic_extra[item]
                except KeyError as exc:
                    raise AttributeError(f'{type(self).__name__!r} object has no attribute {item!r}') from exc
            else:
                if hasattr(self.__class__, item):
                    return super().__getattribute__(item)  # Raises AttributeError if appropriate
                else:
                    # this is the current error
&gt;                   raise AttributeError(f'{type(self).__name__!r} object has no attribute {item!r}')
E                   AttributeError: 'TokenData' object has no attribute 'get'

.venv/lib/python3.11/site-packages/pydantic/main.py:991: AttributeError</failure></testcase><testcase classname="tests.test_end_to_end_workflows.TestEndToEndUserWorkflows" name="test_therapeutic_settings_adaptation_workflow" time="0.034"><failure message="AttributeError: 'TokenData' object has no attribute 'get'">+ Exception Group Traceback (most recent call last):
  |   File "/home/thein/projects/projects/TTA/.venv/lib/python3.11/site-packages/starlette/_utils.py", line 77, in collapse_excgroups
  |     yield
  |   File "/home/thein/projects/projects/TTA/.venv/lib/python3.11/site-packages/starlette/middleware/base.py", line 183, in __call__
  |     async with anyio.create_task_group() as task_group:
  |   File "/home/thein/projects/projects/TTA/.venv/lib/python3.11/site-packages/anyio/_backends/_asyncio.py", line 772, in __aexit__
  |     raise BaseExceptionGroup(
  | ExceptionGroup: unhandled errors in a TaskGroup (1 sub-exception)
  +-+---------------- 1 ----------------
    | Traceback (most recent call last):
    |   File "/home/thein/projects/projects/TTA/.venv/lib/python3.11/site-packages/_pytest/runner.py", line 344, in from_call
    |     result: TResult | None = func()
    |                              ^^^^^^
    |   File "/home/thein/projects/projects/TTA/.venv/lib/python3.11/site-packages/_pytest/runner.py", line 246, in &lt;lambda&gt;
    |     lambda: runtest_hook(item=item, **kwds), when=when, reraise=reraise
    |             ^^^^^^^^^^^^^^^^^^^^^^^^^^^^^^^
    |   File "/home/thein/projects/projects/TTA/.venv/lib/python3.11/site-packages/pluggy/_hooks.py", line 512, in __call__
    |     return self._hookexec(self.name, self._hookimpls.copy(), kwargs, firstresult)
    |            ^^^^^^^^^^^^^^^^^^^^^^^^^^^^^^^^^^^^^^^^^^^^^^^^^^^^^^^^^^^^^^^^^^^^^^
    |   File "/home/thein/projects/projects/TTA/.venv/lib/python3.11/site-packages/pluggy/_manager.py", line 120, in _hookexec
    |     return self._inner_hookexec(hook_name, methods, kwargs, firstresult)
    |            ^^^^^^^^^^^^^^^^^^^^^^^^^^^^^^^^^^^^^^^^^^^^^^^^^^^^^^^^^^^^^
    |   File "/home/thein/projects/projects/TTA/.venv/lib/python3.11/site-packages/pluggy/_callers.py", line 167, in _multicall
    |     raise exception
    |   File "/home/thein/projects/projects/TTA/.venv/lib/python3.11/site-packages/pluggy/_callers.py", line 139, in _multicall
    |     teardown.throw(exception)
    |   File "/home/thein/projects/projects/TTA/.venv/lib/python3.11/site-packages/_pytest/logging.py", line 850, in pytest_runtest_call
    |     yield
    |   File "/home/thein/projects/projects/TTA/.venv/lib/python3.11/site-packages/pluggy/_callers.py", line 139, in _multicall
    |     teardown.throw(exception)
    |   File "/home/thein/projects/projects/TTA/.venv/lib/python3.11/site-packages/_pytest/capture.py", line 900, in pytest_runtest_call
    |     return (yield)
    |             ^^^^^
    |   File "/home/thein/projects/projects/TTA/.venv/lib/python3.11/site-packages/pluggy/_callers.py", line 139, in _multicall
    |     teardown.throw(exception)
    |   File "/home/thein/projects/projects/TTA/.venv/lib/python3.11/site-packages/pluggy/_callers.py", line 53, in run_old_style_hookwrapper
    |     return result.get_result()
    |            ^^^^^^^^^^^^^^^^^^^
    |   File "/home/thein/projects/projects/TTA/.venv/lib/python3.11/site-packages/pluggy/_result.py", line 103, in get_result
    |     raise exc.with_traceback(tb)
    |   File "/home/thein/projects/projects/TTA/.venv/lib/python3.11/site-packages/pluggy/_callers.py", line 38, in run_old_style_hookwrapper
    |     res = yield
    |           ^^^^^
    |   File "/home/thein/projects/projects/TTA/.venv/lib/python3.11/site-packages/pluggy/_callers.py", line 139, in _multicall
    |     teardown.throw(exception)
    |   File "/home/thein/projects/projects/TTA/.venv/lib/python3.11/site-packages/_pytest/skipping.py", line 263, in pytest_runtest_call
    |     return (yield)
    |             ^^^^^
    |   File "/home/thein/projects/projects/TTA/.venv/lib/python3.11/site-packages/pluggy/_callers.py", line 121, in _multicall
    |     res = hook_impl.function(*args)
    |           ^^^^^^^^^^^^^^^^^^^^^^^^^
    |   File "/home/thein/projects/projects/TTA/.venv/lib/python3.11/site-packages/_pytest/runner.py", line 178, in pytest_runtest_call
    |     item.runtest()
    |   File "/home/thein/projects/projects/TTA/.venv/lib/python3.11/site-packages/_pytest/python.py", line 1671, in runtest
    |     self.ihook.pytest_pyfunc_call(pyfuncitem=self)
    |   File "/home/thein/projects/projects/TTA/.venv/lib/python3.11/site-packages/pluggy/_hooks.py", line 512, in __call__
    |     return self._hookexec(self.name, self._hookimpls.copy(), kwargs, firstresult)
    |            ^^^^^^^^^^^^^^^^^^^^^^^^^^^^^^^^^^^^^^^^^^^^^^^^^^^^^^^^^^^^^^^^^^^^^^
    |   File "/home/thein/projects/projects/TTA/.venv/lib/python3.11/site-packages/pluggy/_manager.py", line 120, in _hookexec
    |     return self._inner_hookexec(hook_name, methods, kwargs, firstresult)
    |            ^^^^^^^^^^^^^^^^^^^^^^^^^^^^^^^^^^^^^^^^^^^^^^^^^^^^^^^^^^^^^
    |   File "/home/thein/projects/projects/TTA/.venv/lib/python3.11/site-packages/pluggy/_callers.py", line 167, in _multicall
    |     raise exception
    |   File "/home/thein/projects/projects/TTA/.venv/lib/python3.11/site-packages/pluggy/_callers.py", line 139, in _multicall
    |     teardown.throw(exception)
    |   File "/home/thein/projects/projects/TTA/.venv/lib/python3.11/site-packages/pluggy/_callers.py", line 53, in run_old_style_hookwrapper
    |     return result.get_result()
    |            ^^^^^^^^^^^^^^^^^^^
    |   File "/home/thein/projects/projects/TTA/.venv/lib/python3.11/site-packages/pluggy/_result.py", line 103, in get_result
    |     raise exc.with_traceback(tb)
    |   File "/home/thein/projects/projects/TTA/.venv/lib/python3.11/site-packages/pluggy/_callers.py", line 38, in run_old_style_hookwrapper
    |     res = yield
    |           ^^^^^
    |   File "/home/thein/projects/projects/TTA/.venv/lib/python3.11/site-packages/pluggy/_callers.py", line 121, in _multicall
    |     res = hook_impl.function(*args)
    |           ^^^^^^^^^^^^^^^^^^^^^^^^^
    |   File "/home/thein/projects/projects/TTA/.venv/lib/python3.11/site-packages/_pytest/python.py", line 157, in pytest_pyfunc_call
    |     result = testfunction(**testargs)
    |              ^^^^^^^^^^^^^^^^^^^^^^^^
    |   File "/home/thein/projects/projects/TTA/tests/test_end_to_end_workflows.py", line 346, in test_therapeutic_settings_adaptation_workflow
    |     response = client.post("/api/v1/characters/", json=char_data, headers=headers)
    |                ^^^^^^^^^^^^^^^^^^^^^^^^^^^^^^^^^^^^^^^^^^^^^^^^^^^^^^^^^^^^^^^^^^^
    |   File "/home/thein/projects/projects/TTA/.venv/lib/python3.11/site-packages/starlette/testclient.py", line 552, in post
    |     return super().post(
    |            ^^^^^^^^^^^^^
    |   File "/home/thein/projects/projects/TTA/.venv/lib/python3.11/site-packages/httpx/_client.py", line 1157, in post
    |     return self.request(
    |            ^^^^^^^^^^^^^
    |   File "/home/thein/projects/projects/TTA/.venv/lib/python3.11/site-packages/starlette/testclient.py", line 451, in request
    |     return super().request(
    |            ^^^^^^^^^^^^^^^^
    |   File "/home/thein/projects/projects/TTA/.venv/lib/python3.11/site-packages/httpx/_client.py", line 837, in request
    |     return self.send(request, auth=auth, follow_redirects=follow_redirects)
    |            ^^^^^^^^^^^^^^^^^^^^^^^^^^^^^^^^^^^^^^^^^^^^^^^^^^^^^^^^^^^^^^^^
    |   File "/home/thein/projects/projects/TTA/.venv/lib/python3.11/site-packages/httpx/_client.py", line 926, in send
    |     response = self._send_handling_auth(
    |                ^^^^^^^^^^^^^^^^^^^^^^^^^
    |   File "/home/thein/projects/projects/TTA/.venv/lib/python3.11/site-packages/httpx/_client.py", line 954, in _send_handling_auth
    |     response = self._send_handling_redirects(
    |                ^^^^^^^^^^^^^^^^^^^^^^^^^^^^^^
    |   File "/home/thein/projects/projects/TTA/.venv/lib/python3.11/site-packages/httpx/_client.py", line 991, in _send_handling_redirects
    |     response = self._send_single_request(request)
    |                ^^^^^^^^^^^^^^^^^^^^^^^^^^^^^^^^^^
    |   File "/home/thein/projects/projects/TTA/.venv/lib/python3.11/site-packages/httpx/_client.py", line 1027, in _send_single_request
    |     response = transport.handle_request(request)
    |                ^^^^^^^^^^^^^^^^^^^^^^^^^^^^^^^^^
    |   File "/home/thein/projects/projects/TTA/.venv/lib/python3.11/site-packages/starlette/testclient.py", line 354, in handle_request
    |     raise exc
    |   File "/home/thein/projects/projects/TTA/.venv/lib/python3.11/site-packages/starlette/testclient.py", line 351, in handle_request
    |     portal.call(self.app, scope, receive, send)
    |   File "/home/thein/projects/projects/TTA/.venv/lib/python3.11/site-packages/anyio/from_thread.py", line 291, in call
    |     return cast(T_Retval, self.start_task_soon(func, *args).result())
    |                           ^^^^^^^^^^^^^^^^^^^^^^^^^^^^^^^^^^^^^^^^^^
    |   File "/home/thein/.local/share/uv/python/cpython-3.11.12-linux-x86_64-gnu/lib/python3.11/concurrent/futures/_base.py", line 456, in result
    |     return self.__get_result()
    |            ^^^^^^^^^^^^^^^^^^^
    |   File "/home/thein/.local/share/uv/python/cpython-3.11.12-linux-x86_64-gnu/lib/python3.11/concurrent/futures/_base.py", line 401, in __get_result
    |     raise self._exception
    |   File "/home/thein/projects/projects/TTA/.venv/lib/python3.11/site-packages/anyio/from_thread.py", line 222, in _call_func
    |     retval = await retval_or_awaitable
    |              ^^^^^^^^^^^^^^^^^^^^^^^^^
    |   File "/home/thein/projects/projects/TTA/.venv/lib/python3.11/site-packages/fastapi/applications.py", line 1054, in __call__
    |     await super().__call__(scope, receive, send)
    |   File "/home/thein/projects/projects/TTA/.venv/lib/python3.11/site-packages/starlette/applications.py", line 113, in __call__
    |     await self.middleware_stack(scope, receive, send)
    |   File "/home/thein/projects/projects/TTA/.venv/lib/python3.11/site-packages/starlette/middleware/errors.py", line 186, in __call__
    |     raise exc
    |   File "/home/thein/projects/projects/TTA/.venv/lib/python3.11/site-packages/starlette/middleware/errors.py", line 164, in __call__
    |     await self.app(scope, receive, _send)
    |   File "/home/thein/projects/projects/TTA/.venv/lib/python3.11/site-packages/starlette/middleware/base.py", line 182, in __call__
    |     with recv_stream, send_stream, collapse_excgroups():
    |   File "/home/thein/.local/share/uv/python/cpython-3.11.12-linux-x86_64-gnu/lib/python3.11/contextlib.py", line 158, in __exit__
    |     self.gen.throw(typ, value, traceback)
    |   File "/home/thein/projects/projects/TTA/.venv/lib/python3.11/site-packages/starlette/_utils.py", line 83, in collapse_excgroups
    |     raise exc
    |   File "/home/thein/projects/projects/TTA/.venv/lib/python3.11/site-packages/starlette/middleware/base.py", line 184, in __call__
    |     response = await self.dispatch_func(request, call_next)
    |                ^^^^^^^^^^^^^^^^^^^^^^^^^^^^^^^^^^^^^^^^^^^^
    |   File "/home/thein/projects/projects/TTA/src/player_experience/api/middleware.py", line 326, in dispatch
    |     return await call_next(request)
    |            ^^^^^^^^^^^^^^^^^^^^^^^^
    |   File "/home/thein/projects/projects/TTA/.venv/lib/python3.11/site-packages/starlette/middleware/base.py", line 159, in call_next
    |     raise app_exc
    |   File "/home/thein/projects/projects/TTA/.venv/lib/python3.11/site-packages/starlette/middleware/base.py", line 144, in coro
    |     await self.app(scope, receive_or_disconnect, send_no_error)
    |   File "/home/thein/projects/projects/TTA/.venv/lib/python3.11/site-packages/starlette/middleware/base.py", line 182, in __call__
    |     with recv_stream, send_stream, collapse_excgroups():
    |   File "/home/thein/.local/share/uv/python/cpython-3.11.12-linux-x86_64-gnu/lib/python3.11/contextlib.py", line 158, in __exit__
    |     self.gen.throw(typ, value, traceback)
    |   File "/home/thein/projects/projects/TTA/.venv/lib/python3.11/site-packages/starlette/_utils.py", line 83, in collapse_excgroups
    |     raise exc
    |   File "/home/thein/projects/projects/TTA/.venv/lib/python3.11/site-packages/starlette/middleware/base.py", line 184, in __call__
    |     response = await self.dispatch_func(request, call_next)
    |                ^^^^^^^^^^^^^^^^^^^^^^^^^^^^^^^^^^^^^^^^^^^^
    |   File "/home/thein/projects/projects/TTA/src/player_experience/api/middleware.py", line 125, in dispatch
    |     request_id, endpoint, method, user_id=getattr(request.state, 'current_player', {}).get('player_id')
    |                                           ^^^^^^^^^^^^^^^^^^^^^^^^^^^^^^^^^^^^^^^^^^^^^^^^
    |   File "/home/thein/projects/projects/TTA/.venv/lib/python3.11/site-packages/pydantic/main.py", line 991, in __getattr__
    |     raise AttributeError(f'{type(self).__name__!r} object has no attribute {item!r}')
    | AttributeError: 'TokenData' object has no attribute 'get'
    +------------------------------------

During handling of the above exception, another exception occurred:

Traceback (most recent call last):
  File "/home/thein/projects/projects/TTA/tests/test_end_to_end_workflows.py", line 346, in test_therapeutic_settings_adaptation_workflow
    response = client.post("/api/v1/characters/", json=char_data, headers=headers)
               ^^^^^^^^^^^^^^^^^^^^^^^^^^^^^^^^^^^^^^^^^^^^^^^^^^^^^^^^^^^^^^^^^^^
  File "/home/thein/projects/projects/TTA/.venv/lib/python3.11/site-packages/starlette/testclient.py", line 552, in post
    return super().post(
           ^^^^^^^^^^^^^
  File "/home/thein/projects/projects/TTA/.venv/lib/python3.11/site-packages/httpx/_client.py", line 1157, in post
    return self.request(
           ^^^^^^^^^^^^^
  File "/home/thein/projects/projects/TTA/.venv/lib/python3.11/site-packages/starlette/testclient.py", line 451, in request
    return super().request(
           ^^^^^^^^^^^^^^^^
  File "/home/thein/projects/projects/TTA/.venv/lib/python3.11/site-packages/httpx/_client.py", line 837, in request
    return self.send(request, auth=auth, follow_redirects=follow_redirects)
           ^^^^^^^^^^^^^^^^^^^^^^^^^^^^^^^^^^^^^^^^^^^^^^^^^^^^^^^^^^^^^^^^
  File "/home/thein/projects/projects/TTA/.venv/lib/python3.11/site-packages/httpx/_client.py", line 926, in send
    response = self._send_handling_auth(
               ^^^^^^^^^^^^^^^^^^^^^^^^^
  File "/home/thein/projects/projects/TTA/.venv/lib/python3.11/site-packages/httpx/_client.py", line 954, in _send_handling_auth
    response = self._send_handling_redirects(
               ^^^^^^^^^^^^^^^^^^^^^^^^^^^^^^
  File "/home/thein/projects/projects/TTA/.venv/lib/python3.11/site-packages/httpx/_client.py", line 991, in _send_handling_redirects
    response = self._send_single_request(request)
               ^^^^^^^^^^^^^^^^^^^^^^^^^^^^^^^^^^
  File "/home/thein/projects/projects/TTA/.venv/lib/python3.11/site-packages/httpx/_client.py", line 1027, in _send_single_request
    response = transport.handle_request(request)
               ^^^^^^^^^^^^^^^^^^^^^^^^^^^^^^^^^
  File "/home/thein/projects/projects/TTA/.venv/lib/python3.11/site-packages/starlette/testclient.py", line 354, in handle_request
    raise exc
  File "/home/thein/projects/projects/TTA/.venv/lib/python3.11/site-packages/starlette/testclient.py", line 351, in handle_request
    portal.call(self.app, scope, receive, send)
  File "/home/thein/projects/projects/TTA/.venv/lib/python3.11/site-packages/anyio/from_thread.py", line 291, in call
    return cast(T_Retval, self.start_task_soon(func, *args).result())
                          ^^^^^^^^^^^^^^^^^^^^^^^^^^^^^^^^^^^^^^^^^^
  File "/home/thein/.local/share/uv/python/cpython-3.11.12-linux-x86_64-gnu/lib/python3.11/concurrent/futures/_base.py", line 456, in result
    return self.__get_result()
           ^^^^^^^^^^^^^^^^^^^
  File "/home/thein/.local/share/uv/python/cpython-3.11.12-linux-x86_64-gnu/lib/python3.11/concurrent/futures/_base.py", line 401, in __get_result
    raise self._exception
  File "/home/thein/projects/projects/TTA/.venv/lib/python3.11/site-packages/anyio/from_thread.py", line 222, in _call_func
    retval = await retval_or_awaitable
             ^^^^^^^^^^^^^^^^^^^^^^^^^
  File "/home/thein/projects/projects/TTA/.venv/lib/python3.11/site-packages/fastapi/applications.py", line 1054, in __call__
    await super().__call__(scope, receive, send)
  File "/home/thein/projects/projects/TTA/.venv/lib/python3.11/site-packages/starlette/applications.py", line 113, in __call__
    await self.middleware_stack(scope, receive, send)
  File "/home/thein/projects/projects/TTA/.venv/lib/python3.11/site-packages/starlette/middleware/errors.py", line 186, in __call__
    raise exc
  File "/home/thein/projects/projects/TTA/.venv/lib/python3.11/site-packages/starlette/middleware/errors.py", line 164, in __call__
    await self.app(scope, receive, _send)
  File "/home/thein/projects/projects/TTA/.venv/lib/python3.11/site-packages/starlette/middleware/base.py", line 182, in __call__
    with recv_stream, send_stream, collapse_excgroups():
  File "/home/thein/.local/share/uv/python/cpython-3.11.12-linux-x86_64-gnu/lib/python3.11/contextlib.py", line 158, in __exit__
    self.gen.throw(typ, value, traceback)
  File "/home/thein/projects/projects/TTA/.venv/lib/python3.11/site-packages/starlette/_utils.py", line 83, in collapse_excgroups
    raise exc
  File "/home/thein/projects/projects/TTA/.venv/lib/python3.11/site-packages/starlette/middleware/base.py", line 184, in __call__
    response = await self.dispatch_func(request, call_next)
               ^^^^^^^^^^^^^^^^^^^^^^^^^^^^^^^^^^^^^^^^^^^^
  File "/home/thein/projects/projects/TTA/src/player_experience/api/middleware.py", line 326, in dispatch
    return await call_next(request)
           ^^^^^^^^^^^^^^^^^^^^^^^^
  File "/home/thein/projects/projects/TTA/.venv/lib/python3.11/site-packages/starlette/middleware/base.py", line 159, in call_next
    raise app_exc
  File "/home/thein/projects/projects/TTA/.venv/lib/python3.11/site-packages/starlette/middleware/base.py", line 144, in coro
    await self.app(scope, receive_or_disconnect, send_no_error)
  File "/home/thein/projects/projects/TTA/.venv/lib/python3.11/site-packages/starlette/middleware/base.py", line 182, in __call__
    with recv_stream, send_stream, collapse_excgroups():
  File "/home/thein/.local/share/uv/python/cpython-3.11.12-linux-x86_64-gnu/lib/python3.11/contextlib.py", line 158, in __exit__
    self.gen.throw(typ, value, traceback)
  File "/home/thein/projects/projects/TTA/.venv/lib/python3.11/site-packages/starlette/_utils.py", line 83, in collapse_excgroups
    raise exc
  File "/home/thein/projects/projects/TTA/.venv/lib/python3.11/site-packages/starlette/middleware/base.py", line 184, in __call__
    response = await self.dispatch_func(request, call_next)
               ^^^^^^^^^^^^^^^^^^^^^^^^^^^^^^^^^^^^^^^^^^^^
  File "/home/thein/projects/projects/TTA/src/player_experience/api/middleware.py", line 125, in dispatch
    request_id, endpoint, method, user_id=getattr(request.state, 'current_player', {}).get('player_id')
                                          ^^^^^^^^^^^^^^^^^^^^^^^^^^^^^^^^^^^^^^^^^^^^^^^^
  File "/home/thein/projects/projects/TTA/.venv/lib/python3.11/site-packages/pydantic/main.py", line 991, in __getattr__
    raise AttributeError(f'{type(self).__name__!r} object has no attribute {item!r}')
AttributeError: 'TokenData' object has no attribute 'get'

During handling of the above exception, another exception occurred:

self = &lt;tests.test_end_to_end_workflows.TestEndToEndUserWorkflows object at 0x7f0aba8b4a90&gt;
client = &lt;starlette.testclient.TestClient object at 0x7f0ab8a0cad0&gt;

    def test_therapeutic_settings_adaptation_workflow(self, client):
        """Test workflow where therapeutic settings are adapted based on user feedback."""
        player_id = "adaptive-user"
        token = create_auth_token(player_id)
        headers = {"Authorization": f"Bearer {token}"}

        # Create player and character
        profile_data = {
            "username": "adaptiveuser",
            "email": "adaptive@example.com",
            "therapeutic_preferences": {
                "intensity_level": "low",  # Start with low intensity
                "preferred_approaches": ["mindfulness"],
                "trigger_warnings": ["anxiety"],
                "comfort_topics": ["relaxation"],
                "avoid_topics": ["stress"]
            }
        }
        client.post("/api/v1/players/", json=profile_data, headers=headers)

        char_data = create_test_character_data("Adaptive Character")
        char_data["therapeutic_profile"]["preferred_intensity"] = "low"
&gt;       response = client.post("/api/v1/characters/", json=char_data, headers=headers)
                   ^^^^^^^^^^^^^^^^^^^^^^^^^^^^^^^^^^^^^^^^^^^^^^^^^^^^^^^^^^^^^^^^^^^

tests/test_end_to_end_workflows.py:346:
_ _ _ _ _ _ _ _ _ _ _ _ _ _ _ _ _ _ _ _ _ _ _ _ _ _ _ _ _ _ _ _ _ _ _ _ _ _ _ _ _ _ _ _ _ _ _ _ _ _ _ _ _ _ _ _ _ _ _ _ _ _
.venv/lib/python3.11/site-packages/starlette/testclient.py:552: in post
    return super().post(
.venv/lib/python3.11/site-packages/httpx/_client.py:1157: in post
    return self.request(
.venv/lib/python3.11/site-packages/starlette/testclient.py:451: in request
    return super().request(
.venv/lib/python3.11/site-packages/httpx/_client.py:837: in request
    return self.send(request, auth=auth, follow_redirects=follow_redirects)
           ^^^^^^^^^^^^^^^^^^^^^^^^^^^^^^^^^^^^^^^^^^^^^^^^^^^^^^^^^^^^^^^^
.venv/lib/python3.11/site-packages/httpx/_client.py:926: in send
    response = self._send_handling_auth(
.venv/lib/python3.11/site-packages/httpx/_client.py:954: in _send_handling_auth
    response = self._send_handling_redirects(
.venv/lib/python3.11/site-packages/httpx/_client.py:991: in _send_handling_redirects
    response = self._send_single_request(request)
               ^^^^^^^^^^^^^^^^^^^^^^^^^^^^^^^^^^
.venv/lib/python3.11/site-packages/httpx/_client.py:1027: in _send_single_request
    response = transport.handle_request(request)
               ^^^^^^^^^^^^^^^^^^^^^^^^^^^^^^^^^
.venv/lib/python3.11/site-packages/starlette/testclient.py:354: in handle_request
    raise exc
.venv/lib/python3.11/site-packages/starlette/testclient.py:351: in handle_request
    portal.call(self.app, scope, receive, send)
.venv/lib/python3.11/site-packages/anyio/from_thread.py:291: in call
    return cast(T_Retval, self.start_task_soon(func, *args).result())
                          ^^^^^^^^^^^^^^^^^^^^^^^^^^^^^^^^^^^^^^^^^^
../../../.local/share/uv/python/cpython-3.11.12-linux-x86_64-gnu/lib/python3.11/concurrent/futures/_base.py:456: in result
    return self.__get_result()
           ^^^^^^^^^^^^^^^^^^^
../../../.local/share/uv/python/cpython-3.11.12-linux-x86_64-gnu/lib/python3.11/concurrent/futures/_base.py:401: in __get_result
    raise self._exception
.venv/lib/python3.11/site-packages/anyio/from_thread.py:222: in _call_func
    retval = await retval_or_awaitable
             ^^^^^^^^^^^^^^^^^^^^^^^^^
.venv/lib/python3.11/site-packages/fastapi/applications.py:1054: in __call__
    await super().__call__(scope, receive, send)
.venv/lib/python3.11/site-packages/starlette/applications.py:113: in __call__
    await self.middleware_stack(scope, receive, send)
.venv/lib/python3.11/site-packages/starlette/middleware/errors.py:186: in __call__
    raise exc
.venv/lib/python3.11/site-packages/starlette/middleware/errors.py:164: in __call__
    await self.app(scope, receive, _send)
.venv/lib/python3.11/site-packages/starlette/middleware/base.py:182: in __call__
    with recv_stream, send_stream, collapse_excgroups():
../../../.local/share/uv/python/cpython-3.11.12-linux-x86_64-gnu/lib/python3.11/contextlib.py:158: in __exit__
    self.gen.throw(typ, value, traceback)
.venv/lib/python3.11/site-packages/starlette/_utils.py:83: in collapse_excgroups
    raise exc
.venv/lib/python3.11/site-packages/starlette/middleware/base.py:184: in __call__
    response = await self.dispatch_func(request, call_next)
               ^^^^^^^^^^^^^^^^^^^^^^^^^^^^^^^^^^^^^^^^^^^^
src/player_experience/api/middleware.py:326: in dispatch
    return await call_next(request)
           ^^^^^^^^^^^^^^^^^^^^^^^^
.venv/lib/python3.11/site-packages/starlette/middleware/base.py:159: in call_next
    raise app_exc
.venv/lib/python3.11/site-packages/starlette/middleware/base.py:144: in coro
    await self.app(scope, receive_or_disconnect, send_no_error)
.venv/lib/python3.11/site-packages/starlette/middleware/base.py:182: in __call__
    with recv_stream, send_stream, collapse_excgroups():
../../../.local/share/uv/python/cpython-3.11.12-linux-x86_64-gnu/lib/python3.11/contextlib.py:158: in __exit__
    self.gen.throw(typ, value, traceback)
.venv/lib/python3.11/site-packages/starlette/_utils.py:83: in collapse_excgroups
    raise exc
.venv/lib/python3.11/site-packages/starlette/middleware/base.py:184: in __call__
    response = await self.dispatch_func(request, call_next)
               ^^^^^^^^^^^^^^^^^^^^^^^^^^^^^^^^^^^^^^^^^^^^
src/player_experience/api/middleware.py:125: in dispatch
    request_id, endpoint, method, user_id=getattr(request.state, 'current_player', {}).get('player_id')
                                          ^^^^^^^^^^^^^^^^^^^^^^^^^^^^^^^^^^^^^^^^^^^^^^^^
_ _ _ _ _ _ _ _ _ _ _ _ _ _ _ _ _ _ _ _ _ _ _ _ _ _ _ _ _ _ _ _ _ _ _ _ _ _ _ _ _ _ _ _ _ _ _ _ _ _ _ _ _ _ _ _ _ _ _ _ _ _

self = TokenData(player_id='adaptive-user', username='testuser', email='test@example.com', exp=datetime.datetime(2025, 8, 17, 7, 41, 50, tzinfo=datetime.timezone.utc))
item = 'get'

    def __getattr__(self, item: str) -&gt; Any:
        private_attributes = object.__getattribute__(self, '__private_attributes__')
        if item in private_attributes:
            attribute = private_attributes[item]
            if hasattr(attribute, '__get__'):
                return attribute.__get__(self, type(self))  # type: ignore

            try:
                # Note: self.__pydantic_private__ cannot be None if self.__private_attributes__ has items
                return self.__pydantic_private__[item]  # type: ignore
            except KeyError as exc:
                raise AttributeError(f'{type(self).__name__!r} object has no attribute {item!r}') from exc
        else:
            # `__pydantic_extra__` can fail to be set if the model is not yet fully initialized.
            # See `BaseModel.__repr_args__` for more details
            try:
                pydantic_extra = object.__getattribute__(self, '__pydantic_extra__')
            except AttributeError:
                pydantic_extra = None

            if pydantic_extra:
                try:
                    return pydantic_extra[item]
                except KeyError as exc:
                    raise AttributeError(f'{type(self).__name__!r} object has no attribute {item!r}') from exc
            else:
                if hasattr(self.__class__, item):
                    return super().__getattribute__(item)  # Raises AttributeError if appropriate
                else:
                    # this is the current error
&gt;                   raise AttributeError(f'{type(self).__name__!r} object has no attribute {item!r}')
E                   AttributeError: 'TokenData' object has no attribute 'get'

.venv/lib/python3.11/site-packages/pydantic/main.py:991: AttributeError</failure></testcase><testcase classname="tests.test_end_to_end_workflows.TestConcurrentUserScenarios" name="test_concurrent_websocket_connections" time="0.085"><failure message="assert 0 &gt;= (10 * 0.9)&#10; +  where 0 = len([])">self = &lt;tests.test_end_to_end_workflows.TestConcurrentUserScenarios object at 0x7f0aba8b5110&gt;
client = &lt;starlette.testclient.TestClient object at 0x7f0ab8975390&gt;

    def test_concurrent_websocket_connections(self, client):
        """Test multiple concurrent WebSocket connections."""
        num_users = 10
        connection_results = []

        def create_user_connection(user_id: int):
            """Create a WebSocket connection for a user and perform basic interaction."""
            try:
                player_id = f"concurrent-user-{user_id}"
                token = create_auth_token(player_id)

                start_time = time.time()

                with client.websocket_connect(f"/ws/chat?token={token}") as websocket:
                    # Receive welcome message
                    welcome_msg = json.loads(websocket.receive_text())
                    assert welcome_msg["role"] == "system"

                    # Send test message
                    user_message = {
                        "type": "user_message",
                        "content": {"text": f"Hello from user {user_id}"},
                        "metadata": {
                            "character_id": f"char-{user_id}",
                            "world_id": "world-1"
                        }
                    }
                    websocket.send_text(json.dumps(user_message))

                    # Receive response
                    response_msg = json.loads(websocket.receive_text())
                    assert response_msg["role"] == "assistant"

                    connection_time = time.time() - start_time

                    return {
                        "user_id": user_id,
                        "success": True,
                        "connection_time": connection_time,
                        "response_received": True
                    }

            except Exception as e:
                return {
                    "user_id": user_id,
                    "success": False,
                    "error": str(e),
                    "connection_time": None
                }

        # Execute concurrent connections
        with ThreadPoolExecutor(max_workers=num_users) as executor:
            futures = [executor.submit(create_user_connection, i) for i in range(num_users)]

            for future in as_completed(futures):
                result = future.result()
                connection_results.append(result)

        # Analyze results
        successful_connections = [r for r in connection_results if r["success"]]
        failed_connections = [r for r in connection_results if not r["success"]]

        # Assert performance requirements
&gt;       assert len(successful_connections) &gt;= num_users * 0.9  # 90% success rate
        ^^^^^^^^^^^^^^^^^^^^^^^^^^^^^^^^^^^^^^^^^^^^^^^^^^^^^
E       assert 0 &gt;= (10 * 0.9)
E        +  where 0 = len([])

tests/test_end_to_end_workflows.py:503: AssertionError</failure></testcase><testcase classname="tests.test_end_to_end_workflows.TestConcurrentUserScenarios" name="test_concurrent_api_requests" time="0.133"><failure message="AssertionError: assert 13 &gt;= (20 * 0.95)&#10; +  where 13 = len([{'endpoint': '/', 'request_id': 5, 'request_time': 0.034700632095336914, 'status_code': 200, ...}, {'endpoint': '/', ...ode': 200, ...}, {'endpoint': '/', 'request_id': 8, 'request_time': 0.04347348213195801, 'status_code': 200, ...}, ...])">self = &lt;tests.test_end_to_end_workflows.TestConcurrentUserScenarios object at 0x7f0aba8b5490&gt;
client = &lt;starlette.testclient.TestClient object at 0x7f0ab88f1fd0&gt;

    def test_concurrent_api_requests(self, client):
        """Test concurrent API requests performance."""
        num_requests = 20
        request_results = []

        def make_api_request(request_id: int):
            """Make a concurrent API request."""
            try:
                player_id = f"api-user-{request_id}"
                token = create_auth_token(player_id)
                headers = {"Authorization": f"Bearer {token}"}

                start_time = time.time()

                # Test different endpoints
                endpoints = [
                    ("/api/v1/worlds/", "GET"),
                    ("/health", "GET"),
                    ("/", "GET")
                ]

                endpoint, method = endpoints[request_id % len(endpoints)]

                if method == "GET":
                    response = client.get(endpoint, headers=headers if endpoint.startswith("/api/") else None)

                request_time = time.time() - start_time

                return {
                    "request_id": request_id,
                    "endpoint": endpoint,
                    "success": response.status_code &lt; 400,
                    "status_code": response.status_code,
                    "request_time": request_time
                }

            except Exception as e:
                return {
                    "request_id": request_id,
                    "success": False,
                    "error": str(e),
                    "request_time": None
                }

        # Execute concurrent requests
        with ThreadPoolExecutor(max_workers=num_requests) as executor:
            futures = [executor.submit(make_api_request, i) for i in range(num_requests)]

            for future in as_completed(futures):
                result = future.result()
                request_results.append(result)

        # Analyze results
        successful_requests = [r for r in request_results if r["success"]]
        failed_requests = [r for r in request_results if not r["success"]]

        # Performance assertions
&gt;       assert len(successful_requests) &gt;= num_requests * 0.95  # 95% success rate
        ^^^^^^^^^^^^^^^^^^^^^^^^^^^^^^^^^^^^^^^^^^^^^^^^^^^^^^
E       AssertionError: assert 13 &gt;= (20 * 0.95)
E        +  where 13 = len([{'endpoint': '/', 'request_id': 5, 'request_time': 0.034700632095336914, 'status_code': 200, ...}, {'endpoint': '/', ...ode': 200, ...}, {'endpoint': '/', 'request_id': 8, 'request_time': 0.04347348213195801, 'status_code': 200, ...}, ...])

tests/test_end_to_end_workflows.py:573: AssertionError</failure></testcase><testcase classname="tests.test_end_to_end_workflows.TestConcurrentUserScenarios" name="test_session_state_consistency_under_load" time="0.033"><failure message="AttributeError: 'TokenData' object has no attribute 'get'">+ Exception Group Traceback (most recent call last):
  |   File "/home/thein/projects/projects/TTA/.venv/lib/python3.11/site-packages/starlette/_utils.py", line 77, in collapse_excgroups
  |     yield
  |   File "/home/thein/projects/projects/TTA/.venv/lib/python3.11/site-packages/starlette/middleware/base.py", line 183, in __call__
  |     async with anyio.create_task_group() as task_group:
  |   File "/home/thein/projects/projects/TTA/.venv/lib/python3.11/site-packages/anyio/_backends/_asyncio.py", line 772, in __aexit__
  |     raise BaseExceptionGroup(
  | ExceptionGroup: unhandled errors in a TaskGroup (1 sub-exception)
  +-+---------------- 1 ----------------
    | Traceback (most recent call last):
    |   File "/home/thein/projects/projects/TTA/.venv/lib/python3.11/site-packages/_pytest/runner.py", line 344, in from_call
    |     result: TResult | None = func()
    |                              ^^^^^^
    |   File "/home/thein/projects/projects/TTA/.venv/lib/python3.11/site-packages/_pytest/runner.py", line 246, in &lt;lambda&gt;
    |     lambda: runtest_hook(item=item, **kwds), when=when, reraise=reraise
    |             ^^^^^^^^^^^^^^^^^^^^^^^^^^^^^^^
    |   File "/home/thein/projects/projects/TTA/.venv/lib/python3.11/site-packages/pluggy/_hooks.py", line 512, in __call__
    |     return self._hookexec(self.name, self._hookimpls.copy(), kwargs, firstresult)
    |            ^^^^^^^^^^^^^^^^^^^^^^^^^^^^^^^^^^^^^^^^^^^^^^^^^^^^^^^^^^^^^^^^^^^^^^
    |   File "/home/thein/projects/projects/TTA/.venv/lib/python3.11/site-packages/pluggy/_manager.py", line 120, in _hookexec
    |     return self._inner_hookexec(hook_name, methods, kwargs, firstresult)
    |            ^^^^^^^^^^^^^^^^^^^^^^^^^^^^^^^^^^^^^^^^^^^^^^^^^^^^^^^^^^^^^
    |   File "/home/thein/projects/projects/TTA/.venv/lib/python3.11/site-packages/pluggy/_callers.py", line 167, in _multicall
    |     raise exception
    |   File "/home/thein/projects/projects/TTA/.venv/lib/python3.11/site-packages/pluggy/_callers.py", line 139, in _multicall
    |     teardown.throw(exception)
    |   File "/home/thein/projects/projects/TTA/.venv/lib/python3.11/site-packages/_pytest/logging.py", line 850, in pytest_runtest_call
    |     yield
    |   File "/home/thein/projects/projects/TTA/.venv/lib/python3.11/site-packages/pluggy/_callers.py", line 139, in _multicall
    |     teardown.throw(exception)
    |   File "/home/thein/projects/projects/TTA/.venv/lib/python3.11/site-packages/_pytest/capture.py", line 900, in pytest_runtest_call
    |     return (yield)
    |             ^^^^^
    |   File "/home/thein/projects/projects/TTA/.venv/lib/python3.11/site-packages/pluggy/_callers.py", line 139, in _multicall
    |     teardown.throw(exception)
    |   File "/home/thein/projects/projects/TTA/.venv/lib/python3.11/site-packages/pluggy/_callers.py", line 53, in run_old_style_hookwrapper
    |     return result.get_result()
    |            ^^^^^^^^^^^^^^^^^^^
    |   File "/home/thein/projects/projects/TTA/.venv/lib/python3.11/site-packages/pluggy/_result.py", line 103, in get_result
    |     raise exc.with_traceback(tb)
    |   File "/home/thein/projects/projects/TTA/.venv/lib/python3.11/site-packages/pluggy/_callers.py", line 38, in run_old_style_hookwrapper
    |     res = yield
    |           ^^^^^
    |   File "/home/thein/projects/projects/TTA/.venv/lib/python3.11/site-packages/pluggy/_callers.py", line 139, in _multicall
    |     teardown.throw(exception)
    |   File "/home/thein/projects/projects/TTA/.venv/lib/python3.11/site-packages/_pytest/skipping.py", line 263, in pytest_runtest_call
    |     return (yield)
    |             ^^^^^
    |   File "/home/thein/projects/projects/TTA/.venv/lib/python3.11/site-packages/pluggy/_callers.py", line 121, in _multicall
    |     res = hook_impl.function(*args)
    |           ^^^^^^^^^^^^^^^^^^^^^^^^^
    |   File "/home/thein/projects/projects/TTA/.venv/lib/python3.11/site-packages/_pytest/runner.py", line 178, in pytest_runtest_call
    |     item.runtest()
    |   File "/home/thein/projects/projects/TTA/.venv/lib/python3.11/site-packages/_pytest/python.py", line 1671, in runtest
    |     self.ihook.pytest_pyfunc_call(pyfuncitem=self)
    |   File "/home/thein/projects/projects/TTA/.venv/lib/python3.11/site-packages/pluggy/_hooks.py", line 512, in __call__
    |     return self._hookexec(self.name, self._hookimpls.copy(), kwargs, firstresult)
    |            ^^^^^^^^^^^^^^^^^^^^^^^^^^^^^^^^^^^^^^^^^^^^^^^^^^^^^^^^^^^^^^^^^^^^^^
    |   File "/home/thein/projects/projects/TTA/.venv/lib/python3.11/site-packages/pluggy/_manager.py", line 120, in _hookexec
    |     return self._inner_hookexec(hook_name, methods, kwargs, firstresult)
    |            ^^^^^^^^^^^^^^^^^^^^^^^^^^^^^^^^^^^^^^^^^^^^^^^^^^^^^^^^^^^^^
    |   File "/home/thein/projects/projects/TTA/.venv/lib/python3.11/site-packages/pluggy/_callers.py", line 167, in _multicall
    |     raise exception
    |   File "/home/thein/projects/projects/TTA/.venv/lib/python3.11/site-packages/pluggy/_callers.py", line 139, in _multicall
    |     teardown.throw(exception)
    |   File "/home/thein/projects/projects/TTA/.venv/lib/python3.11/site-packages/pluggy/_callers.py", line 53, in run_old_style_hookwrapper
    |     return result.get_result()
    |            ^^^^^^^^^^^^^^^^^^^
    |   File "/home/thein/projects/projects/TTA/.venv/lib/python3.11/site-packages/pluggy/_result.py", line 103, in get_result
    |     raise exc.with_traceback(tb)
    |   File "/home/thein/projects/projects/TTA/.venv/lib/python3.11/site-packages/pluggy/_callers.py", line 38, in run_old_style_hookwrapper
    |     res = yield
    |           ^^^^^
    |   File "/home/thein/projects/projects/TTA/.venv/lib/python3.11/site-packages/pluggy/_callers.py", line 121, in _multicall
    |     res = hook_impl.function(*args)
    |           ^^^^^^^^^^^^^^^^^^^^^^^^^
    |   File "/home/thein/projects/projects/TTA/.venv/lib/python3.11/site-packages/_pytest/python.py", line 157, in pytest_pyfunc_call
    |     result = testfunction(**testargs)
    |              ^^^^^^^^^^^^^^^^^^^^^^^^
    |   File "/home/thein/projects/projects/TTA/tests/test_end_to_end_workflows.py", line 607, in test_session_state_consistency_under_load
    |     response = client.post("/api/v1/characters/", json=char_data, headers=headers)
    |                ^^^^^^^^^^^^^^^^^^^^^^^^^^^^^^^^^^^^^^^^^^^^^^^^^^^^^^^^^^^^^^^^^^^
    |   File "/home/thein/projects/projects/TTA/.venv/lib/python3.11/site-packages/starlette/testclient.py", line 552, in post
    |     return super().post(
    |            ^^^^^^^^^^^^^
    |   File "/home/thein/projects/projects/TTA/.venv/lib/python3.11/site-packages/httpx/_client.py", line 1157, in post
    |     return self.request(
    |            ^^^^^^^^^^^^^
    |   File "/home/thein/projects/projects/TTA/.venv/lib/python3.11/site-packages/starlette/testclient.py", line 451, in request
    |     return super().request(
    |            ^^^^^^^^^^^^^^^^
    |   File "/home/thein/projects/projects/TTA/.venv/lib/python3.11/site-packages/httpx/_client.py", line 837, in request
    |     return self.send(request, auth=auth, follow_redirects=follow_redirects)
    |            ^^^^^^^^^^^^^^^^^^^^^^^^^^^^^^^^^^^^^^^^^^^^^^^^^^^^^^^^^^^^^^^^
[...]
    |     await self.middleware_stack(scope, receive, send)
    |   File "/home/thein/projects/projects/TTA/.venv/lib/python3.11/site-packages/starlette/middleware/errors.py", line 186, in __call__
    |     raise exc
    |   File "/home/thein/projects/projects/TTA/.venv/lib/python3.11/site-packages/starlette/middleware/errors.py", line 164, in __call__
    |     await self.app(scope, receive, _send)
    |   File "/home/thein/projects/projects/TTA/.venv/lib/python3.11/site-packages/starlette/middleware/base.py", line 182, in __call__
    |     with recv_stream, send_stream, collapse_excgroups():
    |   File "/home/thein/.local/share/uv/python/cpython-3.11.12-linux-x86_64-gnu/lib/python3.11/contextlib.py", line 158, in __exit__
    |     self.gen.throw(typ, value, traceback)
    |   File "/home/thein/projects/projects/TTA/.venv/lib/python3.11/site-packages/starlette/_utils.py", line 83, in collapse_excgroups
    |     raise exc
    |   File "/home/thein/projects/projects/TTA/.venv/lib/python3.11/site-packages/starlette/middleware/base.py", line 184, in __call__
    |     response = await self.dispatch_func(request, call_next)
    |                ^^^^^^^^^^^^^^^^^^^^^^^^^^^^^^^^^^^^^^^^^^^^
    |   File "/home/thein/projects/projects/TTA/src/player_experience/api/middleware.py", line 326, in dispatch
    |     return await call_next(request)
    |            ^^^^^^^^^^^^^^^^^^^^^^^^
    |   File "/home/thein/projects/projects/TTA/.venv/lib/python3.11/site-packages/starlette/middleware/base.py", line 159, in call_next
    |     raise app_exc
    |   File "/home/thein/projects/projects/TTA/.venv/lib/python3.11/site-packages/starlette/middleware/base.py", line 144, in coro
    |     await self.app(scope, receive_or_disconnect, send_no_error)
    |   File "/home/thein/projects/projects/TTA/.venv/lib/python3.11/site-packages/starlette/middleware/base.py", line 182, in __call__
    |     with recv_stream, send_stream, collapse_excgroups():
    |   File "/home/thein/.local/share/uv/python/cpython-3.11.12-linux-x86_64-gnu/lib/python3.11/contextlib.py", line 158, in __exit__
    |     self.gen.throw(typ, value, traceback)
    |   File "/home/thein/projects/projects/TTA/.venv/lib/python3.11/site-packages/starlette/_utils.py", line 83, in collapse_excgroups
    |     raise exc
    |   File "/home/thein/projects/projects/TTA/.venv/lib/python3.11/site-packages/starlette/middleware/base.py", line 184, in __call__
    |     response = await self.dispatch_func(request, call_next)
    |                ^^^^^^^^^^^^^^^^^^^^^^^^^^^^^^^^^^^^^^^^^^^^
    |   File "/home/thein/projects/projects/TTA/src/player_experience/api/middleware.py", line 125, in dispatch
    |     request_id, endpoint, method, user_id=getattr(request.state, 'current_player', {}).get('player_id')
    |                                           ^^^^^^^^^^^^^^^^^^^^^^^^^^^^^^^^^^^^^^^^^^^^^^^^
    |   File "/home/thein/projects/projects/TTA/.venv/lib/python3.11/site-packages/pydantic/main.py", line 991, in __getattr__
    |     raise AttributeError(f'{type(self).__name__!r} object has no attribute {item!r}')
    | AttributeError: 'TokenData' object has no attribute 'get'
    +------------------------------------

During handling of the above exception, another exception occurred:

Traceback (most recent call last):
  File "/home/thein/projects/projects/TTA/tests/test_world_management_api.py", line 120, in test_list_worlds_pagination
    resp_all = client.get("/api/v1/worlds/", headers=auth_headers)
               ^^^^^^^^^^^^^^^^^^^^^^^^^^^^^^^^^^^^^^^^^^^^^^^^^^^
  File "/home/thein/projects/projects/TTA/.venv/lib/python3.11/site-packages/starlette/testclient.py", line 479, in get
    return super().get(
           ^^^^^^^^^^^^
  File "/home/thein/projects/projects/TTA/.venv/lib/python3.11/site-packages/httpx/_client.py", line 1066, in get
    return self.request(
           ^^^^^^^^^^^^^
  File "/home/thein/projects/projects/TTA/.venv/lib/python3.11/site-packages/starlette/testclient.py", line 451, in request
    return super().request(
           ^^^^^^^^^^^^^^^^
  File "/home/thein/projects/projects/TTA/.venv/lib/python3.11/site-packages/httpx/_client.py", line 837, in request
    return self.send(request, auth=auth, follow_redirects=follow_redirects)
           ^^^^^^^^^^^^^^^^^^^^^^^^^^^^^^^^^^^^^^^^^^^^^^^^^^^^^^^^^^^^^^^^
  File "/home/thein/projects/projects/TTA/.venv/lib/python3.11/site-packages/httpx/_client.py", line 926, in send
    response = self._send_handling_auth(
               ^^^^^^^^^^^^^^^^^^^^^^^^^
  File "/home/thein/projects/projects/TTA/.venv/lib/python3.11/site-packages/httpx/_client.py", line 954, in _send_handling_auth
    response = self._send_handling_redirects(
               ^^^^^^^^^^^^^^^^^^^^^^^^^^^^^^
  File "/home/thein/projects/projects/TTA/.venv/lib/python3.11/site-packages/httpx/_client.py", line 991, in _send_handling_redirects
    response = self._send_single_request(request)
               ^^^^^^^^^^^^^^^^^^^^^^^^^^^^^^^^^^
  File "/home/thein/projects/projects/TTA/.venv/lib/python3.11/site-packages/httpx/_client.py", line 1027, in _send_single_request
    response = transport.handle_request(request)
               ^^^^^^^^^^^^^^^^^^^^^^^^^^^^^^^^^
  File "/home/thein/projects/projects/TTA/.venv/lib/python3.11/site-packages/starlette/testclient.py", line 354, in handle_request
    raise exc
  File "/home/thein/projects/projects/TTA/.venv/lib/python3.11/site-packages/starlette/testclient.py", line 351, in handle_request
    portal.call(self.app, scope, receive, send)
  File "/home/thein/projects/projects/TTA/.venv/lib/python3.11/site-packages/anyio/from_thread.py", line 291, in call
    return cast(T_Retval, self.start_task_soon(func, *args).result())
                          ^^^^^^^^^^^^^^^^^^^^^^^^^^^^^^^^^^^^^^^^^^
  File "/home/thein/.local/share/uv/python/cpython-3.11.12-linux-x86_64-gnu/lib/python3.11/concurrent/futures/_base.py", line 456, in result
    return self.__get_result()
           ^^^^^^^^^^^^^^^^^^^
  File "/home/thein/.local/share/uv/python/cpython-3.11.12-linux-x86_64-gnu/lib/python3.11/concurrent/futures/_base.py", line 401, in __get_result
    raise self._exception
  File "/home/thein/projects/projects/TTA/.venv/lib/python3.11/site-packages/anyio/from_thread.py", line 222, in _call_func
    retval = await retval_or_awaitable
             ^^^^^^^^^^^^^^^^^^^^^^^^^
  File "/home/thein/projects/projects/TTA/.venv/lib/python3.11/site-packages/fastapi/applications.py", line 1054, in __call__
    await super().__call__(scope, receive, send)
  File "/home/thein/projects/projects/TTA/.venv/lib/python3.11/site-packages/starlette/applications.py", line 113, in __call__
    await self.middleware_stack(scope, receive, send)
  File "/home/thein/projects/projects/TTA/.venv/lib/python3.11/site-packages/starlette/middleware/errors.py", line 186, in __call__
    raise exc
  File "/home/thein/projects/projects/TTA/.venv/lib/python3.11/site-packages/starlette/middleware/errors.py", line 164, in __call__
    await self.app(scope, receive, _send)
  File "/home/thein/projects/projects/TTA/.venv/lib/python3.11/site-packages/starlette/middleware/base.py", line 182, in __call__
    with recv_stream, send_stream, collapse_excgroups():
  File "/home/thein/.local/share/uv/python/cpython-3.11.12-linux-x86_64-gnu/lib/python3.11/contextlib.py", line 158, in __exit__
    self.gen.throw(typ, value, traceback)
  File "/home/thein/projects/projects/TTA/.venv/lib/python3.11/site-packages/starlette/_utils.py", line 83, in collapse_excgroups
    raise exc
  File "/home/thein/projects/projects/TTA/.venv/lib/python3.11/site-packages/starlette/middleware/base.py", line 184, in __call__
    response = await self.dispatch_func(request, call_next)
               ^^^^^^^^^^^^^^^^^^^^^^^^^^^^^^^^^^^^^^^^^^^^
  File "/home/thein/projects/projects/TTA/src/player_experience/api/middleware.py", line 326, in dispatch
    return await call_next(request)
           ^^^^^^^^^^^^^^^^^^^^^^^^
  File "/home/thein/projects/projects/TTA/.venv/lib/python3.11/site-packages/starlette/middleware/base.py", line 159, in call_next
    raise app_exc
  File "/home/thein/projects/projects/TTA/.venv/lib/python3.11/site-packages/starlette/middleware/base.py", line 144, in coro
    await self.app(scope, receive_or_disconnect, send_no_error)
  File "/home/thein/projects/projects/TTA/.venv/lib/python3.11/site-packages/starlette/middleware/base.py", line 182, in __call__
    with recv_stream, send_stream, collapse_excgroups():
  File "/home/thein/.local/share/uv/python/cpython-3.11.12-linux-x86_64-gnu/lib/python3.11/contextlib.py", line 158, in __exit__
    self.gen.throw(typ, value, traceback)
  File "/home/thein/projects/projects/TTA/.venv/lib/python3.11/site-packages/starlette/_utils.py", line 83, in collapse_excgroups
    raise exc
  File "/home/thein/projects/projects/TTA/.venv/lib/python3.11/site-packages/starlette/middleware/base.py", line 184, in __call__
    response = await self.dispatch_func(request, call_next)
               ^^^^^^^^^^^^^^^^^^^^^^^^^^^^^^^^^^^^^^^^^^^^
  File "/home/thein/projects/projects/TTA/src/player_experience/api/middleware.py", line 125, in dispatch
    request_id, endpoint, method, user_id=getattr(request.state, 'current_player', {}).get('player_id')
                                          ^^^^^^^^^^^^^^^^^^^^^^^^^^^^^^^^^^^^^^^^^^^^^^^^
  File "/home/thein/projects/projects/TTA/.venv/lib/python3.11/site-packages/pydantic/main.py", line 991, in __getattr__
    raise AttributeError(f'{type(self).__name__!r} object has no attribute {item!r}')
AttributeError: 'TokenData' object has no attribute 'get'

During handling of the above exception, another exception occurred:

client = &lt;starlette.testclient.TestClient object at 0x7f0ab8636690&gt;
auth_headers = {'Authorization': 'Bearer eyJhbGciOiJIUzI1NiIsInR5cCI6IkpXVCJ9.eyJzdWIiOiJwbGF5ZXItMSIsInVzZXJuYW1lIjoidGVzdCIsImVtYWlsIjoidEBleGFtcGxlLmNvbSJ9.DE2WW7UOZIloq5961SRTHMfz32kGgx09aLEhRoYZBrQ'}

    def test_list_worlds_pagination(client: TestClient, auth_headers: Dict[str, str]) -&gt; None:
&gt;       resp_all = client.get("/api/v1/worlds/", headers=auth_headers)
                   ^^^^^^^^^^^^^^^^^^^^^^^^^^^^^^^^^^^^^^^^^^^^^^^^^^^

tests/test_world_management_api.py:120:
_ _ _ _ _ _ _ _ _ _ _ _ _ _ _ _ _ _ _ _ _ _ _ _ _ _ _ _ _ _ _ _ _ _ _ _ _ _ _ _ _ _ _ _ _ _ _ _ _ _ _ _ _ _ _ _ _ _ _ _ _ _
.venv/lib/python3.11/site-packages/starlette/testclient.py:479: in get
    return super().get(
.venv/lib/python3.11/site-packages/httpx/_client.py:1066: in get
    return self.request(
.venv/lib/python3.11/site-packages/starlette/testclient.py:451: in request
    return super().request(
.venv/lib/python3.11/site-packages/httpx/_client.py:837: in request
    return self.send(request, auth=auth, follow_redirects=follow_redirects)
           ^^^^^^^^^^^^^^^^^^^^^^^^^^^^^^^^^^^^^^^^^^^^^^^^^^^^^^^^^^^^^^^^
.venv/lib/python3.11/site-packages/httpx/_client.py:926: in send
    response = self._send_handling_auth(
.venv/lib/python3.11/site-packages/httpx/_client.py:954: in _send_handling_auth
    response = self._send_handling_redirects(
.venv/lib/python3.11/site-packages/httpx/_client.py:991: in _send_handling_redirects
    response = self._send_single_request(request)
               ^^^^^^^^^^^^^^^^^^^^^^^^^^^^^^^^^^
.venv/lib/python3.11/site-packages/httpx/_client.py:1027: in _send_single_request
    response = transport.handle_request(request)
               ^^^^^^^^^^^^^^^^^^^^^^^^^^^^^^^^^
.venv/lib/python3.11/site-packages/starlette/testclient.py:354: in handle_request
    raise exc
.venv/lib/python3.11/site-packages/starlette/testclient.py:351: in handle_request
    portal.call(self.app, scope, receive, send)
.venv/lib/python3.11/site-packages/anyio/from_thread.py:291: in call
    return cast(T_Retval, self.start_task_soon(func, *args).result())
                          ^^^^^^^^^^^^^^^^^^^^^^^^^^^^^^^^^^^^^^^^^^
../../../.local/share/uv/python/cpython-3.11.12-linux-x86_64-gnu/lib/python3.11/concurrent/futures/_base.py:456: in result
    return self.__get_result()
           ^^^^^^^^^^^^^^^^^^^
../../../.local/share/uv/python/cpython-3.11.12-linux-x86_64-gnu/lib/python3.11/concurrent/futures/_base.py:401: in __get_result
    raise self._exception
.venv/lib/python3.11/site-packages/anyio/from_thread.py:222: in _call_func
    retval = await retval_or_awaitable
             ^^^^^^^^^^^^^^^^^^^^^^^^^
.venv/lib/python3.11/site-packages/fastapi/applications.py:1054: in __call__
    await super().__call__(scope, receive, send)
.venv/lib/python3.11/site-packages/starlette/applications.py:113: in __call__
    await self.middleware_stack(scope, receive, send)
.venv/lib/python3.11/site-packages/starlette/middleware/errors.py:186: in __call__
    raise exc
.venv/lib/python3.11/site-packages/starlette/middleware/errors.py:164: in __call__
    await self.app(scope, receive, _send)
.venv/lib/python3.11/site-packages/starlette/middleware/base.py:182: in __call__
    with recv_stream, send_stream, collapse_excgroups():
../../../.local/share/uv/python/cpython-3.11.12-linux-x86_64-gnu/lib/python3.11/contextlib.py:158: in __exit__
    self.gen.throw(typ, value, traceback)
.venv/lib/python3.11/site-packages/starlette/_utils.py:83: in collapse_excgroups
    raise exc
.venv/lib/python3.11/site-packages/starlette/middleware/base.py:184: in __call__
    response = await self.dispatch_func(request, call_next)
               ^^^^^^^^^^^^^^^^^^^^^^^^^^^^^^^^^^^^^^^^^^^^
src/player_experience/api/middleware.py:326: in dispatch
    return await call_next(request)
           ^^^^^^^^^^^^^^^^^^^^^^^^
.venv/lib/python3.11/site-packages/starlette/middleware/base.py:159: in call_next
    raise app_exc
.venv/lib/python3.11/site-packages/starlette/middleware/base.py:144: in coro
    await self.app(scope, receive_or_disconnect, send_no_error)
.venv/lib/python3.11/site-packages/starlette/middleware/base.py:182: in __call__
    with recv_stream, send_stream, collapse_excgroups():
../../../.local/share/uv/python/cpython-3.11.12-linux-x86_64-gnu/lib/python3.11/contextlib.py:158: in __exit__
    self.gen.throw(typ, value, traceback)
.venv/lib/python3.11/site-packages/starlette/_utils.py:83: in collapse_excgroups
    raise exc
.venv/lib/python3.11/site-packages/starlette/middleware/base.py:184: in __call__
    response = await self.dispatch_func(request, call_next)
               ^^^^^^^^^^^^^^^^^^^^^^^^^^^^^^^^^^^^^^^^^^^^
src/player_experience/api/middleware.py:125: in dispatch
    request_id, endpoint, method, user_id=getattr(request.state, 'current_player', {}).get('player_id')
                                          ^^^^^^^^^^^^^^^^^^^^^^^^^^^^^^^^^^^^^^^^^^^^^^^^
_ _ _ _ _ _ _ _ _ _ _ _ _ _ _ _ _ _ _ _ _ _ _ _ _ _ _ _ _ _ _ _ _ _ _ _ _ _ _ _ _ _ _ _ _ _ _ _ _ _ _ _ _ _ _ _ _ _ _ _ _ _

self = TokenData(player_id='player-1', username='test', email='t@example.com', exp=None), item = 'get'

    def __getattr__(self, item: str) -&gt; Any:
        private_attributes = object.__getattribute__(self, '__private_attributes__')
        if item in private_attributes:
            attribute = private_attributes[item]
            if hasattr(attribute, '__get__'):
                return attribute.__get__(self, type(self))  # type: ignore

            try:
                # Note: self.__pydantic_private__ cannot be None if self.__private_attributes__ has items
                return self.__pydantic_private__[item]  # type: ignore
            except KeyError as exc:
                raise AttributeError(f'{type(self).__name__!r} object has no attribute {item!r}') from exc
        else:
            # `__pydantic_extra__` can fail to be set if the model is not yet fully initialized.
            # See `BaseModel.__repr_args__` for more details
            try:
                pydantic_extra = object.__getattribute__(self, '__pydantic_extra__')
            except AttributeError:
                pydantic_extra = None

            if pydantic_extra:
                try:
                    return pydantic_extra[item]
                except KeyError as exc:
                    raise AttributeError(f'{type(self).__name__!r} object has no attribute {item!r}') from exc
            else:
                if hasattr(self.__class__, item):
                    return super().__getattribute__(item)  # Raises AttributeError if appropriate
                else:
                    # this is the current error
&gt;                   raise AttributeError(f'{type(self).__name__!r} object has no attribute {item!r}')
E                   AttributeError: 'TokenData' object has no attribute 'get'

.venv/lib/python3.11/site-packages/pydantic/main.py:991: AttributeError</failure></testcase><testcase classname="tests.test_world_management_module.TestWorldManagementModule" name="test_advanced_compatibility_checking_with_character_object" time="0.001" /><testcase classname="tests.test_world_management_module.TestWorldManagementModule" name="test_assess_world_suitability_for_character" time="0.001" /><testcase classname="tests.test_world_management_module.TestWorldManagementModule" name="test_assess_world_suitability_nonexistent_world" time="0.001" /><testcase classname="tests.test_world_management_module.TestWorldManagementModule" name="test_basic_compatibility_score_calculation" time="0.000" /><testcase classname="tests.test_world_management_module.TestWorldManagementModule" name="test_check_world_compatibility_existing_world" time="0.000" /><testcase classname="tests.test_world_management_module.TestWorldManagementModule" name="test_check_world_compatibility_nonexistent_world" time="0.001" /><testcase classname="tests.test_world_management_module.TestWorldManagementModule" name="test_compatibility_factors_calculation" time="0.001" /><testcase classname="tests.test_world_management_module.TestWorldManagementModule" name="test_customize_world_parameters_invalid_parameters" time="0.000" /><testcase classname="tests.test_world_management_module.TestWorldManagementModule" name="test_customize_world_parameters_invalid_world" time="0.001" /><testcase classname="tests.test_world_management_module.TestWorldManagementModule" name="test_customize_world_parameters_valid" time="0.000" /><testcase classname="tests.test_world_management_module.TestWorldManagementModule" name="test_get_available_worlds_with_character" time="0.001" /><testcase classname="tests.test_world_management_module.TestWorldManagementModule" name="test_get_available_worlds_without_character" time="0.000" /><testcase classname="tests.test_world_management_module.TestWorldManagementModule" name="test_get_world_details_existing_world" time="0.001" /><testcase classname="tests.test_world_management_module.TestWorldManagementModule" name="test_get_world_details_nonexistent_world" time="0.001" /><testcase classname="tests.test_world_management_module.TestWorldManagementModule" name="test_get_world_recommendations" time="0.001" /><testcase classname="tests.test_world_management_module.TestWorldManagementModule" name="test_initialization" time="0.001" /><testcase classname="tests.test_world_management_module.TestWorldManagementModule" name="test_initialize_character_in_world_basic" time="0.001" /><testcase classname="tests.test_world_management_module.TestWorldManagementModule" name="test_initialize_character_in_world_nonexistent_world" time="0.001" /><testcase classname="tests.test_world_management_module.TestWorldManagementModule" name="test_initialize_character_in_world_with_parameters" time="0.001" /><testcase classname="tests.test_world_management_module.TestWorldManagementModule" name="test_initialize_character_with_external_components" time="0.002" /><testcase classname="tests.test_world_management_module.TestWorldManagementModule" name="test_world_parameters_validation" time="0.001" /></testsuite></testsuites>
