{"meta": {"format": 3, "version": "7.10.7", "timestamp": "2025-10-08T10:16:00.318387", "branch_coverage": false, "show_contexts": false}, "files": {"src/components/__init__.py": {"executed_lines": [], "summary": {"covered_lines": 0, "num_statements": 19, "percent_covered": 0.0, "percent_covered_display": "0", "missing_lines": 19, "excluded_lines": 0}, "missing_lines": [40, 41, 42, 43, 44, 45, 46, 47, 48, 50, 64, 65, 67, 68, 69, 70, 71, 72, 73], "excluded_lines": [], "functions": {"": {"executed_lines": [], "summary": {"covered_lines": 0, "num_statements": 19, "percent_covered": 0.0, "percent_covered_display": "0", "missing_lines": 19, "excluded_lines": 0}, "missing_lines": [40, 41, 42, 43, 44, 45, 46, 47, 48, 50, 64, 65, 67, 68, 69, 70, 71, 72, 73], "excluded_lines": []}}, "classes": {"": {"executed_lines": [], "summary": {"covered_lines": 0, "num_statements": 19, "percent_covered": 0.0, "percent_covered_display": "0", "missing_lines": 19, "excluded_lines": 0}, "missing_lines": [40, 41, 42, 43, 44, 45, 46, 47, 48, 50, 64, 65, 67, 68, 69, 70, 71, 72, 73], "excluded_lines": []}}}, "src/components/agent_orchestration_component.py": {"executed_lines": [], "summary": {"covered_lines": 0, "num_statements": 1458, "percent_covered": 0.0, "percent_covered_display": "0", "missing_lines": 1458, "excluded_lines": 0}, "missing_lines": [8, 10, 11, 12, 13, 15, 16, 19, 27, 28, 29, 30, 31, 32, 33, 34, 35, 36, 37, 38, 39, 40, 45, 48, 56, 57, 62, 64, 65, 66, 67, 68, 69, 70, 71, 73, 75, 77, 78, 83, 84, 96, 97, 98, 101, 102, 105, 106, 109, 110, 114, 117, 118, 123, 124, 126, 127, 131, 135, 137, 138, 141, 144, 145, 146, 147, 148, 150, 151, 152, 153, 154, 156, 157, 158, 160, 162, 164, 167, 170, 172, 177, 178, 181, 182, 184, 189, 195, 200, 208, 210, 211, 212, 216, 217, 223, 224, 225, 231, 232, 233, 234, 236, 239, 247, 248, 251, 252, 254, 260, 261, 262, 263, 264, 265, 275, 276, 281, 282, 283, 284, 285, 286, 287, 288, 289, 291, 292, 295, 300, 302, 303, 304, 305, 307, 310, 315, 320, 323, 324, 326, 327, 332, 333, 334, 337, 339, 366, 369, 370, 372, 373, 374, 375, 376, 379, 380, 385, 398, 399, 402, 405, 406, 407, 408, 409, 416, 417, 420, 421, 424, 425, 429, 460, 463, 464, 467, 468, 473, 474, 478, 499, 500, 501, 506, 507, 508, 509, 513, 523, 524, 525, 530, 531, 532, 533, 535, 536, 537, 546, 568, 572, 576, 595, 614, 626, 627, 628, 631, 632, 633, 635, 638, 641, 643, 648, 656, 661, 662, 665, 666, 667, 668, 669, 670, 674, 675, 676, 677, 678, 679, 684, 688, 689, 690, 691, 692, 694, 695, 696, 697, 698, 699, 701, 702, 703, 704, 705, 706, 708, 712, 713, 714, 715, 716, 719, 720, 723, 725, 726, 727, 728, 729, 730, 731, 732, 733, 736, 737, 738, 739, 744, 746, 751, 752, 753, 754, 755, 756, 757, 758, 760, 762, 763, 765, 773, 774, 775, 776, 777, 780, 781, 782, 783, 788, 790, 796, 797, 798, 799, 800, 801, 802, 804, 807, 812, 826, 827, 830, 832, 833, 835, 836, 841, 844, 849, 853, 854, 855, 856, 858, 859, 864, 866, 871, 872, 873, 874, 876, 877, 879, 880, 884, 885, 890, 891, 893, 894, 897, 898, 900, 904, 905, 906, 907, 909, 910, 913, 926, 927, 929, 930, 931, 933, 934, 942, 943, 945, 946, 948, 949, 952, 953, 954, 959, 960, 961, 963, 964, 969, 975, 989, 994, 995, 996, 997, 998, 999, 1000, 1002, 1003, 1006, 1008, 1009, 1010, 1012, 1018, 1019, 1020, 1021, 1023, 1029, 1031, 1032, 1037, 1038, 1041, 1044, 1045, 1048, 1049, 1050, 1051, 1053, 1055, 1056, 1060, 1066, 1072, 1075, 1076, 1080, 1081, 1082, 1084, 1085, 1086, 1089, 1090, 1094, 1095, 1096, 1098, 1099, 1100, 1103, 1104, 1108, 1109, 1110, 1112, 1113, 1114, 1115, 1116, 1119, 1120, 1123, 1126, 1129, 1140, 1141, 1143, 1145, 1147, 1148, 1149, 1152, 1157, 1158, 1161, 1165, 1169, 1170, 1171, 1172, 1173, 1175, 1176, 1177, 1179, 1180, 1183, 1184, 1185, 1186, 1187, 1188, 1190, 1191, 1192, 1193, 1194, 1195, 1197, 1198, 1199, 1200, 1201, 1203, 1204, 1205, 1207, 1208, 1210, 1211, 1212, 1213, 1214, 1215, 1217, 1218, 1219, 1220, 1221, 1222, 1225, 1226, 1227, 1228, 1229, 1230, 1231, 1232, 1234, 1235, 1236, 1237, 1238, 1240, 1241, 1242, 1243, 1244, 1245, 1246, 1250, 1251, 1252, 1253, 1254, 1257, 1258, 1259, 1260, 1262, 1265, 1266, 1267, 1268, 1269, 1270, 1273, 1274, 1275, 1276, 1277, 1278, 1282, 1283, 1284, 1285, 1286, 1287, 1290, 1291, 1295, 1296, 1297, 1299, 1300, 1301, 1302, 1305, 1306, 1307, 1308, 1310, 1313, 1314, 1315, 1316, 1318, 1319, 1320, 1321, 1322, 1323, 1324, 1326, 1333, 1335, 1337, 1339, 1340, 1341, 1342, 1343, 1344, 1345, 1346, 1348, 1350, 1352, 1353, 1354, 1356, 1359, 1364, 1367, 1369, 1372, 1373, 1374, 1376, 1377, 1378, 1381, 1382, 1384, 1385, 1386, 1387, 1388, 1389, 1395, 1396, 1399, 1402, 1408, 1409, 1410, 1411, 1412, 1413, 1414, 1415, 1416, 1417, 1418, 1421, 1422, 1425, 1426, 1427, 1430, 1431, 1432, 1437, 1439, 1441, 1443, 1444, 1445, 1446, 1447, 1450, 1451, 1452, 1454, 1458, 1460, 1462, 1465, 1466, 1467, 1468, 1472, 1479, 1480, 1481, 1482, 1483, 1484, 1487, 1489, 1493, 1494, 1495, 1496, 1500, 1504, 1505, 1506, 1507, 1508, 1513, 1514, 1516, 1519, 1524, 1525, 1526, 1527, 1535, 1536, 1537, 1538, 1539, 1541, 1542, 1543, 1544, 1545, 1546, 1547, 1549, 1550, 1551, 1552, 1553, 1554, 1555, 1557, 1558, 1567, 1571, 1572, 1578, 1579, 1580, 1581, 1583, 1585, 1586, 1587, 1588, 1589, 1590, 1591, 1592, 1594, 1595, 1596, 1598, 1601, 1602, 1606, 1612, 1613, 1616, 1617, 1618, 1622, 1623, 1625, 1626, 1628, 1634, 1635, 1637, 1638, 1639, 1640, 1645, 1646, 1647, 1648, 1649, 1650, 1651, 1653, 1654, 1661, 1662, 1664, 1665, 1670, 1672, 1673, 1674, 1675, 1676, 1677, 1678, 1679, 1681, 1682, 1686, 1687, 1688, 1691, 1709, 1710, 1712, 1713, 1715, 1716, 1717, 1718, 1720, 1721, 1724, 1725, 1726, 1728, 1729, 1730, 1731, 1732, 1733, 1734, 1736, 1737, 1744, 1745, 1749, 1750, 1751, 1752, 1753, 1755, 1756, 1757, 1758, 1763, 1764, 1766, 1767, 1769, 1770, 1771, 1772, 1773, 1774, 1776, 1777, 1781, 1782, 1783, 1785, 1786, 1787, 1788, 1792, 1793, 1794, 1795, 1797, 1798, 1801, 1802, 1803, 1804, 1806, 1807, 1808, 1810, 1813, 1814, 1816, 1817, 1818, 1819, 1820, 1821, 1822, 1824, 1825, 1826, 1827, 1828, 1830, 1831, 1832, 1833, 1834, 1835, 1836, 1837, 1838, 1840, 1843, 1844, 1846, 1847, 1848, 1849, 1850, 1858, 1859, 1861, 1863, 1868, 1873, 1878, 1884, 1890, 1897, 1903, 1910, 1917, 1918, 1921, 1925, 1926, 1927, 1928, 1929, 1930, 1931, 1932, 1933, 1934, 1936, 1941, 1944, 1945, 1946, 1951, 1957, 1960, 1961, 1962, 1963, 1964, 1965, 1966, 1970, 1971, 1974, 1977, 1978, 1979, 1981, 1982, 1983, 1984, 1985, 1988, 1989, 1990, 1991, 1993, 1997, 2000, 2005, 2010, 2015, 2016, 2017, 2018, 2019, 2020, 2021, 2022, 2023, 2036, 2037, 2038, 2039, 2040, 2042, 2043, 2044, 2045, 2048, 2049, 2051, 2052, 2055, 2059, 2062, 2065, 2068, 2069, 2072, 2073, 2075, 2081, 2087, 2093, 2101, 2106, 2107, 2108, 2109, 2110, 2111, 2112, 2113, 2115, 2116, 2117, 2118, 2119, 2120, 2122, 2123, 2130, 2131, 2132, 2133, 2134, 2135, 2137, 2139, 2140, 2145, 2148, 2149, 2150, 2152, 2153, 2154, 2155, 2157, 2162, 2163, 2164, 2165, 2166, 2167, 2168, 2174, 2175, 2180, 2184, 2185, 2186, 2187, 2188, 2189, 2190, 2192, 2193, 2194, 2197, 2199, 2200, 2201, 2202, 2206, 2207, 2236, 2237, 2240, 2241, 2242, 2243, 2244, 2246, 2247, 2250, 2253, 2255, 2256, 2257, 2259, 2262, 2263, 2264, 2266, 2269, 2274, 2275, 2276, 2277, 2278, 2280, 2281, 2282, 2283, 2284, 2285, 2286, 2291, 2292, 2293, 2294, 2302, 2303, 2304, 2305, 2306, 2307, 2309, 2310, 2314, 2317, 2318, 2319, 2320, 2322, 2325, 2326, 2330, 2331, 2332, 2333, 2336, 2338, 2339, 2345, 2348, 2349, 2350, 2351, 2353, 2356, 2357, 2360, 2361, 2362, 2363, 2364, 2365, 2366, 2368, 2372, 2375, 2376, 2384, 2386, 2387, 2388, 2397, 2398, 2399, 2400, 2401, 2403, 2404, 2408, 2411, 2412, 2413, 2414, 2416, 2419, 2420, 2421, 2423, 2424, 2425, 2426, 2429, 2430, 2431, 2432, 2436, 2438, 2439, 2440, 2441, 2442, 2444, 2445, 2446, 2448, 2461, 2463, 2464, 2466, 2470, 2471, 2472, 2474, 2475, 2476, 2477, 2478, 2479, 2484, 2486, 2487, 2488, 2489, 2490, 2491, 2492, 2493, 2494, 2495, 2497, 2498, 2499, 2500, 2502, 2507, 2508, 2510, 2511, 2514, 2517, 2518, 2521, 2522, 2524, 2527, 2528, 2529, 2530, 2532, 2534, 2536, 2537, 2539, 2552, 2553, 2554, 2555, 2556, 2561, 2562, 2563, 2564, 2566, 2567, 2568, 2569, 2572, 2573, 2574, 2576, 2578, 2582, 2584, 2586, 2587, 2589, 2590, 2591, 2592, 2593, 2594, 2595, 2597, 2598, 2599, 2600, 2601, 2602, 2618, 2619, 2621, 2622, 2623, 2626, 2627, 2628, 2629, 2630, 2631, 2632, 2633, 2634, 2644, 2645, 2646, 2647, 2649, 2650, 2651, 2652, 2654, 2655, 2663, 2666, 2667, 2669, 2670, 2671, 2672, 2673, 2674, 2675, 2676, 2677, 2678, 2679, 2680, 2681, 2691, 2692, 2693, 2694, 2695, 2696, 2697, 2699, 2700, 2701, 2702, 2703, 2705, 2706, 2707, 2710, 2711, 2712, 2713, 2715, 2716, 2717, 2728, 2733, 2735, 2736, 2741, 2742, 2745, 2746, 2747, 2748, 2749, 2750, 2752, 2755, 2756, 2758, 2762, 2763, 2764, 2765, 2766, 2767, 2768, 2769, 2771, 2774, 2775, 2776, 2779, 2783, 2785, 2786, 2788, 2794, 2795, 2796, 2797, 2799, 2801, 2803, 2804, 2805, 2810, 2811, 2812, 2813, 2814, 2815, 2817, 2818, 2819, 2820, 2821, 2822, 2823, 2824, 2826, 2828, 2829, 2834, 2836, 2839, 2840, 2842, 2846, 2847, 2849, 2850, 2854, 2855, 2856, 2857, 2861, 2863, 2864, 2866, 2872, 2875, 2876, 2878, 2883, 2889, 2890, 2891, 2892, 2895, 2897, 2898, 2899, 2902, 2903, 2904, 2905, 2906, 2909, 2915, 2916, 2920, 2927, 2928, 2931, 2933, 2934, 2936, 2939, 2940, 2942, 2943, 2944, 2945, 2946, 2947, 2948, 2949, 2950, 2951, 2953, 2954, 2956, 2959, 2961, 2962, 2963, 2966, 2967, 2968, 2969, 2970, 2972, 2976, 2977, 2978, 2979, 2980, 2981, 2982, 2983, 2984, 2985, 2986, 2987, 2988, 2990, 2992, 2994, 2995, 2996, 2997, 3000, 3001, 3002, 3003, 3004, 3005, 3008, 3009, 3010, 3012, 3013, 3015, 3017, 3018, 3020, 3022, 3023, 3038, 3039, 3042, 3054, 3056, 3057, 3059, 3061, 3062, 3063, 3064, 3065, 3066, 3068, 3070, 3073, 3076, 3077], "excluded_lines": [], "functions": {"_parse_bytes": {"executed_lines": [], "summary": {"covered_lines": 0, "num_statements": 13, "percent_covered": 0.0, "percent_covered_display": "0", "missing_lines": 13, "excluded_lines": 0}, "missing_lines": [28, 29, 30, 31, 32, 33, 34, 35, 36, 37, 38, 39, 40], "excluded_lines": []}, "AgentOrchestrationComponent.__init__": {"executed_lines": [], "summary": {"covered_lines": 0, "num_statements": 11, "percent_covered": 0.0, "percent_covered_display": "0", "missing_lines": 11, "excluded_lines": 0}, "missing_lines": [57, 62, 64, 65, 66, 67, 68, 69, 70, 71, 73], "excluded_lines": []}, "AgentOrchestrationComponent._validate_configuration": {"executed_lines": [], "summary": {"covered_lines": 0, "num_statements": 25, "percent_covered": 0.0, "percent_covered_display": "0", "missing_lines": 25, "excluded_lines": 0}, "missing_lines": [77, 78, 83, 84, 96, 97, 98, 101, 102, 105, 106, 109, 110, 114, 117, 118, 123, 124, 126, 127, 131, 135, 137, 138, 141], "excluded_lines": []}, "AgentOrchestrationComponent.start": {"executed_lines": [], "summary": {"covered_lines": 0, "num_statements": 4, "percent_covered": 0.0, "percent_covered_display": "0", "missing_lines": 4, "excluded_lines": 0}, "missing_lines": [145, 146, 147, 148], "excluded_lines": []}, "AgentOrchestrationComponent.stop": {"executed_lines": [], "summary": {"covered_lines": 0, "num_statements": 4, "percent_covered": 0.0, "percent_covered_display": "0", "missing_lines": 4, "excluded_lines": 0}, "missing_lines": [151, 152, 153, 154], "excluded_lines": []}, "AgentOrchestrationComponent._start_impl": {"executed_lines": [], "summary": {"covered_lines": 0, "num_statements": 324, "percent_covered": 0.0, "percent_covered_display": "0", "missing_lines": 324, "excluded_lines": 0}, "missing_lines": [160, 162, 164, 167, 170, 172, 177, 178, 181, 182, 184, 189, 195, 200, 208, 210, 211, 212, 216, 217, 223, 224, 225, 231, 232, 233, 234, 236, 239, 247, 248, 251, 252, 254, 260, 261, 262, 263, 264, 265, 275, 276, 281, 282, 283, 284, 285, 286, 287, 288, 289, 291, 292, 295, 300, 302, 303, 304, 305, 307, 310, 315, 320, 323, 324, 326, 327, 332, 333, 334, 337, 339, 366, 369, 370, 372, 373, 374, 375, 376, 379, 380, 385, 398, 399, 402, 405, 406, 407, 408, 409, 416, 417, 420, 421, 424, 425, 429, 460, 463, 464, 467, 468, 473, 474, 478, 499, 500, 501, 506, 507, 508, 509, 513, 523, 524, 525, 530, 531, 532, 533, 535, 536, 537, 546, 568, 572, 576, 595, 614, 626, 627, 628, 631, 632, 633, 635, 638, 641, 643, 648, 656, 661, 662, 665, 666, 667, 668, 669, 670, 674, 675, 676, 677, 678, 679, 684, 688, 689, 690, 691, 692, 694, 695, 696, 697, 698, 699, 701, 702, 703, 704, 705, 706, 708, 712, 713, 714, 715, 716, 719, 720, 723, 725, 760, 762, 804, 807, 812, 826, 827, 830, 832, 833, 835, 836, 841, 844, 849, 853, 854, 855, 856, 858, 859, 864, 866, 871, 872, 873, 874, 876, 877, 879, 880, 884, 885, 890, 891, 893, 894, 897, 898, 900, 904, 905, 906, 907, 909, 910, 913, 926, 927, 929, 930, 931, 933, 934, 942, 943, 945, 946, 948, 949, 952, 953, 954, 959, 960, 961, 963, 964, 969, 975, 989, 994, 995, 996, 997, 998, 999, 1000, 1002, 1003, 1006, 1008, 1009, 1010, 1012, 1018, 1019, 1020, 1021, 1023, 1029, 1053, 1075, 1076, 1080, 1081, 1082, 1084, 1085, 1086, 1089, 1090, 1094, 1095, 1096, 1098, 1099, 1100, 1103, 1104, 1108, 1109, 1110, 1112, 1113, 1114, 1115, 1116, 1119, 1120, 1123, 1126, 1129, 1140, 1141, 1143, 1145, 1147, 1148, 1149, 1152, 1157, 1158, 1161, 1165, 1169, 1170, 1171, 1172, 1173], "excluded_lines": []}, "AgentOrchestrationComponent._start_impl._restart_agent": {"executed_lines": [], "summary": {"covered_lines": 0, "num_statements": 22, "percent_covered": 0.0, "percent_covered_display": "0", "missing_lines": 22, "excluded_lines": 0}, "missing_lines": [726, 727, 728, 729, 730, 731, 732, 733, 736, 737, 738, 739, 744, 746, 751, 752, 753, 754, 755, 756, 757, 758], "excluded_lines": []}, "AgentOrchestrationComponent._start_impl._fallback_route": {"executed_lines": [], "summary": {"covered_lines": 0, "num_statements": 20, "percent_covered": 0.0, "percent_covered_display": "0", "missing_lines": 20, "excluded_lines": 0}, "missing_lines": [763, 765, 773, 774, 775, 776, 777, 780, 781, 782, 783, 788, 790, 796, 797, 798, 799, 800, 801, 802], "excluded_lines": []}, "AgentOrchestrationComponent._start_impl._inst": {"executed_lines": [], "summary": {"covered_lines": 0, "num_statements": 11, "percent_covered": 0.0, "percent_covered_display": "0", "missing_lines": 11, "excluded_lines": 0}, "missing_lines": [1031, 1032, 1037, 1038, 1041, 1044, 1045, 1048, 1049, 1050, 1051], "excluded_lines": []}, "AgentOrchestrationComponent._start_impl._should_register_agent": {"executed_lines": [], "summary": {"covered_lines": 0, "num_statements": 5, "percent_covered": 0.0, "percent_covered_display": "0", "missing_lines": 5, "excluded_lines": 0}, "missing_lines": [1055, 1056, 1060, 1066, 1072], "excluded_lines": []}, "AgentOrchestrationComponent._stop_impl": {"executed_lines": [], "summary": {"covered_lines": 0, "num_statements": 109, "percent_covered": 0.0, "percent_covered_display": "0", "missing_lines": 109, "excluded_lines": 0}, "missing_lines": [1179, 1180, 1183, 1184, 1185, 1186, 1187, 1188, 1190, 1191, 1192, 1193, 1194, 1195, 1197, 1198, 1199, 1200, 1201, 1203, 1204, 1205, 1207, 1208, 1210, 1211, 1212, 1213, 1214, 1215, 1217, 1218, 1219, 1220, 1221, 1222, 1225, 1226, 1227, 1228, 1229, 1230, 1231, 1232, 1234, 1235, 1236, 1237, 1238, 1240, 1241, 1242, 1243, 1244, 1245, 1246, 1250, 1251, 1252, 1253, 1254, 1257, 1258, 1259, 1260, 1262, 1265, 1266, 1267, 1268, 1269, 1270, 1273, 1274, 1275, 1276, 1277, 1278, 1282, 1283, 1284, 1285, 1286, 1287, 1290, 1291, 1295, 1296, 1297, 1299, 1300, 1301, 1302, 1305, 1306, 1307, 1308, 1310, 1313, 1314, 1315, 1316, 1318, 1319, 1320, 1321, 1322, 1323, 1324], "excluded_lines": []}, "AgentOrchestrationComponent.get_service": {"executed_lines": [], "summary": {"covered_lines": 0, "num_statements": 1, "percent_covered": 0.0, "percent_covered_display": "0", "missing_lines": 1, "excluded_lines": 0}, "missing_lines": [1333], "excluded_lines": []}, "AgentOrchestrationComponent._poll_queue_metrics": {"executed_lines": [], "summary": {"covered_lines": 0, "num_statements": 9, "percent_covered": 0.0, "percent_covered_display": "0", "missing_lines": 9, "excluded_lines": 0}, "missing_lines": [1337, 1339, 1340, 1341, 1342, 1343, 1344, 1345, 1346], "excluded_lines": []}, "AgentOrchestrationComponent._poll_queue_metrics_once": {"executed_lines": [], "summary": {"covered_lines": 0, "num_statements": 48, "percent_covered": 0.0, "percent_covered_display": "0", "missing_lines": 48, "excluded_lines": 0}, "missing_lines": [1350, 1352, 1353, 1354, 1356, 1359, 1364, 1367, 1369, 1372, 1373, 1374, 1376, 1377, 1378, 1381, 1382, 1384, 1385, 1386, 1387, 1388, 1389, 1395, 1396, 1399, 1402, 1408, 1409, 1410, 1411, 1412, 1413, 1414, 1415, 1416, 1417, 1418, 1421, 1422, 1425, 1426, 1427, 1430, 1431, 1432, 1437, 1439], "excluded_lines": []}, "AgentOrchestrationComponent._create_diagnostics_app": {"executed_lines": [], "summary": {"covered_lines": 0, "num_statements": 123, "percent_covered": 0.0, "percent_covered_display": "0", "missing_lines": 123, "excluded_lines": 0}, "missing_lines": [1443, 1444, 1445, 1446, 1447, 1450, 1451, 1452, 1454, 1458, 1460, 1462, 1465, 1466, 1467, 1468, 1472, 1479, 1480, 1481, 1482, 1483, 1484, 1487, 1489, 1493, 1494, 1495, 1496, 1500, 1504, 1505, 1506, 1507, 1508, 1513, 1514, 1516, 1519, 1524, 1585, 1586, 1587, 1588, 1589, 1590, 1591, 1592, 1594, 1616, 1617, 1618, 1622, 1623, 1625, 1628, 1634, 1635, 1637, 1638, 1645, 1646, 1776, 1777, 1843, 1844, 2139, 2140, 2197, 2199, 2200, 2246, 2247, 2309, 2310, 2336, 2338, 2339, 2403, 2404, 2429, 2430, 2431, 2432, 2436, 2438, 2439, 2510, 2511, 2586, 2587, 2589, 2590, 2621, 2622, 2654, 2655, 2728, 2733, 2735, 2736, 2799, 2895, 2897, 2898, 2909, 2915, 2916, 2920, 2927, 2928, 2931, 2933, 2934, 2953, 2954, 2966, 2967, 2968, 2969, 2970, 2972, 2990], "excluded_lines": []}, "AgentOrchestrationComponent._create_diagnostics_app._watcher": {"executed_lines": [], "summary": {"covered_lines": 0, "num_statements": 32, "percent_covered": 0.0, "percent_covered_display": "0", "missing_lines": 32, "excluded_lines": 0}, "missing_lines": [1525, 1526, 1527, 1535, 1536, 1537, 1538, 1539, 1541, 1542, 1543, 1544, 1545, 1546, 1547, 1549, 1550, 1551, 1552, 1553, 1554, 1555, 1557, 1558, 1567, 1571, 1572, 1578, 1579, 1580, 1581, 1583], "excluded_lines": []}, "AgentOrchestrationComponent._create_diagnostics_app._make_request_local_registry": {"executed_lines": [], "summary": {"covered_lines": 0, "num_statements": 8, "percent_covered": 0.0, "percent_covered_display": "0", "missing_lines": 8, "excluded_lines": 0}, "missing_lines": [1595, 1596, 1598, 1601, 1602, 1606, 1612, 1613], "excluded_lines": []}, "AgentOrchestrationComponent._create_diagnostics_app.default_resolver": {"executed_lines": [], "summary": {"covered_lines": 0, "num_statements": 1, "percent_covered": 0.0, "percent_covered_display": "0", "missing_lines": 1, "excluded_lines": 0}, "missing_lines": [1626], "excluded_lines": []}, "AgentOrchestrationComponent._create_diagnostics_app.health": {"executed_lines": [], "summary": {"covered_lines": 0, "num_statements": 2, "percent_covered": 0.0, "percent_covered_display": "0", "missing_lines": 2, "excluded_lines": 0}, "missing_lines": [1639, 1640], "excluded_lines": []}, "AgentOrchestrationComponent._create_diagnostics_app.metrics": {"executed_lines": [], "summary": {"covered_lines": 0, "num_statements": 69, "percent_covered": 0.0, "percent_covered_display": "0", "missing_lines": 69, "excluded_lines": 0}, "missing_lines": [1647, 1648, 1649, 1650, 1651, 1653, 1654, 1661, 1662, 1664, 1665, 1670, 1672, 1673, 1674, 1675, 1676, 1677, 1678, 1679, 1681, 1682, 1686, 1687, 1688, 1691, 1709, 1710, 1712, 1713, 1715, 1716, 1717, 1718, 1720, 1721, 1724, 1725, 1726, 1728, 1729, 1730, 1731, 1732, 1733, 1734, 1736, 1737, 1744, 1745, 1749, 1750, 1751, 1752, 1753, 1755, 1756, 1757, 1758, 1763, 1764, 1766, 1767, 1769, 1770, 1771, 1772, 1773, 1774], "excluded_lines": []}, "AgentOrchestrationComponent._create_diagnostics_app.agents": {"executed_lines": [], "summary": {"covered_lines": 0, "num_statements": 45, "percent_covered": 0.0, "percent_covered_display": "0", "missing_lines": 45, "excluded_lines": 0}, "missing_lines": [1781, 1782, 1783, 1785, 1786, 1787, 1788, 1792, 1793, 1794, 1795, 1797, 1798, 1801, 1802, 1803, 1804, 1806, 1807, 1808, 1810, 1813, 1814, 1816, 1817, 1818, 1819, 1820, 1821, 1822, 1824, 1825, 1826, 1827, 1828, 1830, 1831, 1832, 1833, 1834, 1835, 1836, 1837, 1838, 1840], "excluded_lines": []}, "AgentOrchestrationComponent._create_diagnostics_app.metrics_prometheus": {"executed_lines": [], "summary": {"covered_lines": 0, "num_statements": 122, "percent_covered": 0.0, "percent_covered_display": "0", "missing_lines": 122, "excluded_lines": 0}, "missing_lines": [1846, 1847, 1848, 1849, 1850, 1858, 1859, 1861, 1863, 1868, 1873, 1878, 1884, 1890, 1897, 1903, 1910, 1917, 1918, 1921, 1925, 1926, 1927, 1928, 1929, 1930, 1931, 1932, 1933, 1934, 1936, 1941, 1944, 1945, 1946, 1951, 1957, 1960, 1961, 1962, 1963, 1964, 1965, 1966, 1970, 1971, 1974, 1977, 1978, 1979, 1981, 1982, 1983, 1984, 1985, 1988, 1989, 1990, 1991, 1993, 1997, 2000, 2005, 2010, 2015, 2016, 2017, 2018, 2019, 2020, 2021, 2022, 2023, 2036, 2037, 2038, 2039, 2040, 2042, 2043, 2044, 2045, 2048, 2049, 2051, 2052, 2055, 2059, 2062, 2065, 2068, 2069, 2072, 2073, 2075, 2081, 2087, 2093, 2101, 2106, 2107, 2108, 2109, 2110, 2111, 2112, 2113, 2115, 2116, 2117, 2118, 2119, 2120, 2122, 2123, 2130, 2131, 2132, 2133, 2134, 2135, 2137], "excluded_lines": []}, "AgentOrchestrationComponent._create_diagnostics_app.routing_preview": {"executed_lines": [], "summary": {"covered_lines": 0, "num_statements": 29, "percent_covered": 0.0, "percent_covered_display": "0", "missing_lines": 29, "excluded_lines": 0}, "missing_lines": [2145, 2148, 2149, 2150, 2152, 2153, 2154, 2155, 2157, 2162, 2163, 2164, 2165, 2166, 2167, 2168, 2174, 2175, 2180, 2184, 2185, 2186, 2187, 2188, 2189, 2190, 2192, 2193, 2194], "excluded_lines": []}, "AgentOrchestrationComponent._create_diagnostics_app.policy_snapshot": {"executed_lines": [], "summary": {"covered_lines": 0, "num_statements": 11, "percent_covered": 0.0, "percent_covered_display": "0", "missing_lines": 11, "excluded_lines": 0}, "missing_lines": [2201, 2202, 2206, 2207, 2236, 2237, 2240, 2241, 2242, 2243, 2244], "excluded_lines": []}, "AgentOrchestrationComponent._create_diagnostics_app.policy_reload": {"executed_lines": [], "summary": {"covered_lines": 0, "num_statements": 33, "percent_covered": 0.0, "percent_covered_display": "0", "missing_lines": 33, "excluded_lines": 0}, "missing_lines": [2250, 2253, 2255, 2256, 2257, 2259, 2262, 2263, 2264, 2266, 2269, 2274, 2275, 2276, 2277, 2278, 2280, 2281, 2282, 2283, 2284, 2285, 2286, 2291, 2292, 2293, 2294, 2302, 2303, 2304, 2305, 2306, 2307], "excluded_lines": []}, "AgentOrchestrationComponent._create_diagnostics_app.policy_validate": {"executed_lines": [], "summary": {"covered_lines": 0, "num_statements": 12, "percent_covered": 0.0, "percent_covered_display": "0", "missing_lines": 12, "excluded_lines": 0}, "missing_lines": [2314, 2317, 2318, 2319, 2320, 2322, 2325, 2326, 2330, 2331, 2332, 2333], "excluded_lines": []}, "AgentOrchestrationComponent._create_diagnostics_app.workflows_rollback": {"executed_lines": [], "summary": {"covered_lines": 0, "num_statements": 28, "percent_covered": 0.0, "percent_covered_display": "0", "missing_lines": 28, "excluded_lines": 0}, "missing_lines": [2345, 2348, 2349, 2350, 2351, 2353, 2356, 2357, 2360, 2361, 2362, 2363, 2364, 2365, 2366, 2368, 2372, 2375, 2376, 2384, 2386, 2387, 2388, 2397, 2398, 2399, 2400, 2401], "excluded_lines": []}, "AgentOrchestrationComponent._create_diagnostics_app.workflows_rollback_history": {"executed_lines": [], "summary": {"covered_lines": 0, "num_statements": 13, "percent_covered": 0.0, "percent_covered_display": "0", "missing_lines": 13, "excluded_lines": 0}, "missing_lines": [2408, 2411, 2412, 2413, 2414, 2416, 2419, 2420, 2421, 2423, 2424, 2425, 2426], "excluded_lines": []}, "AgentOrchestrationComponent._create_diagnostics_app.safety_snapshot": {"executed_lines": [], "summary": {"covered_lines": 0, "num_statements": 38, "percent_covered": 0.0, "percent_covered_display": "0", "missing_lines": 38, "excluded_lines": 0}, "missing_lines": [2440, 2441, 2442, 2444, 2445, 2446, 2448, 2461, 2463, 2464, 2466, 2470, 2471, 2472, 2474, 2475, 2476, 2477, 2478, 2479, 2484, 2486, 2487, 2488, 2489, 2490, 2491, 2492, 2493, 2494, 2495, 2497, 2498, 2499, 2500, 2502, 2507, 2508], "excluded_lines": []}, "AgentOrchestrationComponent._create_diagnostics_app.safety_reload": {"executed_lines": [], "summary": {"covered_lines": 0, "num_statements": 19, "percent_covered": 0.0, "percent_covered_display": "0", "missing_lines": 19, "excluded_lines": 0}, "missing_lines": [2514, 2517, 2518, 2521, 2522, 2524, 2527, 2528, 2529, 2530, 2532, 2534, 2572, 2573, 2574, 2576, 2578, 2582, 2584], "excluded_lines": []}, "AgentOrchestrationComponent._create_diagnostics_app.safety_reload._do_reload": {"executed_lines": [], "summary": {"covered_lines": 0, "num_statements": 16, "percent_covered": 0.0, "percent_covered_display": "0", "missing_lines": 16, "excluded_lines": 0}, "missing_lines": [2536, 2537, 2539, 2552, 2553, 2554, 2555, 2556, 2561, 2562, 2563, 2564, 2566, 2567, 2568, 2569], "excluded_lines": []}, "AgentOrchestrationComponent._create_diagnostics_app.policy_status": {"executed_lines": [], "summary": {"covered_lines": 0, "num_statements": 13, "percent_covered": 0.0, "percent_covered_display": "0", "missing_lines": 13, "excluded_lines": 0}, "missing_lines": [2591, 2592, 2593, 2594, 2595, 2597, 2598, 2599, 2600, 2601, 2602, 2618, 2619], "excluded_lines": []}, "AgentOrchestrationComponent._create_diagnostics_app.tools_endpoint": {"executed_lines": [], "summary": {"covered_lines": 0, "num_statements": 18, "percent_covered": 0.0, "percent_covered_display": "0", "missing_lines": 18, "excluded_lines": 0}, "missing_lines": [2623, 2626, 2627, 2628, 2629, 2630, 2631, 2632, 2633, 2634, 2644, 2645, 2646, 2647, 2649, 2650, 2651, 2652], "excluded_lines": []}, "AgentOrchestrationComponent._create_diagnostics_app.tools_summary": {"executed_lines": [], "summary": {"covered_lines": 0, "num_statements": 35, "percent_covered": 0.0, "percent_covered_display": "0", "missing_lines": 35, "excluded_lines": 0}, "missing_lines": [2663, 2666, 2667, 2669, 2670, 2671, 2672, 2673, 2674, 2675, 2676, 2677, 2678, 2679, 2680, 2681, 2691, 2692, 2693, 2694, 2695, 2696, 2697, 2699, 2700, 2701, 2702, 2703, 2705, 2706, 2707, 2710, 2715, 2716, 2717], "excluded_lines": []}, "AgentOrchestrationComponent._create_diagnostics_app.tools_summary.usage_count": {"executed_lines": [], "summary": {"covered_lines": 0, "num_statements": 3, "percent_covered": 0.0, "percent_covered_display": "0", "missing_lines": 3, "excluded_lines": 0}, "missing_lines": [2711, 2712, 2713], "excluded_lines": []}, "AgentOrchestrationComponent._create_diagnostics_app.tools_execute": {"executed_lines": [], "summary": {"covered_lines": 0, "num_statements": 32, "percent_covered": 0.0, "percent_covered_display": "0", "missing_lines": 32, "excluded_lines": 0}, "missing_lines": [2741, 2742, 2745, 2746, 2747, 2748, 2749, 2750, 2752, 2755, 2756, 2758, 2762, 2763, 2764, 2765, 2766, 2767, 2768, 2769, 2771, 2774, 2775, 2776, 2779, 2783, 2785, 2788, 2794, 2795, 2796, 2797], "excluded_lines": []}, "AgentOrchestrationComponent._create_diagnostics_app.tools_execute._resolver": {"executed_lines": [], "summary": {"covered_lines": 0, "num_statements": 1, "percent_covered": 0.0, "percent_covered_display": "0", "missing_lines": 1, "excluded_lines": 0}, "missing_lines": [2786], "excluded_lines": []}, "AgentOrchestrationComponent._create_diagnostics_app._execute_tools_request": {"executed_lines": [], "summary": {"covered_lines": 0, "num_statements": 46, "percent_covered": 0.0, "percent_covered_display": "0", "missing_lines": 46, "excluded_lines": 0}, "missing_lines": [2801, 2803, 2804, 2805, 2810, 2811, 2812, 2813, 2814, 2815, 2817, 2818, 2819, 2820, 2821, 2822, 2823, 2824, 2826, 2828, 2829, 2834, 2836, 2839, 2840, 2842, 2846, 2847, 2849, 2850, 2854, 2855, 2856, 2857, 2861, 2863, 2866, 2872, 2875, 2876, 2878, 2883, 2889, 2890, 2891, 2892], "excluded_lines": []}, "AgentOrchestrationComponent._create_diagnostics_app._execute_tools_request._resolver": {"executed_lines": [], "summary": {"covered_lines": 0, "num_statements": 1, "percent_covered": 0.0, "percent_covered_display": "0", "missing_lines": 1, "excluded_lines": 0}, "missing_lines": [2864], "excluded_lines": []}, "AgentOrchestrationComponent._create_diagnostics_app.events": {"executed_lines": [], "summary": {"covered_lines": 0, "num_statements": 6, "percent_covered": 0.0, "percent_covered_display": "0", "missing_lines": 6, "excluded_lines": 0}, "missing_lines": [2899, 2902, 2903, 2904, 2905, 2906], "excluded_lines": []}, "AgentOrchestrationComponent._create_diagnostics_app.websocket_endpoint": {"executed_lines": [], "summary": {"covered_lines": 0, "num_statements": 13, "percent_covered": 0.0, "percent_covered_display": "0", "missing_lines": 13, "excluded_lines": 0}, "missing_lines": [2936, 2939, 2940, 2942, 2943, 2944, 2945, 2946, 2947, 2948, 2949, 2950, 2951], "excluded_lines": []}, "AgentOrchestrationComponent._create_diagnostics_app.websocket_status": {"executed_lines": [], "summary": {"covered_lines": 0, "num_statements": 5, "percent_covered": 0.0, "percent_covered_display": "0", "missing_lines": 5, "excluded_lines": 0}, "missing_lines": [2956, 2959, 2961, 2962, 2963], "excluded_lines": []}, "AgentOrchestrationComponent._create_diagnostics_app._failure_detection_loop": {"executed_lines": [], "summary": {"covered_lines": 0, "num_statements": 13, "percent_covered": 0.0, "percent_covered_display": "0", "missing_lines": 13, "excluded_lines": 0}, "missing_lines": [2976, 2977, 2978, 2979, 2980, 2981, 2982, 2983, 2984, 2985, 2986, 2987, 2988], "excluded_lines": []}, "AgentOrchestrationComponent._start_diagnostics_server": {"executed_lines": [], "summary": {"covered_lines": 0, "num_statements": 15, "percent_covered": 0.0, "percent_covered_display": "0", "missing_lines": 15, "excluded_lines": 0}, "missing_lines": [2994, 2995, 2996, 2997, 3000, 3001, 3002, 3003, 3004, 3005, 3008, 3009, 3010, 3012, 3013], "excluded_lines": []}, "AgentOrchestrationComponent._register_optimization_parameters": {"executed_lines": [], "summary": {"covered_lines": 0, "num_statements": 11, "percent_covered": 0.0, "percent_covered_display": "0", "missing_lines": 11, "excluded_lines": 0}, "missing_lines": [3017, 3018, 3020, 3022, 3023, 3038, 3039, 3042, 3054, 3056, 3057], "excluded_lines": []}, "AgentOrchestrationComponent._update_message_queue_size": {"executed_lines": [], "summary": {"covered_lines": 0, "num_statements": 6, "percent_covered": 0.0, "percent_covered_display": "0", "missing_lines": 6, "excluded_lines": 0}, "missing_lines": [3061, 3062, 3063, 3064, 3065, 3066], "excluded_lines": []}, "AgentOrchestrationComponent._update_heartbeat_interval": {"executed_lines": [], "summary": {"covered_lines": 0, "num_statements": 4, "percent_covered": 0.0, "percent_covered_display": "0", "missing_lines": 4, "excluded_lines": 0}, "missing_lines": [3070, 3073, 3076, 3077], "excluded_lines": []}, "": {"executed_lines": [], "summary": {"covered_lines": 0, "num_statements": 29, "percent_covered": 0.0, "percent_covered_display": "0", "missing_lines": 29, "excluded_lines": 0}, "missing_lines": [8, 10, 11, 12, 13, 15, 16, 19, 27, 45, 48, 56, 75, 144, 150, 156, 157, 158, 1175, 1176, 1177, 1326, 1335, 1348, 1441, 2992, 3015, 3059, 3068], "excluded_lines": []}}, "classes": {"AgentOrchestrationComponent": {"executed_lines": [], "summary": {"covered_lines": 0, "num_statements": 1416, "percent_covered": 0.0, "percent_covered_display": "0", "missing_lines": 1416, "excluded_lines": 0}, "missing_lines": [57, 62, 64, 65, 66, 67, 68, 69, 70, 71, 73, 77, 78, 83, 84, 96, 97, 98, 101, 102, 105, 106, 109, 110, 114, 117, 118, 123, 124, 126, 127, 131, 135, 137, 138, 141, 145, 146, 147, 148, 151, 152, 153, 154, 160, 162, 164, 167, 170, 172, 177, 178, 181, 182, 184, 189, 195, 200, 208, 210, 211, 212, 216, 217, 223, 224, 225, 231, 232, 233, 234, 236, 239, 247, 248, 251, 252, 254, 260, 261, 262, 263, 264, 265, 275, 276, 281, 282, 283, 284, 285, 286, 287, 288, 289, 291, 292, 295, 300, 302, 303, 304, 305, 307, 310, 315, 320, 323, 324, 326, 327, 332, 333, 334, 337, 339, 366, 369, 370, 372, 373, 374, 375, 376, 379, 380, 385, 398, 399, 402, 405, 406, 407, 408, 409, 416, 417, 420, 421, 424, 425, 429, 460, 463, 464, 467, 468, 473, 474, 478, 499, 500, 501, 506, 507, 508, 509, 513, 523, 524, 525, 530, 531, 532, 533, 535, 536, 537, 546, 568, 572, 576, 595, 614, 626, 627, 628, 631, 632, 633, 635, 638, 641, 643, 648, 656, 661, 662, 665, 666, 667, 668, 669, 670, 674, 675, 676, 677, 678, 679, 684, 688, 689, 690, 691, 692, 694, 695, 696, 697, 698, 699, 701, 702, 703, 704, 705, 706, 708, 712, 713, 714, 715, 716, 719, 720, 723, 725, 726, 727, 728, 729, 730, 731, 732, 733, 736, 737, 738, 739, 744, 746, 751, 752, 753, 754, 755, 756, 757, 758, 760, 762, 763, 765, 773, 774, 775, 776, 777, 780, 781, 782, 783, 788, 790, 796, 797, 798, 799, 800, 801, 802, 804, 807, 812, 826, 827, 830, 832, 833, 835, 836, 841, 844, 849, 853, 854, 855, 856, 858, 859, 864, 866, 871, 872, 873, 874, 876, 877, 879, 880, 884, 885, 890, 891, 893, 894, 897, 898, 900, 904, 905, 906, 907, 909, 910, 913, 926, 927, 929, 930, 931, 933, 934, 942, 943, 945, 946, 948, 949, 952, 953, 954, 959, 960, 961, 963, 964, 969, 975, 989, 994, 995, 996, 997, 998, 999, 1000, 1002, 1003, 1006, 1008, 1009, 1010, 1012, 1018, 1019, 1020, 1021, 1023, 1029, 1031, 1032, 1037, 1038, 1041, 1044, 1045, 1048, 1049, 1050, 1051, 1053, 1055, 1056, 1060, 1066, 1072, 1075, 1076, 1080, 1081, 1082, 1084, 1085, 1086, 1089, 1090, 1094, 1095, 1096, 1098, 1099, 1100, 1103, 1104, 1108, 1109, 1110, 1112, 1113, 1114, 1115, 1116, 1119, 1120, 1123, 1126, 1129, 1140, 1141, 1143, 1145, 1147, 1148, 1149, 1152, 1157, 1158, 1161, 1165, 1169, 1170, 1171, 1172, 1173, 1179, 1180, 1183, 1184, 1185, 1186, 1187, 1188, 1190, 1191, 1192, 1193, 1194, 1195, 1197, 1198, 1199, 1200, 1201, 1203, 1204, 1205, 1207, 1208, 1210, 1211, 1212, 1213, 1214, 1215, 1217, 1218, 1219, 1220, 1221, 1222, 1225, 1226, 1227, 1228, 1229, 1230, 1231, 1232, 1234, 1235, 1236, 1237, 1238, 1240, 1241, 1242, 1243, 1244, 1245, 1246, 1250, 1251, 1252, 1253, 1254, 1257, 1258, 1259, 1260, 1262, 1265, 1266, 1267, 1268, 1269, 1270, 1273, 1274, 1275, 1276, 1277, 1278, 1282, 1283, 1284, 1285, 1286, 1287, 1290, 1291, 1295, 1296, 1297, 1299, 1300, 1301, 1302, 1305, 1306, 1307, 1308, 1310, 1313, 1314, 1315, 1316, 1318, 1319, 1320, 1321, 1322, 1323, 1324, 1333, 1337, 1339, 1340, 1341, 1342, 1343, 1344, 1345, 1346, 1350, 1352, 1353, 1354, 1356, 1359, 1364, 1367, 1369, 1372, 1373, 1374, 1376, 1377, 1378, 1381, 1382, 1384, 1385, 1386, 1387, 1388, 1389, 1395, 1396, 1399, 1402, 1408, 1409, 1410, 1411, 1412, 1413, 1414, 1415, 1416, 1417, 1418, 1421, 1422, 1425, 1426, 1427, 1430, 1431, 1432, 1437, 1439, 1443, 1444, 1445, 1446, 1447, 1450, 1451, 1452, 1454, 1458, 1460, 1462, 1465, 1466, 1467, 1468, 1472, 1479, 1480, 1481, 1482, 1483, 1484, 1487, 1489, 1493, 1494, 1495, 1496, 1500, 1504, 1505, 1506, 1507, 1508, 1513, 1514, 1516, 1519, 1524, 1525, 1526, 1527, 1535, 1536, 1537, 1538, 1539, 1541, 1542, 1543, 1544, 1545, 1546, 1547, 1549, 1550, 1551, 1552, 1553, 1554, 1555, 1557, 1558, 1567, 1571, 1572, 1578, 1579, 1580, 1581, 1583, 1585, 1586, 1587, 1588, 1589, 1590, 1591, 1592, 1594, 1595, 1596, 1598, 1601, 1602, 1606, 1612, 1613, 1616, 1617, 1618, 1622, 1623, 1625, 1626, 1628, 1634, 1635, 1637, 1638, 1639, 1640, 1645, 1646, 1647, 1648, 1649, 1650, 1651, 1653, 1654, 1661, 1662, 1664, 1665, 1670, 1672, 1673, 1674, 1675, 1676, 1677, 1678, 1679, 1681, 1682, 1686, 1687, 1688, 1691, 1709, 1710, 1712, 1713, 1715, 1716, 1717, 1718, 1720, 1721, 1724, 1725, 1726, 1728, 1729, 1730, 1731, 1732, 1733, 1734, 1736, 1737, 1744, 1745, 1749, 1750, 1751, 1752, 1753, 1755, 1756, 1757, 1758, 1763, 1764, 1766, 1767, 1769, 1770, 1771, 1772, 1773, 1774, 1776, 1777, 1781, 1782, 1783, 1785, 1786, 1787, 1788, 1792, 1793, 1794, 1795, 1797, 1798, 1801, 1802, 1803, 1804, 1806, 1807, 1808, 1810, 1813, 1814, 1816, 1817, 1818, 1819, 1820, 1821, 1822, 1824, 1825, 1826, 1827, 1828, 1830, 1831, 1832, 1833, 1834, 1835, 1836, 1837, 1838, 1840, 1843, 1844, 1846, 1847, 1848, 1849, 1850, 1858, 1859, 1861, 1863, 1868, 1873, 1878, 1884, 1890, 1897, 1903, 1910, 1917, 1918, 1921, 1925, 1926, 1927, 1928, 1929, 1930, 1931, 1932, 1933, 1934, 1936, 1941, 1944, 1945, 1946, 1951, 1957, 1960, 1961, 1962, 1963, 1964, 1965, 1966, 1970, 1971, 1974, 1977, 1978, 1979, 1981, 1982, 1983, 1984, 1985, 1988, 1989, 1990, 1991, 1993, 1997, 2000, 2005, 2010, 2015, 2016, 2017, 2018, 2019, 2020, 2021, 2022, 2023, 2036, 2037, 2038, 2039, 2040, 2042, 2043, 2044, 2045, 2048, 2049, 2051, 2052, 2055, 2059, 2062, 2065, 2068, 2069, 2072, 2073, 2075, 2081, 2087, 2093, 2101, 2106, 2107, 2108, 2109, 2110, 2111, 2112, 2113, 2115, 2116, 2117, 2118, 2119, 2120, 2122, 2123, 2130, 2131, 2132, 2133, 2134, 2135, 2137, 2139, 2140, 2145, 2148, 2149, 2150, 2152, 2153, 2154, 2155, 2157, 2162, 2163, 2164, 2165, 2166, 2167, 2168, 2174, 2175, 2180, 2184, 2185, 2186, 2187, 2188, 2189, 2190, 2192, 2193, 2194, 2197, 2199, 2200, 2201, 2202, 2206, 2207, 2236, 2237, 2240, 2241, 2242, 2243, 2244, 2246, 2247, 2250, 2253, 2255, 2256, 2257, 2259, 2262, 2263, 2264, 2266, 2269, 2274, 2275, 2276, 2277, 2278, 2280, 2281, 2282, 2283, 2284, 2285, 2286, 2291, 2292, 2293, 2294, 2302, 2303, 2304, 2305, 2306, 2307, 2309, 2310, 2314, 2317, 2318, 2319, 2320, 2322, 2325, 2326, 2330, 2331, 2332, 2333, 2336, 2338, 2339, 2345, 2348, 2349, 2350, 2351, 2353, 2356, 2357, 2360, 2361, 2362, 2363, 2364, 2365, 2366, 2368, 2372, 2375, 2376, 2384, 2386, 2387, 2388, 2397, 2398, 2399, 2400, 2401, 2403, 2404, 2408, 2411, 2412, 2413, 2414, 2416, 2419, 2420, 2421, 2423, 2424, 2425, 2426, 2429, 2430, 2431, 2432, 2436, 2438, 2439, 2440, 2441, 2442, 2444, 2445, 2446, 2448, 2461, 2463, 2464, 2466, 2470, 2471, 2472, 2474, 2475, 2476, 2477, 2478, 2479, 2484, 2486, 2487, 2488, 2489, 2490, 2491, 2492, 2493, 2494, 2495, 2497, 2498, 2499, 2500, 2502, 2507, 2508, 2510, 2511, 2514, 2517, 2518, 2521, 2522, 2524, 2527, 2528, 2529, 2530, 2532, 2534, 2536, 2537, 2539, 2552, 2553, 2554, 2555, 2556, 2561, 2562, 2563, 2564, 2566, 2567, 2568, 2569, 2572, 2573, 2574, 2576, 2578, 2582, 2584, 2586, 2587, 2589, 2590, 2591, 2592, 2593, 2594, 2595, 2597, 2598, 2599, 2600, 2601, 2602, 2618, 2619, 2621, 2622, 2623, 2626, 2627, 2628, 2629, 2630, 2631, 2632, 2633, 2634, 2644, 2645, 2646, 2647, 2649, 2650, 2651, 2652, 2654, 2655, 2663, 2666, 2667, 2669, 2670, 2671, 2672, 2673, 2674, 2675, 2676, 2677, 2678, 2679, 2680, 2681, 2691, 2692, 2693, 2694, 2695, 2696, 2697, 2699, 2700, 2701, 2702, 2703, 2705, 2706, 2707, 2710, 2711, 2712, 2713, 2715, 2716, 2717, 2728, 2733, 2735, 2736, 2741, 2742, 2745, 2746, 2747, 2748, 2749, 2750, 2752, 2755, 2756, 2758, 2762, 2763, 2764, 2765, 2766, 2767, 2768, 2769, 2771, 2774, 2775, 2776, 2779, 2783, 2785, 2786, 2788, 2794, 2795, 2796, 2797, 2799, 2801, 2803, 2804, 2805, 2810, 2811, 2812, 2813, 2814, 2815, 2817, 2818, 2819, 2820, 2821, 2822, 2823, 2824, 2826, 2828, 2829, 2834, 2836, 2839, 2840, 2842, 2846, 2847, 2849, 2850, 2854, 2855, 2856, 2857, 2861, 2863, 2864, 2866, 2872, 2875, 2876, 2878, 2883, 2889, 2890, 2891, 2892, 2895, 2897, 2898, 2899, 2902, 2903, 2904, 2905, 2906, 2909, 2915, 2916, 2920, 2927, 2928, 2931, 2933, 2934, 2936, 2939, 2940, 2942, 2943, 2944, 2945, 2946, 2947, 2948, 2949, 2950, 2951, 2953, 2954, 2956, 2959, 2961, 2962, 2963, 2966, 2967, 2968, 2969, 2970, 2972, 2976, 2977, 2978, 2979, 2980, 2981, 2982, 2983, 2984, 2985, 2986, 2987, 2988, 2990, 2994, 2995, 2996, 2997, 3000, 3001, 3002, 3003, 3004, 3005, 3008, 3009, 3010, 3012, 3013, 3017, 3018, 3020, 3022, 3023, 3038, 3039, 3042, 3054, 3056, 3057, 3061, 3062, 3063, 3064, 3065, 3066, 3070, 3073, 3076, 3077], "excluded_lines": []}, "": {"executed_lines": [], "summary": {"covered_lines": 0, "num_statements": 42, "percent_covered": 0.0, "percent_covered_display": "0", "missing_lines": 42, "excluded_lines": 0}, "missing_lines": [8, 10, 11, 12, 13, 15, 16, 19, 27, 28, 29, 30, 31, 32, 33, 34, 35, 36, 37, 38, 39, 40, 45, 48, 56, 75, 144, 150, 156, 157, 158, 1175, 1176, 1177, 1326, 1335, 1348, 1441, 2992, 3015, 3059, 3068], "excluded_lines": []}}}, "src/components/app_component.py": {"executed_lines": [], "summary": {"covered_lines": 0, "num_statements": 77, "percent_covered": 0.0, "percent_covered_display": "0", "missing_lines": 77, "excluded_lines": 0}, "missing_lines": [28, 29, 30, 31, 32, 34, 35, 36, 44, 45, 48, 61, 68, 72, 73, 76, 78, 80, 81, 82, 83, 93, 94, 95, 98, 99, 102, 104, 105, 106, 109, 110, 111, 112, 113, 114, 116, 117, 119, 120, 121, 123, 124, 125, 135, 136, 137, 140, 141, 144, 146, 147, 148, 151, 152, 153, 154, 155, 156, 158, 159, 161, 162, 163, 165, 168, 181, 186, 188, 197, 199, 206, 208, 223, 225, 226, 227], "excluded_lines": [], "functions": {"AppComponent.__init__": {"executed_lines": [], "summary": {"covered_lines": 0, "num_statements": 5, "percent_covered": 0.0, "percent_covered_display": "0", "missing_lines": 5, "excluded_lines": 0}, "missing_lines": [68, 72, 73, 76, 78], "excluded_lines": []}, "AppComponent._start_impl": {"executed_lines": [], "summary": {"covered_lines": 0, "num_statements": 20, "percent_covered": 0.0, "percent_covered_display": "0", "missing_lines": 20, "excluded_lines": 0}, "missing_lines": [93, 94, 95, 98, 99, 102, 104, 105, 106, 109, 110, 111, 112, 113, 114, 116, 117, 119, 120, 121], "excluded_lines": []}, "AppComponent._stop_impl": {"executed_lines": [], "summary": {"covered_lines": 0, "num_statements": 20, "percent_covered": 0.0, "percent_covered_display": "0", "missing_lines": 20, "excluded_lines": 0}, "missing_lines": [135, 136, 137, 140, 141, 144, 146, 147, 148, 151, 152, 153, 154, 155, 156, 158, 159, 161, 162, 163], "excluded_lines": []}, "AppComponent._run_docker_compose": {"executed_lines": [], "summary": {"covered_lines": 0, "num_statements": 4, "percent_covered": 0.0, "percent_covered_display": "0", "missing_lines": 4, "excluded_lines": 0}, "missing_lines": [181, 186, 188, 197], "excluded_lines": []}, "AppComponent._is_app_running": {"executed_lines": [], "summary": {"covered_lines": 0, "num_statements": 6, "percent_covered": 0.0, "percent_covered_display": "0", "missing_lines": 6, "excluded_lines": 0}, "missing_lines": [206, 208, 223, 225, 226, 227], "excluded_lines": []}, "": {"executed_lines": [], "summary": {"covered_lines": 0, "num_statements": 22, "percent_covered": 0.0, "percent_covered_display": "0", "missing_lines": 22, "excluded_lines": 0}, "missing_lines": [28, 29, 30, 31, 32, 34, 35, 36, 44, 45, 48, 61, 80, 81, 82, 83, 123, 124, 125, 165, 168, 199], "excluded_lines": []}}, "classes": {"AppComponent": {"executed_lines": [], "summary": {"covered_lines": 0, "num_statements": 55, "percent_covered": 0.0, "percent_covered_display": "0", "missing_lines": 55, "excluded_lines": 0}, "missing_lines": [68, 72, 73, 76, 78, 93, 94, 95, 98, 99, 102, 104, 105, 106, 109, 110, 111, 112, 113, 114, 116, 117, 119, 120, 121, 135, 136, 137, 140, 141, 144, 146, 147, 148, 151, 152, 153, 154, 155, 156, 158, 159, 161, 162, 163, 181, 186, 188, 197, 206, 208, 223, 225, 226, 227], "excluded_lines": []}, "": {"executed_lines": [], "summary": {"covered_lines": 0, "num_statements": 22, "percent_covered": 0.0, "percent_covered_display": "0", "missing_lines": 22, "excluded_lines": 0}, "missing_lines": [28, 29, 30, 31, 32, 34, 35, 36, 44, 45, 48, 61, 80, 81, 82, 83, 123, 124, 125, 165, 168, 199], "excluded_lines": []}}}, "src/components/carbon_component.py": {"executed_lines": [], "summary": {"covered_lines": 0, "num_statements": 97, "percent_covered": 0.0, "percent_covered_display": "0", "missing_lines": 97, "excluded_lines": 0}, "missing_lines": [31, 32, 33, 34, 35, 36, 39, 40, 42, 43, 44, 46, 47, 50, 51, 54, 55, 58, 74, 81, 83, 84, 87, 88, 89, 91, 93, 97, 98, 99, 108, 109, 110, 113, 116, 119, 121, 124, 125, 126, 127, 129, 130, 131, 140, 141, 142, 143, 146, 148, 149, 150, 151, 152, 154, 169, 170, 173, 176, 179, 186, 187, 188, 189, 192, 193, 200, 201, 202, 203, 204, 205, 207, 214, 215, 216, 219, 224, 232, 236, 237, 238, 241, 242, 245, 246, 248, 250, 252, 262, 263, 266, 267, 269, 271, 274, 277], "excluded_lines": [], "functions": {"CarbonComponent.__init__": {"executed_lines": [], "summary": {"covered_lines": 0, "num_statements": 8, "percent_covered": 0.0, "percent_covered_display": "0", "missing_lines": 8, "excluded_lines": 0}, "missing_lines": [81, 83, 84, 87, 88, 89, 91, 93], "excluded_lines": []}, "CarbonComponent._start_impl": {"executed_lines": [], "summary": {"covered_lines": 0, "num_statements": 11, "percent_covered": 0.0, "percent_covered_display": "0", "missing_lines": 11, "excluded_lines": 0}, "missing_lines": [108, 109, 110, 113, 116, 119, 121, 124, 125, 126, 127], "excluded_lines": []}, "CarbonComponent._stop_impl": {"executed_lines": [], "summary": {"covered_lines": 0, "num_statements": 10, "percent_covered": 0.0, "percent_covered_display": "0", "missing_lines": 10, "excluded_lines": 0}, "missing_lines": [140, 141, 142, 143, 146, 148, 149, 150, 151, 152], "excluded_lines": []}, "CarbonComponent.track_function": {"executed_lines": [], "summary": {"covered_lines": 0, "num_statements": 17, "percent_covered": 0.0, "percent_covered_display": "0", "missing_lines": 17, "excluded_lines": 0}, "missing_lines": [169, 170, 173, 176, 179, 186, 187, 188, 189, 192, 193, 200, 201, 202, 203, 204, 205], "excluded_lines": []}, "CarbonComponent.get_emissions_report": {"executed_lines": [], "summary": {"covered_lines": 0, "num_statements": 5, "percent_covered": 0.0, "percent_covered_display": "0", "missing_lines": 5, "excluded_lines": 0}, "missing_lines": [214, 215, 216, 219, 224], "excluded_lines": []}, "CarbonComponent._save_emissions_data": {"executed_lines": [], "summary": {"covered_lines": 0, "num_statements": 9, "percent_covered": 0.0, "percent_covered_display": "0", "missing_lines": 9, "excluded_lines": 0}, "missing_lines": [236, 237, 238, 241, 242, 245, 246, 248, 250], "excluded_lines": []}, "CarbonComponent.get_carbon_decorator": {"executed_lines": [], "summary": {"covered_lines": 0, "num_statements": 7, "percent_covered": 0.0, "percent_covered_display": "0", "missing_lines": 7, "excluded_lines": 0}, "missing_lines": [262, 263, 266, 269, 271, 274, 277], "excluded_lines": []}, "CarbonComponent.get_carbon_decorator.no_op_decorator": {"executed_lines": [], "summary": {"covered_lines": 0, "num_statements": 1, "percent_covered": 0.0, "percent_covered_display": "0", "missing_lines": 1, "excluded_lines": 0}, "missing_lines": [267], "excluded_lines": []}, "": {"executed_lines": [], "summary": {"covered_lines": 0, "num_statements": 29, "percent_covered": 0.0, "percent_covered_display": "0", "missing_lines": 29, "excluded_lines": 0}, "missing_lines": [31, 32, 33, 34, 35, 36, 39, 40, 42, 43, 44, 46, 47, 50, 51, 54, 55, 58, 74, 97, 98, 99, 129, 130, 131, 154, 207, 232, 252], "excluded_lines": []}}, "classes": {"CarbonComponent": {"executed_lines": [], "summary": {"covered_lines": 0, "num_statements": 68, "percent_covered": 0.0, "percent_covered_display": "0", "missing_lines": 68, "excluded_lines": 0}, "missing_lines": [81, 83, 84, 87, 88, 89, 91, 93, 108, 109, 110, 113, 116, 119, 121, 124, 125, 126, 127, 140, 141, 142, 143, 146, 148, 149, 150, 151, 152, 169, 170, 173, 176, 179, 186, 187, 188, 189, 192, 193, 200, 201, 202, 203, 204, 205, 214, 215, 216, 219, 224, 236, 237, 238, 241, 242, 245, 246, 248, 250, 262, 263, 266, 267, 269, 271, 274, 277], "excluded_lines": []}, "": {"executed_lines": [], "summary": {"covered_lines": 0, "num_statements": 29, "percent_covered": 0.0, "percent_covered_display": "0", "missing_lines": 29, "excluded_lines": 0}, "missing_lines": [31, 32, 33, 34, 35, 36, 39, 40, 42, 43, 44, 46, 47, 50, 51, 54, 55, 58, 74, 97, 98, 99, 129, 130, 131, 154, 207, 232, 252], "excluded_lines": []}}}, "src/components/character_arc_integration.py": {"executed_lines": [], "summary": {"covered_lines": 0, "num_statements": 309, "percent_covered": 0.0, "percent_covered_display": "0", "missing_lines": 309, "excluded_lines": 0}, "missing_lines": [15, 16, 17, 18, 19, 22, 23, 24, 26, 27, 32, 33, 34, 37, 38, 39, 41, 42, 44, 45, 47, 48, 50, 51, 52, 53, 55, 56, 57, 58, 61, 70, 73, 76, 77, 78, 80, 82, 103, 107, 108, 113, 117, 119, 128, 129, 132, 135, 138, 141, 144, 146, 147, 149, 150, 151, 153, 157, 158, 162, 165, 166, 169, 172, 173, 174, 177, 178, 180, 181, 184, 189, 191, 194, 196, 197, 198, 200, 204, 205, 206, 207, 208, 210, 214, 215, 217, 221, 223, 228, 234, 238, 242, 243, 245, 249, 251, 254, 255, 260, 265, 266, 272, 276, 277, 280, 283, 284, 285, 287, 294, 295, 296, 298, 301, 302, 303, 311, 314, 315, 320, 321, 326, 327, 330, 331, 332, 333, 337, 340, 342, 343, 344, 346, 350, 351, 354, 355, 360, 363, 364, 365, 366, 373, 376, 377, 378, 379, 380, 381, 384, 385, 386, 388, 392, 393, 395, 399, 401, 404, 408, 409, 412, 416, 418, 419, 420, 423, 426, 427, 428, 429, 432, 437, 438, 440, 442, 446, 447, 450, 455, 463, 468, 470, 471, 473, 474, 475, 477, 481, 482, 487, 492, 502, 509, 510, 511, 517, 519, 521, 522, 526, 530, 532, 533, 536, 538, 542, 543, 546, 551, 553, 559, 566, 569, 570, 576, 577, 583, 599, 600, 602, 603, 606, 612, 616, 618, 619, 624, 626, 628, 629, 630, 631, 634, 641, 647, 648, 649, 650, 651, 652, 654, 655, 656, 658, 665, 666, 670, 671, 672, 673, 676, 683, 686, 689, 691, 692, 693, 701, 708, 711, 713, 714, 717, 719, 723, 724, 727, 730, 737, 768, 769, 771, 772, 775, 777, 779, 780, 781, 785, 786, 788, 798, 800, 802, 803, 804, 806, 810, 811, 812, 813, 815, 816, 817, 818, 819, 821, 825, 827, 828, 830, 832, 836, 839, 841, 842, 843], "excluded_lines": [], "functions": {"CharacterDataSynchronizer.__init__": {"executed_lines": [], "summary": {"covered_lines": 0, "num_statements": 2, "percent_covered": 0.0, "percent_covered_display": "0", "missing_lines": 2, "excluded_lines": 0}, "missing_lines": [77, 78], "excluded_lines": []}, "CharacterDataSynchronizer._create_sync_mapping": {"executed_lines": [], "summary": {"covered_lines": 0, "num_statements": 1, "percent_covered": 0.0, "percent_covered_display": "0", "missing_lines": 1, "excluded_lines": 0}, "missing_lines": [82], "excluded_lines": []}, "CharacterDataSynchronizer.sync_character_to_development_system": {"executed_lines": [], "summary": {"covered_lines": 0, "num_statements": 17, "percent_covered": 0.0, "percent_covered_display": "0", "missing_lines": 17, "excluded_lines": 0}, "missing_lines": [107, 108, 113, 117, 119, 128, 129, 132, 135, 138, 141, 144, 146, 147, 149, 150, 151], "excluded_lines": []}, "CharacterDataSynchronizer.sync_character_from_development_system": {"executed_lines": [], "summary": {"covered_lines": 0, "num_statements": 20, "percent_covered": 0.0, "percent_covered_display": "0", "missing_lines": 20, "excluded_lines": 0}, "missing_lines": [157, 158, 162, 165, 166, 169, 172, 173, 174, 177, 178, 180, 181, 184, 189, 191, 194, 196, 197, 198], "excluded_lines": []}, "CharacterDataSynchronizer._sync_personality_traits": {"executed_lines": [], "summary": {"covered_lines": 0, "num_statements": 8, "percent_covered": 0.0, "percent_covered_display": "0", "missing_lines": 8, "excluded_lines": 0}, "missing_lines": [204, 205, 206, 207, 208, 210, 214, 215], "excluded_lines": []}, "CharacterDataSynchronizer._sync_relationship_data": {"executed_lines": [], "summary": {"covered_lines": 0, "num_statements": 7, "percent_covered": 0.0, "percent_covered_display": "0", "missing_lines": 7, "excluded_lines": 0}, "missing_lines": [221, 223, 228, 234, 238, 242, 243], "excluded_lines": []}, "CharacterDataSynchronizer._sync_memory_data": {"executed_lines": [], "summary": {"covered_lines": 0, "num_statements": 10, "percent_covered": 0.0, "percent_covered_display": "0", "missing_lines": 10, "excluded_lines": 0}, "missing_lines": [249, 251, 254, 255, 260, 265, 266, 272, 276, 277], "excluded_lines": []}, "RelationshipDynamicsManager.__init__": {"executed_lines": [], "summary": {"covered_lines": 0, "num_statements": 2, "percent_covered": 0.0, "percent_covered_display": "0", "missing_lines": 2, "excluded_lines": 0}, "missing_lines": [284, 285], "excluded_lines": []}, "RelationshipDynamicsManager.evolve_relationships_across_scales": {"executed_lines": [], "summary": {"covered_lines": 0, "num_statements": 23, "percent_covered": 0.0, "percent_covered_display": "0", "missing_lines": 23, "excluded_lines": 0}, "missing_lines": [294, 295, 296, 298, 301, 302, 303, 311, 314, 315, 320, 321, 326, 327, 330, 331, 332, 333, 337, 340, 342, 343, 344], "excluded_lines": []}, "RelationshipDynamicsManager._update_arc_relationships": {"executed_lines": [], "summary": {"covered_lines": 0, "num_statements": 22, "percent_covered": 0.0, "percent_covered_display": "0", "missing_lines": 22, "excluded_lines": 0}, "missing_lines": [350, 351, 354, 355, 360, 363, 364, 365, 366, 373, 376, 377, 378, 379, 380, 381, 384, 385, 386, 388, 392, 393], "excluded_lines": []}, "RelationshipDynamicsManager.calculate_relationship_compatibility": {"executed_lines": [], "summary": {"covered_lines": 0, "num_statements": 10, "percent_covered": 0.0, "percent_covered_display": "0", "missing_lines": 10, "excluded_lines": 0}, "missing_lines": [399, 401, 404, 408, 409, 412, 416, 418, 419, 420], "excluded_lines": []}, "CharacterArcIntegration.__init__": {"executed_lines": [], "summary": {"covered_lines": 0, "num_statements": 7, "percent_covered": 0.0, "percent_covered_display": "0", "missing_lines": 7, "excluded_lines": 0}, "missing_lines": [427, 428, 429, 432, 437, 438, 440], "excluded_lines": []}, "CharacterArcIntegration.initialize_character_integration": {"executed_lines": [], "summary": {"covered_lines": 0, "num_statements": 11, "percent_covered": 0.0, "percent_covered_display": "0", "missing_lines": 11, "excluded_lines": 0}, "missing_lines": [446, 447, 450, 455, 463, 468, 470, 471, 473, 474, 475], "excluded_lines": []}, "CharacterArcIntegration.process_integrated_interaction": {"executed_lines": [], "summary": {"covered_lines": 0, "num_statements": 17, "percent_covered": 0.0, "percent_covered_display": "0", "missing_lines": 17, "excluded_lines": 0}, "missing_lines": [481, 482, 487, 492, 502, 509, 510, 511, 517, 519, 521, 522, 526, 530, 532, 533, 536], "excluded_lines": []}, "CharacterArcIntegration.generate_integrated_character_response": {"executed_lines": [], "summary": {"covered_lines": 0, "num_statements": 17, "percent_covered": 0.0, "percent_covered_display": "0", "missing_lines": 17, "excluded_lines": 0}, "missing_lines": [542, 543, 546, 551, 553, 559, 566, 569, 570, 576, 577, 583, 599, 600, 602, 603, 606], "excluded_lines": []}, "CharacterArcIntegration.sync_character_data": {"executed_lines": [], "summary": {"covered_lines": 0, "num_statements": 20, "percent_covered": 0.0, "percent_covered_display": "0", "missing_lines": 20, "excluded_lines": 0}, "missing_lines": [616, 618, 619, 624, 626, 628, 629, 630, 631, 634, 641, 647, 648, 649, 650, 651, 652, 654, 655, 656], "excluded_lines": []}, "CharacterArcIntegration.evolve_integrated_relationships": {"executed_lines": [], "summary": {"covered_lines": 0, "num_statements": 19, "percent_covered": 0.0, "percent_covered_display": "0", "missing_lines": 19, "excluded_lines": 0}, "missing_lines": [665, 666, 670, 671, 672, 673, 676, 683, 686, 689, 691, 692, 693, 701, 708, 711, 713, 714, 717], "excluded_lines": []}, "CharacterArcIntegration.get_integrated_character_summary": {"executed_lines": [], "summary": {"covered_lines": 0, "num_statements": 10, "percent_covered": 0.0, "percent_covered_display": "0", "missing_lines": 10, "excluded_lines": 0}, "missing_lines": [723, 724, 727, 730, 737, 768, 769, 771, 772, 775], "excluded_lines": []}, "CharacterArcIntegration._check_data_consistency": {"executed_lines": [], "summary": {"covered_lines": 0, "num_statements": 11, "percent_covered": 0.0, "percent_covered_display": "0", "missing_lines": 11, "excluded_lines": 0}, "missing_lines": [779, 780, 781, 785, 786, 788, 798, 800, 802, 803, 804], "excluded_lines": []}, "CharacterArcIntegration._check_personality_consistency": {"executed_lines": [], "summary": {"covered_lines": 0, "num_statements": 9, "percent_covered": 0.0, "percent_covered_display": "0", "missing_lines": 9, "excluded_lines": 0}, "missing_lines": [810, 811, 812, 813, 815, 816, 817, 818, 819], "excluded_lines": []}, "CharacterArcIntegration._check_relationship_consistency": {"executed_lines": [], "summary": {"covered_lines": 0, "num_statements": 10, "percent_covered": 0.0, "percent_covered_display": "0", "missing_lines": 10, "excluded_lines": 0}, "missing_lines": [825, 827, 828, 830, 832, 836, 839, 841, 842, 843], "excluded_lines": []}, "": {"executed_lines": [], "summary": {"covered_lines": 0, "num_statements": 56, "percent_covered": 0.0, "percent_covered_display": "0", "missing_lines": 56, "excluded_lines": 0}, "missing_lines": [15, 16, 17, 18, 19, 22, 23, 24, 26, 27, 32, 33, 34, 37, 38, 39, 41, 42, 44, 45, 47, 48, 50, 51, 52, 53, 55, 56, 57, 58, 61, 70, 73, 76, 80, 103, 153, 200, 217, 245, 280, 283, 287, 346, 395, 423, 426, 442, 477, 538, 612, 658, 719, 777, 806, 821], "excluded_lines": []}}, "classes": {"CharacterDataSynchronizer": {"executed_lines": [], "summary": {"covered_lines": 0, "num_statements": 65, "percent_covered": 0.0, "percent_covered_display": "0", "missing_lines": 65, "excluded_lines": 0}, "missing_lines": [77, 78, 82, 107, 108, 113, 117, 119, 128, 129, 132, 135, 138, 141, 144, 146, 147, 149, 150, 151, 157, 158, 162, 165, 166, 169, 172, 173, 174, 177, 178, 180, 181, 184, 189, 191, 194, 196, 197, 198, 204, 205, 206, 207, 208, 210, 214, 215, 221, 223, 228, 234, 238, 242, 243, 249, 251, 254, 255, 260, 265, 266, 272, 276, 277], "excluded_lines": []}, "RelationshipDynamicsManager": {"executed_lines": [], "summary": {"covered_lines": 0, "num_statements": 57, "percent_covered": 0.0, "percent_covered_display": "0", "missing_lines": 57, "excluded_lines": 0}, "missing_lines": [284, 285, 294, 295, 296, 298, 301, 302, 303, 311, 314, 315, 320, 321, 326, 327, 330, 331, 332, 333, 337, 340, 342, 343, 344, 350, 351, 354, 355, 360, 363, 364, 365, 366, 373, 376, 377, 378, 379, 380, 381, 384, 385, 386, 388, 392, 393, 399, 401, 404, 408, 409, 412, 416, 418, 419, 420], "excluded_lines": []}, "CharacterArcIntegration": {"executed_lines": [], "summary": {"covered_lines": 0, "num_statements": 131, "percent_covered": 0.0, "percent_covered_display": "0", "missing_lines": 131, "excluded_lines": 0}, "missing_lines": [427, 428, 429, 432, 437, 438, 440, 446, 447, 450, 455, 463, 468, 470, 471, 473, 474, 475, 481, 482, 487, 492, 502, 509, 510, 511, 517, 519, 521, 522, 526, 530, 532, 533, 536, 542, 543, 546, 551, 553, 559, 566, 569, 570, 576, 577, 583, 599, 600, 602, 603, 606, 616, 618, 619, 624, 626, 628, 629, 630, 631, 634, 641, 647, 648, 649, 650, 651, 652, 654, 655, 656, 665, 666, 670, 671, 672, 673, 676, 683, 686, 689, 691, 692, 693, 701, 708, 711, 713, 714, 717, 723, 724, 727, 730, 737, 768, 769, 771, 772, 775, 779, 780, 781, 785, 786, 788, 798, 800, 802, 803, 804, 810, 811, 812, 813, 815, 816, 817, 818, 819, 825, 827, 828, 830, 832, 836, 839, 841, 842, 843], "excluded_lines": []}, "": {"executed_lines": [], "summary": {"covered_lines": 0, "num_statements": 56, "percent_covered": 0.0, "percent_covered_display": "0", "missing_lines": 56, "excluded_lines": 0}, "missing_lines": [15, 16, 17, 18, 19, 22, 23, 24, 26, 27, 32, 33, 34, 37, 38, 39, 41, 42, 44, 45, 47, 48, 50, 51, 52, 53, 55, 56, 57, 58, 61, 70, 73, 76, 80, 103, 153, 200, 217, 245, 280, 283, 287, 346, 395, 423, 426, 442, 477, 538, 612, 658, 719, 777, 806, 821], "excluded_lines": []}}}, "src/components/character_arc_manager.py": {"executed_lines": [], "summary": {"covered_lines": 0, "num_statements": 645, "percent_covered": 0.0, "percent_covered_display": "0", "missing_lines": 645, "excluded_lines": 0}, "missing_lines": [16, 17, 18, 19, 20, 21, 23, 25, 28, 29, 31, 32, 33, 34, 35, 38, 41, 42, 43, 44, 45, 46, 47, 50, 53, 54, 55, 56, 57, 58, 59, 60, 61, 64, 65, 68, 69, 70, 71, 72, 73, 74, 75, 76, 77, 78, 81, 82, 85, 86, 87, 88, 89, 90, 91, 92, 93, 94, 95, 98, 99, 102, 103, 104, 105, 106, 107, 108, 109, 112, 113, 116, 117, 118, 119, 120, 121, 122, 123, 124, 125, 126, 127, 128, 129, 130, 133, 134, 137, 138, 139, 140, 141, 142, 143, 144, 145, 146, 149, 150, 153, 154, 155, 156, 157, 158, 159, 160, 161, 162, 163, 166, 167, 170, 171, 172, 173, 174, 175, 176, 177, 178, 179, 182, 190, 197, 202, 205, 210, 211, 214, 217, 220, 223, 224, 225, 226, 227, 228, 229, 233, 235, 242, 243, 246, 250, 253, 255, 258, 260, 261, 262, 264, 271, 272, 275, 278, 279, 281, 282, 284, 285, 286, 288, 301, 302, 305, 316, 317, 320, 325, 330, 333, 337, 340, 342, 343, 345, 352, 365, 366, 368, 369, 370, 372, 375, 378, 381, 384, 387, 390, 402, 404, 405, 407, 408, 411, 413, 426, 427, 429, 430, 431, 433, 434, 437, 442, 447, 452, 457, 462, 466, 482, 485, 487, 488, 489, 491, 504, 505, 509, 510, 511, 513, 516, 520, 521, 522, 531, 532, 533, 536, 541, 542, 543, 546, 549, 552, 555, 559, 579, 582, 584, 585, 586, 588, 590, 592, 594, 596, 598, 599, 601, 603, 604, 608, 612, 613, 614, 620, 621, 622, 623, 625, 629, 631, 635, 636, 637, 640, 641, 644, 645, 648, 649, 652, 654, 658, 659, 660, 665, 666, 667, 668, 671, 672, 682, 686, 687, 688, 691, 692, 695, 696, 697, 698, 700, 701, 703, 707, 708, 709, 712, 713, 714, 715, 718, 719, 720, 734, 738, 740, 741, 744, 758, 770, 781, 785, 786, 788, 790, 791, 796, 798, 799, 801, 803, 805, 838, 839, 841, 842, 843, 845, 849, 850, 853, 854, 857, 858, 859, 870, 872, 875, 877, 878, 879, 881, 885, 886, 889, 892, 900, 902, 905, 906, 908, 910, 913, 915, 916, 917, 919, 923, 924, 928, 929, 938, 940, 943, 945, 946, 947, 949, 953, 954, 964, 967, 974, 980, 983, 985, 986, 987, 989, 993, 1024, 1028, 1030, 1032, 1033, 1035, 1036, 1037, 1038, 1042, 1046, 1047, 1049, 1053, 1054, 1057, 1058, 1063, 1066, 1067, 1068, 1069, 1070, 1073, 1074, 1077, 1080, 1089, 1093, 1094, 1096, 1100, 1101, 1103, 1104, 1105, 1108, 1112, 1117, 1118, 1120, 1122, 1123, 1124, 1126, 1130, 1132, 1133, 1136, 1137, 1140, 1141, 1143, 1145, 1146, 1147, 1149, 1153, 1154, 1156, 1157, 1160, 1164, 1168, 1169, 1171, 1175, 1180, 1190, 1191, 1192, 1193, 1195, 1197, 1198, 1200, 1207, 1211, 1214, 1215, 1216, 1217, 1218, 1219, 1220, 1221, 1222, 1223, 1224, 1225, 1227, 1229, 1231, 1232, 1233, 1235, 1239, 1241, 1244, 1245, 1246, 1247, 1248, 1249, 1250, 1251, 1252, 1253, 1254, 1256, 1257, 1258, 1260, 1267, 1271, 1274, 1284, 1285, 1286, 1288, 1290, 1291, 1292, 1294, 1301, 1302, 1305, 1306, 1307, 1310, 1317, 1318, 1319, 1320, 1322, 1324, 1325, 1326, 1328, 1335, 1336, 1339, 1347, 1349, 1352, 1357, 1358, 1363, 1364, 1370, 1376, 1378, 1379, 1380, 1382, 1389, 1391, 1394, 1404, 1407, 1410, 1411, 1413, 1415, 1416, 1417, 1419, 1423, 1425, 1426, 1428, 1431, 1434, 1435, 1438, 1439, 1440, 1442, 1444, 1445, 1446, 1448, 1452, 1456, 1457, 1458, 1459, 1460, 1461, 1462, 1466, 1468, 1469, 1470, 1472, 1476, 1477, 1479, 1480, 1481, 1483, 1485, 1486, 1487, 1489, 1493, 1494, 1501, 1502, 1504, 1505, 1506, 1507, 1508, 1511, 1512, 1514, 1515, 1516, 1520, 1522, 1523, 1524, 1530, 1534, 1535, 1538, 1543, 1548, 1549, 1550, 1551, 1552, 1554, 1556, 1557, 1558, 1560, 1564, 1565, 1568, 1570, 1579, 1583, 1585, 1586, 1587, 1589, 1593, 1595, 1596, 1597, 1598, 1601, 1606, 1609, 1611, 1615, 1616], "excluded_lines": [], "functions": {"CharacterArcManagerComponent.__init__": {"executed_lines": [], "summary": {"covered_lines": 0, "num_statements": 16, "percent_covered": 0.0, "percent_covered_display": "0", "missing_lines": 16, "excluded_lines": 0}, "missing_lines": [197, 202, 205, 210, 211, 214, 217, 220, 223, 224, 225, 226, 227, 228, 229, 233], "excluded_lines": []}, "CharacterArcManagerComponent._start_impl": {"executed_lines": [], "summary": {"covered_lines": 0, "num_statements": 10, "percent_covered": 0.0, "percent_covered_display": "0", "missing_lines": 10, "excluded_lines": 0}, "missing_lines": [242, 243, 246, 250, 253, 255, 258, 260, 261, 262], "excluded_lines": []}, "CharacterArcManagerComponent._stop_impl": {"executed_lines": [], "summary": {"covered_lines": 0, "num_statements": 10, "percent_covered": 0.0, "percent_covered_display": "0", "missing_lines": 10, "excluded_lines": 0}, "missing_lines": [271, 272, 275, 278, 279, 281, 282, 284, 285, 286], "excluded_lines": []}, "CharacterArcManagerComponent.initialize_character_arc": {"executed_lines": [], "summary": {"covered_lines": 0, "num_statements": 14, "percent_covered": 0.0, "percent_covered_display": "0", "missing_lines": 14, "excluded_lines": 0}, "missing_lines": [301, 302, 305, 316, 317, 320, 325, 330, 333, 337, 340, 342, 343, 345], "excluded_lines": []}, "CharacterArcManagerComponent.update_character_development": {"executed_lines": [], "summary": {"covered_lines": 0, "num_statements": 18, "percent_covered": 0.0, "percent_covered_display": "0", "missing_lines": 18, "excluded_lines": 0}, "missing_lines": [365, 366, 368, 369, 370, 372, 375, 378, 381, 384, 387, 390, 402, 404, 405, 407, 408, 411], "excluded_lines": []}, "CharacterArcManagerComponent.generate_character_response": {"executed_lines": [], "summary": {"covered_lines": 0, "num_statements": 19, "percent_covered": 0.0, "percent_covered_display": "0", "missing_lines": 19, "excluded_lines": 0}, "missing_lines": [426, 427, 429, 430, 431, 433, 434, 437, 442, 447, 452, 457, 462, 466, 482, 485, 487, 488, 489], "excluded_lines": []}, "CharacterArcManagerComponent.resolve_character_arc_milestone": {"executed_lines": [], "summary": {"covered_lines": 0, "num_statements": 27, "percent_covered": 0.0, "percent_covered_display": "0", "missing_lines": 27, "excluded_lines": 0}, "missing_lines": [504, 505, 509, 510, 511, 513, 516, 520, 521, 522, 531, 532, 533, 536, 541, 542, 543, 546, 549, 552, 555, 559, 579, 582, 584, 585, 586], "excluded_lines": []}, "CharacterArcManagerComponent.get_character_arc": {"executed_lines": [], "summary": {"covered_lines": 0, "num_statements": 1, "percent_covered": 0.0, "percent_covered_display": "0", "missing_lines": 1, "excluded_lines": 0}, "missing_lines": [590], "excluded_lines": []}, "CharacterArcManagerComponent.get_active_characters": {"executed_lines": [], "summary": {"covered_lines": 0, "num_statements": 1, "percent_covered": 0.0, "percent_covered_display": "0", "missing_lines": 1, "excluded_lines": 0}, "missing_lines": [594], "excluded_lines": []}, "CharacterArcManagerComponent.get_character_stage": {"executed_lines": [], "summary": {"covered_lines": 0, "num_statements": 2, "percent_covered": 0.0, "percent_covered_display": "0", "missing_lines": 2, "excluded_lines": 0}, "missing_lines": [598, 599], "excluded_lines": []}, "CharacterArcManagerComponent.get_character_milestones": {"executed_lines": [], "summary": {"covered_lines": 0, "num_statements": 2, "percent_covered": 0.0, "percent_covered_display": "0", "missing_lines": 2, "excluded_lines": 0}, "missing_lines": [603, 604], "excluded_lines": []}, "CharacterArcManagerComponent.initialize_integrated_character_arc": {"executed_lines": [], "summary": {"covered_lines": 0, "num_statements": 9, "percent_covered": 0.0, "percent_covered_display": "0", "missing_lines": 9, "excluded_lines": 0}, "missing_lines": [612, 613, 614, 620, 621, 622, 623, 625, 629], "excluded_lines": []}, "CharacterArcManagerComponent.update_integrated_character_development": {"executed_lines": [], "summary": {"covered_lines": 0, "num_statements": 10, "percent_covered": 0.0, "percent_covered_display": "0", "missing_lines": 10, "excluded_lines": 0}, "missing_lines": [635, 636, 637, 640, 641, 644, 645, 648, 649, 652], "excluded_lines": []}, "CharacterArcManagerComponent.generate_integrated_character_response": {"executed_lines": [], "summary": {"covered_lines": 0, "num_statements": 9, "percent_covered": 0.0, "percent_covered_display": "0", "missing_lines": 9, "excluded_lines": 0}, "missing_lines": [658, 659, 660, 665, 666, 667, 668, 671, 672], "excluded_lines": []}, "CharacterArcManagerComponent.sync_with_character_development_system": {"executed_lines": [], "summary": {"covered_lines": 0, "num_statements": 11, "percent_covered": 0.0, "percent_covered_display": "0", "missing_lines": 11, "excluded_lines": 0}, "missing_lines": [686, 687, 688, 691, 692, 695, 696, 697, 698, 700, 701], "excluded_lines": []}, "CharacterArcManagerComponent.get_integrated_character_summary": {"executed_lines": [], "summary": {"covered_lines": 0, "num_statements": 11, "percent_covered": 0.0, "percent_covered_display": "0", "missing_lines": 11, "excluded_lines": 0}, "missing_lines": [707, 708, 709, 712, 713, 714, 715, 718, 719, 720, 734], "excluded_lines": []}, "CharacterArcManagerComponent._initialize_arc_templates": {"executed_lines": [], "summary": {"covered_lines": 0, "num_statements": 8, "percent_covered": 0.0, "percent_covered_display": "0", "missing_lines": 8, "excluded_lines": 0}, "missing_lines": [740, 741, 744, 758, 770, 781, 785, 786], "excluded_lines": []}, "CharacterArcManagerComponent._initialize_personality_models": {"executed_lines": [], "summary": {"covered_lines": 0, "num_statements": 5, "percent_covered": 0.0, "percent_covered_display": "0", "missing_lines": 5, "excluded_lines": 0}, "missing_lines": [790, 791, 796, 798, 799], "excluded_lines": []}, "CharacterArcManagerComponent._load_therapeutic_concepts": {"executed_lines": [], "summary": {"covered_lines": 0, "num_statements": 7, "percent_covered": 0.0, "percent_covered_display": "0", "missing_lines": 7, "excluded_lines": 0}, "missing_lines": [803, 805, 838, 839, 841, 842, 843], "excluded_lines": []}, "CharacterArcManagerComponent._generate_development_trajectory": {"executed_lines": [], "summary": {"covered_lines": 0, "num_statements": 13, "percent_covered": 0.0, "percent_covered_display": "0", "missing_lines": 13, "excluded_lines": 0}, "missing_lines": [849, 850, 853, 854, 857, 858, 859, 870, 872, 875, 877, 878, 879], "excluded_lines": []}, "CharacterArcManagerComponent._calculate_growth_potential": {"executed_lines": [], "summary": {"covered_lines": 0, "num_statements": 14, "percent_covered": 0.0, "percent_covered_display": "0", "missing_lines": 14, "excluded_lines": 0}, "missing_lines": [885, 886, 889, 892, 900, 902, 905, 906, 908, 910, 913, 915, 916, 917], "excluded_lines": []}, "CharacterArcManagerComponent._identify_therapeutic_opportunities": {"executed_lines": [], "summary": {"covered_lines": 0, "num_statements": 10, "percent_covered": 0.0, "percent_covered_display": "0", "missing_lines": 10, "excluded_lines": 0}, "missing_lines": [923, 924, 928, 929, 938, 940, 943, 945, 946, 947], "excluded_lines": []}, "CharacterArcManagerComponent._create_personality_model": {"executed_lines": [], "summary": {"covered_lines": 0, "num_statements": 10, "percent_covered": 0.0, "percent_covered_display": "0", "missing_lines": 10, "excluded_lines": 0}, "missing_lines": [953, 954, 964, 967, 974, 980, 983, 985, 986, 987], "excluded_lines": []}, "CharacterArcManagerComponent._generate_default_response": {"executed_lines": [], "summary": {"covered_lines": 0, "num_statements": 1, "percent_covered": 0.0, "percent_covered_display": "0", "missing_lines": 1, "excluded_lines": 0}, "missing_lines": [993], "excluded_lines": []}, "CharacterArcManagerComponent._update_personality_evolution": {"executed_lines": [], "summary": {"covered_lines": 0, "num_statements": 11, "percent_covered": 0.0, "percent_covered_display": "0", "missing_lines": 11, "excluded_lines": 0}, "missing_lines": [1028, 1030, 1032, 1033, 1035, 1036, 1037, 1038, 1042, 1046, 1047], "excluded_lines": []}, "CharacterArcManagerComponent._update_relationship_dynamics": {"executed_lines": [], "summary": {"covered_lines": 0, "num_statements": 17, "percent_covered": 0.0, "percent_covered_display": "0", "missing_lines": 17, "excluded_lines": 0}, "missing_lines": [1053, 1054, 1057, 1058, 1063, 1066, 1067, 1068, 1069, 1070, 1073, 1074, 1077, 1080, 1089, 1093, 1094], "excluded_lines": []}, "CharacterArcManagerComponent._check_milestone_progression": {"executed_lines": [], "summary": {"covered_lines": 0, "num_statements": 13, "percent_covered": 0.0, "percent_covered_display": "0", "missing_lines": 13, "excluded_lines": 0}, "missing_lines": [1100, 1101, 1103, 1104, 1105, 1108, 1112, 1117, 1118, 1120, 1122, 1123, 1124], "excluded_lines": []}, "CharacterArcManagerComponent._interaction_contributes_to_milestone": {"executed_lines": [], "summary": {"covered_lines": 0, "num_statements": 11, "percent_covered": 0.0, "percent_covered_display": "0", "missing_lines": 11, "excluded_lines": 0}, "missing_lines": [1130, 1132, 1133, 1136, 1137, 1140, 1141, 1143, 1145, 1146, 1147], "excluded_lines": []}, "CharacterArcManagerComponent._update_therapeutic_modeling": {"executed_lines": [], "summary": {"covered_lines": 0, "num_statements": 8, "percent_covered": 0.0, "percent_covered_display": "0", "missing_lines": 8, "excluded_lines": 0}, "missing_lines": [1153, 1154, 1156, 1157, 1160, 1164, 1168, 1169], "excluded_lines": []}, "CharacterArcManagerComponent._update_character_goals": {"executed_lines": [], "summary": {"covered_lines": 0, "num_statements": 9, "percent_covered": 0.0, "percent_covered_display": "0", "missing_lines": 9, "excluded_lines": 0}, "missing_lines": [1175, 1180, 1190, 1191, 1192, 1193, 1195, 1197, 1198], "excluded_lines": []}, "CharacterArcManagerComponent._generate_response_text": {"executed_lines": [], "summary": {"covered_lines": 0, "num_statements": 19, "percent_covered": 0.0, "percent_covered_display": "0", "missing_lines": 19, "excluded_lines": 0}, "missing_lines": [1207, 1211, 1214, 1215, 1216, 1217, 1218, 1219, 1220, 1221, 1222, 1223, 1224, 1225, 1227, 1229, 1231, 1232, 1233], "excluded_lines": []}, "CharacterArcManagerComponent._determine_emotional_tone": {"executed_lines": [], "summary": {"covered_lines": 0, "num_statements": 16, "percent_covered": 0.0, "percent_covered_display": "0", "missing_lines": 16, "excluded_lines": 0}, "missing_lines": [1239, 1241, 1244, 1245, 1246, 1247, 1248, 1249, 1250, 1251, 1252, 1253, 1254, 1256, 1257, 1258], "excluded_lines": []}, "CharacterArcManagerComponent._calculate_consistency_score": {"executed_lines": [], "summary": {"covered_lines": 0, "num_statements": 10, "percent_covered": 0.0, "percent_covered_display": "0", "missing_lines": 10, "excluded_lines": 0}, "missing_lines": [1267, 1271, 1274, 1284, 1285, 1286, 1288, 1290, 1291, 1292], "excluded_lines": []}, "CharacterArcManagerComponent._identify_response_therapeutic_modeling": {"executed_lines": [], "summary": {"covered_lines": 0, "num_statements": 14, "percent_covered": 0.0, "percent_covered_display": "0", "missing_lines": 14, "excluded_lines": 0}, "missing_lines": [1301, 1302, 1305, 1306, 1307, 1310, 1317, 1318, 1319, 1320, 1322, 1324, 1325, 1326], "excluded_lines": []}, "CharacterArcManagerComponent._calculate_relationship_impact": {"executed_lines": [], "summary": {"covered_lines": 0, "num_statements": 15, "percent_covered": 0.0, "percent_covered_display": "0", "missing_lines": 15, "excluded_lines": 0}, "missing_lines": [1335, 1336, 1339, 1347, 1349, 1352, 1357, 1358, 1363, 1364, 1370, 1376, 1378, 1379, 1380], "excluded_lines": []}, "CharacterArcManagerComponent._calculate_arc_progression": {"executed_lines": [], "summary": {"covered_lines": 0, "num_statements": 11, "percent_covered": 0.0, "percent_covered_display": "0", "missing_lines": 11, "excluded_lines": 0}, "missing_lines": [1389, 1391, 1394, 1404, 1407, 1410, 1411, 1413, 1415, 1416, 1417], "excluded_lines": []}, "CharacterArcManagerComponent._check_milestone_requirements": {"executed_lines": [], "summary": {"covered_lines": 0, "num_statements": 14, "percent_covered": 0.0, "percent_covered_display": "0", "missing_lines": 14, "excluded_lines": 0}, "missing_lines": [1423, 1425, 1426, 1428, 1431, 1434, 1435, 1438, 1439, 1440, 1442, 1444, 1445, 1446], "excluded_lines": []}, "CharacterArcManagerComponent._is_requirement_satisfied": {"executed_lines": [], "summary": {"covered_lines": 0, "num_statements": 12, "percent_covered": 0.0, "percent_covered_display": "0", "missing_lines": 12, "excluded_lines": 0}, "missing_lines": [1452, 1456, 1457, 1458, 1459, 1460, 1461, 1462, 1466, 1468, 1469, 1470], "excluded_lines": []}, "CharacterArcManagerComponent._get_missing_requirements": {"executed_lines": [], "summary": {"covered_lines": 0, "num_statements": 9, "percent_covered": 0.0, "percent_covered_display": "0", "missing_lines": 9, "excluded_lines": 0}, "missing_lines": [1476, 1477, 1479, 1480, 1481, 1483, 1485, 1486, 1487], "excluded_lines": []}, "CharacterArcManagerComponent._apply_milestone_resolution": {"executed_lines": [], "summary": {"covered_lines": 0, "num_statements": 18, "percent_covered": 0.0, "percent_covered_display": "0", "missing_lines": 18, "excluded_lines": 0}, "missing_lines": [1493, 1494, 1501, 1502, 1504, 1505, 1506, 1507, 1508, 1511, 1512, 1514, 1515, 1516, 1520, 1522, 1523, 1524], "excluded_lines": []}, "CharacterArcManagerComponent._determine_next_stage": {"executed_lines": [], "summary": {"covered_lines": 0, "num_statements": 13, "percent_covered": 0.0, "percent_covered_display": "0", "missing_lines": 13, "excluded_lines": 0}, "missing_lines": [1534, 1535, 1538, 1543, 1548, 1549, 1550, 1551, 1552, 1554, 1556, 1557, 1558], "excluded_lines": []}, "CharacterArcManagerComponent._generate_next_milestones": {"executed_lines": [], "summary": {"covered_lines": 0, "num_statements": 9, "percent_covered": 0.0, "percent_covered_display": "0", "missing_lines": 9, "excluded_lines": 0}, "missing_lines": [1564, 1565, 1568, 1570, 1579, 1583, 1585, 1586, 1587], "excluded_lines": []}, "CharacterArcManagerComponent._update_therapeutic_modeling_from_milestone": {"executed_lines": [], "summary": {"covered_lines": 0, "num_statements": 11, "percent_covered": 0.0, "percent_covered_display": "0", "missing_lines": 11, "excluded_lines": 0}, "missing_lines": [1593, 1595, 1596, 1597, 1598, 1601, 1606, 1609, 1611, 1615, 1616], "excluded_lines": []}, "": {"executed_lines": [], "summary": {"covered_lines": 0, "num_statements": 167, "percent_covered": 0.0, "percent_covered_display": "0", "missing_lines": 167, "excluded_lines": 0}, "missing_lines": [16, 17, 18, 19, 20, 21, 23, 25, 28, 29, 31, 32, 33, 34, 35, 38, 41, 42, 43, 44, 45, 46, 47, 50, 53, 54, 55, 56, 57, 58, 59, 60, 61, 64, 65, 68, 69, 70, 71, 72, 73, 74, 75, 76, 77, 78, 81, 82, 85, 86, 87, 88, 89, 90, 91, 92, 93, 94, 95, 98, 99, 102, 103, 104, 105, 106, 107, 108, 109, 112, 113, 116, 117, 118, 119, 120, 121, 122, 123, 124, 125, 126, 127, 128, 129, 130, 133, 134, 137, 138, 139, 140, 141, 142, 143, 144, 145, 146, 149, 150, 153, 154, 155, 156, 157, 158, 159, 160, 161, 162, 163, 166, 167, 170, 171, 172, 173, 174, 175, 176, 177, 178, 179, 182, 190, 235, 264, 288, 352, 413, 491, 588, 592, 596, 601, 608, 631, 654, 682, 703, 738, 788, 801, 845, 881, 919, 949, 989, 1024, 1049, 1096, 1126, 1149, 1171, 1200, 1235, 1260, 1294, 1328, 1382, 1419, 1448, 1472, 1489, 1530, 1560, 1589], "excluded_lines": []}}, "classes": {"ArcStage": {"executed_lines": [], "summary": {"covered_lines": 0, "num_statements": 0, "percent_covered": 100.0, "percent_covered_display": "100", "missing_lines": 0, "excluded_lines": 0}, "missing_lines": [], "excluded_lines": []}, "RelationshipType": {"executed_lines": [], "summary": {"covered_lines": 0, "num_statements": 0, "percent_covered": 100.0, "percent_covered_display": "100", "missing_lines": 0, "excluded_lines": 0}, "missing_lines": [], "excluded_lines": []}, "ArcMilestone": {"executed_lines": [], "summary": {"covered_lines": 0, "num_statements": 0, "percent_covered": 100.0, "percent_covered_display": "100", "missing_lines": 0, "excluded_lines": 0}, "missing_lines": [], "excluded_lines": []}, "RelationshipState": {"executed_lines": [], "summary": {"covered_lines": 0, "num_statements": 0, "percent_covered": 100.0, "percent_covered_display": "100", "missing_lines": 0, "excluded_lines": 0}, "missing_lines": [], "excluded_lines": []}, "TherapeuticConcept": {"executed_lines": [], "summary": {"covered_lines": 0, "num_statements": 0, "percent_covered": 100.0, "p
[...]
tements": 2, "percent_covered": 0.0, "percent_covered_display": "0", "missing_lines": 2, "excluded_lines": 0}, "missing_lines": [1217, 1221], "excluded_lines": []}, "": {"executed_lines": [], "summary": {"covered_lines": 0, "num_statements": 119, "percent_covered": 0.0, "percent_covered_display": "0", "missing_lines": 119, "excluded_lines": 0}, "missing_lines": [9, 10, 11, 12, 13, 14, 15, 17, 20, 23, 24, 25, 26, 27, 30, 33, 34, 35, 36, 37, 38, 41, 44, 45, 46, 47, 48, 49, 50, 51, 54, 55, 58, 59, 60, 63, 64, 65, 66, 67, 70, 71, 72, 73, 76, 77, 80, 81, 84, 85, 86, 89, 90, 91, 94, 95, 96, 99, 100, 101, 102, 105, 106, 107, 110, 111, 114, 115, 118, 119, 122, 125, 128, 129, 130, 131, 132, 133, 136, 139, 140, 143, 144, 145, 148, 149, 150, 151, 154, 155, 156, 157, 158, 161, 162, 163, 164, 167, 173, 215, 220, 239, 323, 384, 483, 593, 673, 763, 802, 834, 876, 926, 971, 1006, 1058, 1113, 1134, 1175, 1214], "excluded_lines": []}}, "classes": {"ExplorationMode": {"executed_lines": [], "summary": {"covered_lines": 0, "num_statements": 0, "percent_covered": 100.0, "percent_covered_display": "100", "missing_lines": 0, "excluded_lines": 0}, "missing_lines": [], "excluded_lines": []}, "PathType": {"executed_lines": [], "summary": {"covered_lines": 0, "num_statements": 0, "percent_covered": 100.0, "percent_covered_display": "100", "missing_lines": 0, "excluded_lines": 0}, "missing_lines": [], "excluded_lines": []}, "ComparisonMetric": {"executed_lines": [], "summary": {"covered_lines": 0, "num_statements": 0, "percent_covered": 100.0, "percent_covered_display": "100", "missing_lines": 0, "excluded_lines": 0}, "missing_lines": [], "excluded_lines": []}, "ExplorationSnapshot": {"executed_lines": [], "summary": {"covered_lines": 0, "num_statements": 0, "percent_covered": 100.0, "percent_covered_display": "100", "missing_lines": 0, "excluded_lines": 0}, "missing_lines": [], "excluded_lines": []}, "AlternativePath": {"executed_lines": [], "summary": {"covered_lines": 0, "num_statements": 0, "percent_covered": 100.0, "percent_covered_display": "100", "missing_lines": 0, "excluded_lines": 0}, "missing_lines": [], "excluded_lines": []}, "PathComparison": {"executed_lines": [], "summary": {"covered_lines": 0, "num_statements": 0, "percent_covered": 100.0, "percent_covered_display": "100", "missing_lines": 0, "excluded_lines": 0}, "missing_lines": [], "excluded_lines": []}, "ExplorationSession": {"executed_lines": [], "summary": {"covered_lines": 0, "num_statements": 0, "percent_covered": 100.0, "percent_covered_display": "100", "missing_lines": 0, "excluded_lines": 0}, "missing_lines": [], "excluded_lines": []}, "TherapeuticReplayabilitySystem": {"executed_lines": [], "summary": {"covered_lines": 0, "num_statements": 381, "percent_covered": 0.0, "percent_covered_display": "0", "missing_lines": 381, "excluded_lines": 0}, "missing_lines": [175, 178, 179, 180, 181, 184, 185, 186, 189, 190, 191, 192, 193, 194, 197, 198, 199, 200, 205, 213, 218, 230, 231, 232, 233, 234, 235, 237, 261, 262, 265, 268, 292, 295, 296, 297, 300, 303, 305, 306, 311, 313, 314, 317, 344, 345, 348, 358, 361, 362, 363, 365, 366, 371, 373, 374, 377, 407, 408, 411, 412, 414, 415, 420, 430, 431, 434, 437, 440, 443, 448, 451, 452, 455, 456, 457, 460, 462, 463, 468, 470, 471, 476, 500, 501, 504, 505, 506, 509, 510, 511, 512, 513, 515, 517, 518, 521, 522, 530, 537, 542, 547, 548, 551, 554, 557, 560, 565, 568, 569, 572, 574, 575, 580, 582, 583, 586, 608, 609, 612, 613, 614, 617, 638, 639, 643, 645, 647, 656, 660, 662, 663, 664, 677, 678, 686, 687, 688, 689, 696, 701, 702, 703, 707, 708, 711, 712, 713, 719, 720, 723, 724, 727, 728, 729, 730, 738, 739, 742, 746, 749, 750, 752, 754, 755, 756, 767, 768, 770, 771, 773, 774, 775, 776, 778, 781, 782, 783, 786, 788, 789, 792, 796, 798, 799, 800, 806, 808, 810, 811, 812, 814, 815, 816, 817, 819, 822, 823, 825, 826, 828, 830, 831, 832, 838, 839, 842, 843, 844, 849, 850, 851, 853, 854, 855, 856, 861, 862, 863, 866, 867, 868, 870, 872, 873, 874, 880, 881, 884, 885, 886, 887, 889, 890, 894, 895, 900, 901, 902, 903, 906, 907, 911, 914, 915, 916, 920, 922, 923, 924, 930, 931, 934, 935, 936, 938, 939, 943, 945, 946, 951, 952, 953, 954, 955, 958, 960, 961, 965, 967, 968, 969, 975, 976, 977, 980, 981, 982, 983, 985, 986, 987, 988, 990, 991, 993, 994, 997, 998, 1000, 1002, 1003, 1004, 1010, 1011, 1012, 1014, 1018, 1019, 1021, 1026, 1027, 1030, 1031, 1034, 1035, 1040, 1041, 1044, 1045, 1047, 1048, 1052, 1054, 1055, 1056, 1062, 1063, 1066, 1067, 1072, 1073, 1074, 1079, 1080, 1081, 1082, 1083, 1084, 1086, 1087, 1092, 1093, 1095, 1096, 1101, 1102, 1103, 1107, 1109, 1110, 1111, 1117, 1120, 1126, 1127, 1128, 1136, 1137, 1140, 1142, 1143, 1144, 1145, 1146, 1148, 1151, 1152, 1153, 1154, 1155, 1158, 1161, 1163, 1164, 1165, 1166, 1168, 1169, 1170, 1172, 1173, 1177, 1179, 1191, 1193, 1207, 1208, 1209, 1217, 1221], "excluded_lines": []}, "": {"executed_lines": [], "summary": {"covered_lines": 0, "num_statements": 119, "percent_covered": 0.0, "percent_covered_display": "0", "missing_lines": 119, "excluded_lines": 0}, "missing_lines": [9, 10, 11, 12, 13, 14, 15, 17, 20, 23, 24, 25, 26, 27, 30, 33, 34, 35, 36, 37, 38, 41, 44, 45, 46, 47, 48, 49, 50, 51, 54, 55, 58, 59, 60, 63, 64, 65, 66, 67, 70, 71, 72, 73, 76, 77, 80, 81, 84, 85, 86, 89, 90, 91, 94, 95, 96, 99, 100, 101, 102, 105, 106, 107, 110, 111, 114, 115, 118, 119, 122, 125, 128, 129, 130, 131, 132, 133, 136, 139, 140, 143, 144, 145, 148, 149, 150, 151, 154, 155, 156, 157, 158, 161, 162, 163, 164, 167, 173, 215, 220, 239, 323, 384, 483, 593, 673, 763, 802, 834, 876, 926, 971, 1006, 1058, 1113, 1134, 1175, 1214], "excluded_lines": []}}}, "src/components/therapeutic_systems_enhanced/therapeutic_integration_system.py": {"executed_lines": [], "summary": {"covered_lines": 0, "num_statements": 319, "percent_covered": 0.0, "percent_covered_display": "0", "missing_lines": 319, "excluded_lines": 0}, "missing_lines": [9, 10, 11, 12, 13, 14, 16, 19, 22, 23, 24, 25, 26, 27, 28, 29, 30, 31, 34, 37, 38, 39, 40, 41, 42, 43, 44, 47, 50, 51, 52, 53, 54, 55, 56, 57, 58, 59, 62, 63, 66, 67, 68, 69, 70, 71, 72, 73, 74, 75, 76, 77, 80, 81, 84, 85, 86, 87, 88, 89, 90, 91, 92, 93, 94, 95, 96, 97, 98, 101, 102, 105, 106, 107, 108, 109, 110, 111, 112, 113, 114, 117, 123, 125, 128, 129, 130, 133, 134, 135, 138, 141, 144, 147, 152, 160, 162, 165, 167, 192, 193, 196, 205, 208, 209, 212, 213, 215, 216, 219, 222, 225, 227, 228, 233, 234, 237, 240, 241, 243, 245, 271, 272, 275, 278, 283, 301, 302, 303, 306, 307, 309, 310, 315, 317, 318, 321, 323, 327, 546, 550, 601, 603, 706, 715, 727, 728, 729, 731, 734, 737, 742, 743, 746, 749, 750, 753, 757, 759, 763, 765, 766, 769, 770, 771, 772, 775, 776, 777, 778, 781, 782, 786, 788, 791, 792, 793, 796, 797, 799, 804, 806, 808, 810, 818, 821, 822, 825, 830, 835, 839, 853, 858, 869, 870, 871, 874, 885, 887, 892, 893, 896, 897, 900, 911, 915, 919, 920, 921, 923, 924, 925, 926, 928, 930, 932, 939, 940, 942, 945, 946, 949, 950, 955, 956, 961, 962, 967, 968, 972, 974, 978, 986, 997, 998, 1000, 1002, 1006, 1007, 1010, 1011, 1012, 1013, 1017, 1019, 1027, 1030, 1031, 1033, 1034, 1039, 1044, 1045, 1050, 1055, 1060, 1061, 1062, 1064, 1066, 1073, 1074, 1076, 1081, 1082, 1086, 1087, 1095, 1101, 1103, 1107, 1108, 1110, 1112, 1113, 1114, 1115, 1117, 1119, 1120, 1123, 1125, 1127, 1131, 1137, 1138, 1139, 1141, 1142, 1143, 1144, 1145, 1146, 1148, 1150, 1154, 1160, 1161, 1168, 1169, 1175, 1177, 1181, 1199, 1203, 1239, 1241, 1242, 1259, 1260, 1261, 1266, 1269, 1272, 1276, 1277, 1278, 1283, 1285], "excluded_lines": [], "functions": {"TherapeuticIntegrationSystem.__init__": {"executed_lines": [], "summary": {"covered_lines": 0, "num_statements": 13, "percent_covered": 0.0, "percent_covered_display": "0", "missing_lines": 13, "excluded_lines": 0}, "missing_lines": [125, 128, 129, 130, 133, 134, 135, 138, 141, 144, 147, 152, 160], "excluded_lines": []}, "TherapeuticIntegrationSystem.initialize": {"executed_lines": [], "summary": {"covered_lines": 0, "num_statements": 1, "percent_covered": 0.0, "percent_covered_display": "0", "missing_lines": 1, "excluded_lines": 0}, "missing_lines": [165], "excluded_lines": []}, "TherapeuticIntegrationSystem.generate_personalized_recommendations": {"executed_lines": [], "summary": {"covered_lines": 0, "num_statements": 21, "percent_covered": 0.0, "percent_covered_display": "0", "missing_lines": 21, "excluded_lines": 0}, "missing_lines": [192, 193, 196, 205, 208, 209, 212, 213, 215, 216, 219, 222, 225, 227, 228, 233, 234, 237, 240, 241, 243], "excluded_lines": []}, "TherapeuticIntegrationSystem.create_therapeutic_scenario": {"executed_lines": [], "summary": {"covered_lines": 0, "num_statements": 16, "percent_covered": 0.0, "percent_covered_display": "0", "missing_lines": 16, "excluded_lines": 0}, "missing_lines": [271, 272, 275, 278, 283, 301, 302, 303, 306, 307, 309, 310, 315, 317, 318, 321], "excluded_lines": []}, "TherapeuticIntegrationSystem._initialize_framework_configurations": {"executed_lines": [], "summary": {"covered_lines": 0, "num_statements": 1, "percent_covered": 0.0, "percent_covered_display": "0", "missing_lines": 1, "excluded_lines": 0}, "missing_lines": [327], "excluded_lines": []}, "TherapeuticIntegrationSystem._initialize_integration_strategies": {"executed_lines": [], "summary": {"covered_lines": 0, "num_statements": 1, "percent_covered": 0.0, "percent_covered_display": "0", "missing_lines": 1, "excluded_lines": 0}, "missing_lines": [550], "excluded_lines": []}, "TherapeuticIntegrationSystem._initialize_scenario_templates": {"executed_lines": [], "summary": {"covered_lines": 0, "num_statements": 1, "percent_covered": 0.0, "percent_covered_display": "0", "missing_lines": 1, "excluded_lines": 0}, "missing_lines": [603], "excluded_lines": []}, "TherapeuticIntegrationSystem._analyze_user_context": {"executed_lines": [], "summary": {"covered_lines": 0, "num_statements": 14, "percent_covered": 0.0, "percent_covered_display": "0", "missing_lines": 14, "excluded_lines": 0}, "missing_lines": [715, 727, 728, 729, 731, 734, 737, 742, 743, 746, 749, 750, 753, 757], "excluded_lines": []}, "TherapeuticIntegrationSystem._calculate_framework_suitability": {"executed_lines": [], "summary": {"covered_lines": 0, "num_statements": 24, "percent_covered": 0.0, "percent_covered_display": "0", "missing_lines": 24, "excluded_lines": 0}, "missing_lines": [763, 765, 766, 769, 770, 771, 772, 775, 776, 777, 778, 781, 782, 786, 788, 791, 792, 793, 796, 797, 799, 804, 806, 808], "excluded_lines": []}, "TherapeuticIntegrationSystem._create_recommendation": {"executed_lines": [], "summary": {"covered_lines": 0, "num_statements": 7, "percent_covered": 0.0, "percent_covered_display": "0", "missing_lines": 7, "excluded_lines": 0}, "missing_lines": [818, 821, 822, 825, 830, 835, 839], "excluded_lines": []}, "TherapeuticIntegrationSystem._determine_scenario_type": {"executed_lines": [], "summary": {"covered_lines": 0, "num_statements": 6, "percent_covered": 0.0, "percent_covered_display": "0", "missing_lines": 6, "excluded_lines": 0}, "missing_lines": [858, 869, 870, 871, 874, 885], "excluded_lines": []}, "TherapeuticIntegrationSystem._determine_integration_strategy": {"executed_lines": [], "summary": {"covered_lines": 0, "num_statements": 6, "percent_covered": 0.0, "percent_covered_display": "0", "missing_lines": 6, "excluded_lines": 0}, "missing_lines": [892, 893, 896, 897, 900, 911], "excluded_lines": []}, "TherapeuticIntegrationSystem._calculate_character_alignment": {"executed_lines": [], "summary": {"covered_lines": 0, "num_statements": 9, "percent_covered": 0.0, "percent_covered_display": "0", "missing_lines": 9, "excluded_lines": 0}, "missing_lines": [919, 920, 921, 923, 924, 925, 926, 928, 930], "excluded_lines": []}, "TherapeuticIntegrationSystem._generate_recommendation_rationale": {"executed_lines": [], "summary": {"covered_lines": 0, "num_statements": 14, "percent_covered": 0.0, "percent_covered_display": "0", "missing_lines": 14, "excluded_lines": 0}, "missing_lines": [939, 940, 942, 945, 946, 949, 950, 955, 956, 961, 962, 967, 968, 972], "excluded_lines": []}, "TherapeuticIntegrationSystem._estimate_duration": {"executed_lines": [], "summary": {"covered_lines": 0, "num_statements": 5, "percent_covered": 0.0, "percent_covered_display": "0", "missing_lines": 5, "excluded_lines": 0}, "missing_lines": [978, 986, 997, 998, 1000], "excluded_lines": []}, "TherapeuticIntegrationSystem._get_scenario_template": {"executed_lines": [], "summary": {"covered_lines": 0, "num_statements": 7, "percent_covered": 0.0, "percent_covered_display": "0", "missing_lines": 7, "excluded_lines": 0}, "missing_lines": [1006, 1007, 1010, 1011, 1012, 1013, 1017], "excluded_lines": []}, "TherapeuticIntegrationSystem._personalize_scenario": {"executed_lines": [], "summary": {"covered_lines": 0, "num_statements": 14, "percent_covered": 0.0, "percent_covered_display": "0", "missing_lines": 14, "excluded_lines": 0}, "missing_lines": [1027, 1030, 1031, 1033, 1034, 1039, 1044, 1045, 1050, 1055, 1060, 1061, 1062, 1064], "excluded_lines": []}, "TherapeuticIntegrationSystem._create_narrative_context": {"executed_lines": [], "summary": {"covered_lines": 0, "num_statements": 9, "percent_covered": 0.0, "percent_covered_display": "0", "missing_lines": 9, "excluded_lines": 0}, "missing_lines": [1073, 1074, 1076, 1081, 1082, 1086, 1087, 1095, 1101], "excluded_lines": []}, "TherapeuticIntegrationSystem._adapt_practice_opportunities": {"executed_lines": [], "summary": {"covered_lines": 0, "num_statements": 12, "percent_covered": 0.0, "percent_covered_display": "0", "missing_lines": 12, "excluded_lines": 0}, "missing_lines": [1107, 1108, 1110, 1112, 1113, 1114, 1115, 1117, 1119, 1120, 1123, 1125], "excluded_lines": []}, "TherapeuticIntegrationSystem._create_character_involvement": {"executed_lines": [], "summary": {"covered_lines": 0, "num_statements": 11, "percent_covered": 0.0, "percent_covered_display": "0", "missing_lines": 11, "excluded_lines": 0}, "missing_lines": [1131, 1137, 1138, 1139, 1141, 1142, 1143, 1144, 1145, 1146, 1148], "excluded_lines": []}, "TherapeuticIntegrationSystem._create_success_criteria": {"executed_lines": [], "summary": {"covered_lines": 0, "num_statements": 6, "percent_covered": 0.0, "percent_covered_display": "0", "missing_lines": 6, "excluded_lines": 0}, "missing_lines": [1154, 1160, 1161, 1168, 1169, 1175], "excluded_lines": []}, "TherapeuticIntegrationSystem._create_fallback_recommendation": {"executed_lines": [], "summary": {"covered_lines": 0, "num_statements": 1, "percent_covered": 0.0, "percent_covered_display": "0", "missing_lines": 1, "excluded_lines": 0}, "missing_lines": [1181], "excluded_lines": []}, "TherapeuticIntegrationSystem._create_fallback_scenario": {"executed_lines": [], "summary": {"covered_lines": 0, "num_statements": 1, "percent_covered": 0.0, "percent_covered_display": "0", "missing_lines": 1, "excluded_lines": 0}, "missing_lines": [1203], "excluded_lines": []}, "TherapeuticIntegrationSystem.health_check": {"executed_lines": [], "summary": {"covered_lines": 0, "num_statements": 5, "percent_covered": 0.0, "percent_covered_display": "0", "missing_lines": 5, "excluded_lines": 0}, "missing_lines": [1241, 1242, 1259, 1260, 1261], "excluded_lines": []}, "TherapeuticIntegrationSystem.get_metrics": {"executed_lines": [], "summary": {"covered_lines": 0, "num_statements": 7, "percent_covered": 0.0, "percent_covered_display": "0", "missing_lines": 7, "excluded_lines": 0}, "missing_lines": [1269, 1272, 1276, 1277, 1278, 1283, 1285], "excluded_lines": []}, "": {"executed_lines": [], "summary": {"covered_lines": 0, "num_statements": 107, "percent_covered": 0.0, "percent_covered_display": "0", "missing_lines": 107, "excluded_lines": 0}, "missing_lines": [9, 10, 11, 12, 13, 14, 16, 19, 22, 23, 24, 25, 26, 27, 28, 29, 30, 31, 34, 37, 38, 39, 40, 41, 42, 43, 44, 47, 50, 51, 52, 53, 54, 55, 56, 57, 58, 59, 62, 63, 66, 67, 68, 69, 70, 71, 72, 73, 74, 75, 76, 77, 80, 81, 84, 85, 86, 87, 88, 89, 90, 91, 92, 93, 94, 95, 96, 97, 98, 101, 102, 105, 106, 107, 108, 109, 110, 111, 112, 113, 114, 117, 123, 162, 167, 245, 323, 546, 601, 706, 759, 810, 853, 887, 915, 932, 974, 1002, 1019, 1066, 1103, 1127, 1150, 1177, 1199, 1239, 1266], "excluded_lines": []}}, "classes": {"TherapeuticFramework": {"executed_lines": [], "summary": {"covered_lines": 0, "num_statements": 0, "percent_covered": 100.0, "percent_covered_display": "100", "missing_lines": 0, "excluded_lines": 0}, "missing_lines": [], "excluded_lines": []}, "IntegrationStrategy": {"executed_lines": [], "summary": {"covered_lines": 0, "num_statements": 0, "percent_covered": 100.0, "percent_covered_display": "100", "missing_lines": 0, "excluded_lines": 0}, "missing_lines": [], "excluded_lines": []}, "ScenarioType": {"executed_lines": [], "summary": {"covered_lines": 0, "num_statements": 0, "percent_covered": 100.0, "percent_covered_display": "100", "missing_lines": 0, "excluded_lines": 0}, "missing_lines": [], "excluded_lines": []}, "TherapeuticRecommendation": {"executed_lines": [], "summary": {"covered_lines": 0, "num_statements": 0, "percent_covered": 100.0, "percent_covered_display": "100", "missing_lines": 0, "excluded_lines": 0}, "missing_lines": [], "excluded_lines": []}, "TherapeuticScenario": {"executed_lines": [], "summary": {"covered_lines": 0, "num_statements": 0, "percent_covered": 100.0, "percent_covered_display": "100", "missing_lines": 0, "excluded_lines": 0}, "missing_lines": [], "excluded_lines": []}, "IntegrationSession": {"executed_lines": [], "summary": {"covered_lines": 0, "num_statements": 0, "percent_covered": 100.0, "percent_covered_display": "100", "missing_lines": 0, "excluded_lines": 0}, "missing_lines": [], "excluded_lines": []}, "TherapeuticIntegrationSystem": {"executed_lines": [], "summary": {"covered_lines": 0, "num_statements": 212, "percent_covered": 0.0, "percent_covered_display": "0", "missing_lines": 212, "excluded_lines": 0}, "missing_lines": [125, 128, 129, 130, 133, 134, 135, 138, 141, 144, 147, 152, 160, 165, 192, 193, 196, 205, 208, 209, 212, 213, 215, 216, 219, 222, 225, 227, 228, 233, 234, 237, 240, 241, 243, 271, 272, 275, 278, 283, 301, 302, 303, 306, 307, 309, 310, 315, 317, 318, 321, 327, 550, 603, 715, 727, 728, 729, 731, 734, 737, 742, 743, 746, 749, 750, 753, 757, 763, 765, 766, 769, 770, 771, 772, 775, 776, 777, 778, 781, 782, 786, 788, 791, 792, 793, 796, 797, 799, 804, 806, 808, 818, 821, 822, 825, 830, 835, 839, 858, 869, 870, 871, 874, 885, 892, 893, 896, 897, 900, 911, 919, 920, 921, 923, 924, 925, 926, 928, 930, 939, 940, 942, 945, 946, 949, 950, 955, 956, 961, 962, 967, 968, 972, 978, 986, 997, 998, 1000, 1006, 1007, 1010, 1011, 1012, 1013, 1017, 1027, 1030, 1031, 1033, 1034, 1039, 1044, 1045, 1050, 1055, 1060, 1061, 1062, 1064, 1073, 1074, 1076, 1081, 1082, 1086, 1087, 1095, 1101, 1107, 1108, 1110, 1112, 1113, 1114, 1115, 1117, 1119, 1120, 1123, 1125, 1131, 1137, 1138, 1139, 1141, 1142, 1143, 1144, 1145, 1146, 1148, 1154, 1160, 1161, 1168, 1169, 1175, 1181, 1203, 1241, 1242, 1259, 1260, 1261, 1269, 1272, 1276, 1277, 1278, 1283, 1285], "excluded_lines": []}, "": {"executed_lines": [], "summary": {"covered_lines": 0, "num_statements": 107, "percent_covered": 0.0, "percent_covered_display": "0", "missing_lines": 107, "excluded_lines": 0}, "missing_lines": [9, 10, 11, 12, 13, 14, 16, 19, 22, 23, 24, 25, 26, 27, 28, 29, 30, 31, 34, 37, 38, 39, 40, 41, 42, 43, 44, 47, 50, 51, 52, 53, 54, 55, 56, 57, 58, 59, 62, 63, 66, 67, 68, 69, 70, 71, 72, 73, 74, 75, 76, 77, 80, 81, 84, 85, 86, 87, 88, 89, 90, 91, 92, 93, 94, 95, 96, 97, 98, 101, 102, 105, 106, 107, 108, 109, 110, 111, 112, 113, 114, 117, 123, 162, 167, 245, 323, 546, 601, 706, 759, 810, 853, 887, 915, 932, 974, 1002, 1019, 1066, 1103, 1127, 1150, 1177, 1199, 1239, 1266], "excluded_lines": []}}}}, "totals": {"covered_lines": 0, "num_statements": 15849, "percent_covered": 0.0, "percent_covered_display": "0", "missing_lines": 15849, "excluded_lines": 2}}
